[INFO] Scanning for projects...
[INFO] ------------------------------------------------------------------------
[INFO] Reactor Build Order:
[INFO] 
[INFO] SonarJava
[INFO] SonarQube Java :: Maven model generator
[INFO] SonarQube Java :: Front-end
[INFO] SonarQube Java :: Check Test tool kit
[INFO] SonarQube Java :: Checks
[INFO] SonarQube Java :: External Reports Sensor
[INFO] SonarQube Java :: Surefire
[INFO] SonarQube Java :: JaCoCo
[INFO] SonarQube Java :: Plugin
[INFO] SonarQube Java :: JaCoCo Listeners
[INFO] SonarQube Java :: ITs
[INFO] SonarQube Java :: ITs :: Performancing
[INFO] SonarQube Java :: ITs :: Plugin
[INFO] SonarQube Java :: ITs :: Plugin :: Plugins
[INFO] SonarQube Java :: ITS :: Plugin :: Java Extension Plugin
[INFO] SonarQube Java :: ITs :: Plugin :: Tests
[INFO] SonarQube Java :: ITs :: Ruling
[INFO] SonarQube Java :: ITs :: Semantic
[INFO] SonarQube Java :: ITS :: Semantic :: Java Debugging Plugin
[INFO] SonarQube Java :: ITs :: Semantic :: Tests
[INFO]                                                                         
[INFO] ------------------------------------------------------------------------
[INFO] Building SonarJava 5.10.0-SNAPSHOT
[INFO] ------------------------------------------------------------------------
[INFO] 
[INFO] --- buildnumber-maven-plugin:1.4:create (default) @ java ---
[INFO] Executing: /bin/sh -c cd '/root/workspace/SonarSource/sonar-java/459794884' && 'git' 'rev-parse' '--verify' 'HEAD'
[INFO] Working directory: /root/workspace/SonarSource/sonar-java/459794884
[INFO] Storing buildNumber: 8d83150d3ac25a1aff0b84954ccf30f9e87c07b5 at timestamp: 1543312177934
[WARNING] Cannot get the branch information from the git repository: 
Detecting the current branch failed: fatal: ref HEAD is not a symbolic ref

[INFO] Executing: /bin/sh -c cd '/root/workspace/SonarSource/sonar-java/459794884' && 'git' 'rev-parse' '--verify' 'HEAD'
[INFO] Working directory: /root/workspace/SonarSource/sonar-java/459794884
[INFO] Storing buildScmBranch: UNKNOWN
[INFO] 
[INFO] --- maven-enforcer-plugin:3.0.0-M1:enforce (enforce) @ java ---
[INFO] Skipping Rule Enforcement.
[INFO] 
[INFO] --- license-maven-plugin:3.0:check (enforce-license-headers) @ java ---
[INFO] 
[INFO] --- beanshell-maven-plugin:1.4:run (compute-artifact-display-version) @ java ---
[INFO] Executing Script
[INFO] file class java.lang.Object
[INFO] script class java.lang.String
[INFO] evaluating script if (! "5.10.0-SNAPSHOT".endsWith("-SNAPSHOT")) { [+ 14 omitted line(s)]
[INFO]                                                                         
[INFO] ------------------------------------------------------------------------
[INFO] Building SonarQube Java :: Maven model generator 5.10.0-SNAPSHOT
[INFO] ------------------------------------------------------------------------
[INFO] 
[INFO] --- buildnumber-maven-plugin:1.4:create (default) @ java-maven-model ---
[INFO] 
[INFO] --- maven-enforcer-plugin:3.0.0-M1:enforce (enforce) @ java-maven-model ---
[INFO] Skipping Rule Enforcement.
[INFO] 
[INFO] --- license-maven-plugin:3.0:check (enforce-license-headers) @ java-maven-model ---
[INFO] 
[INFO] --- cxf-xjc-plugin:3.2.3:xsdtojava (generate-sources) @ java-maven-model ---
[INFO] 
[INFO] --- build-helper-maven-plugin:1.10:add-source (default) @ java-maven-model ---
[INFO] Source directory: /root/workspace/SonarSource/sonar-java/459794884/java-maven-model/target/generated-sources added.
[INFO] 
[INFO] --- beanshell-maven-plugin:1.4:run (compute-artifact-display-version) @ java-maven-model ---
[INFO] Executing Script
[INFO] file class java.lang.Object
[INFO] script class java.lang.String
[INFO] evaluating script if (! "5.10.0-SNAPSHOT".endsWith("-SNAPSHOT")) { [+ 14 omitted line(s)]
[INFO] 
[INFO] --- maven-resources-plugin:3.0.2:resources (default-resources) @ java-maven-model ---
[INFO] Using 'UTF-8' encoding to copy filtered resources.
[INFO] Copying 1 resource
[INFO] 
[INFO] --- maven-compiler-plugin:3.7.0:compile (default-compile) @ java-maven-model ---
[INFO] Nothing to compile - all classes are up to date
[INFO] 
[INFO] --- maven-resources-plugin:3.0.2:testResources (default-testResources) @ java-maven-model ---
[INFO] Using 'UTF-8' encoding to copy filtered resources.
[INFO] skip non existing resourceDirectory /root/workspace/SonarSource/sonar-java/459794884/java-maven-model/src/test/resources
[INFO] 
[INFO] --- maven-compiler-plugin:3.7.0:testCompile (default-testCompile) @ java-maven-model ---
[INFO] Nothing to compile - all classes are up to date
[INFO] 
[INFO] --- maven-surefire-plugin:2.22.0:test (default-test) @ java-maven-model ---
[INFO] Downloading: https://repo.maven.apache.org/maven2/org/apache/maven/surefire/surefire-junit4/2.22.0/surefire-junit4-2.22.0.pom
[INFO] Downloaded: https://repo.maven.apache.org/maven2/org/apache/maven/surefire/surefire-junit4/2.22.0/surefire-junit4-2.22.0.pom (4 KB at 7.2 KB/sec)
[INFO] Downloading: https://repo.maven.apache.org/maven2/org/apache/maven/surefire/surefire-providers/2.22.0/surefire-providers-2.22.0.pom
[INFO] Downloaded: https://repo.maven.apache.org/maven2/org/apache/maven/surefire/surefire-providers/2.22.0/surefire-providers-2.22.0.pom (3 KB at 65.7 KB/sec)
[INFO] Downloading: https://repo.maven.apache.org/maven2/org/apache/maven/surefire/surefire-junit4/2.22.0/surefire-junit4-2.22.0.jar
[INFO] Downloaded: https://repo.maven.apache.org/maven2/org/apache/maven/surefire/surefire-junit4/2.22.0/surefire-junit4-2.22.0.jar (83 KB at 1196.5 KB/sec)
[INFO] 
[INFO] -------------------------------------------------------
[INFO]  T E S T S
[INFO] -------------------------------------------------------
[INFO] Running org.sonar.maven.model.XmlLocationTest
[INFO] Tests run: 9, Failures: 0, Errors: 0, Skipped: 0, Time elapsed: 0.878 s - in org.sonar.maven.model.XmlLocationTest
[INFO] Running org.sonar.maven.model.LocatedAttributeAdapterTest
[INFO] Tests run: 2, Failures: 0, Errors: 0, Skipped: 0, Time elapsed: 0.158 s - in org.sonar.maven.model.LocatedAttributeAdapterTest
[INFO] 
[INFO] Results:
[INFO] 
[INFO] Tests run: 11, Failures: 0, Errors: 0, Skipped: 0
[INFO] 
[INFO]                                                                         
[INFO] ------------------------------------------------------------------------
[INFO] Building SonarQube Java :: Front-end 5.10.0-SNAPSHOT
[INFO] ------------------------------------------------------------------------
[INFO] 
[INFO] --- buildnumber-maven-plugin:1.4:create (default) @ java-frontend ---
[INFO] 
[INFO] --- maven-enforcer-plugin:3.0.0-M1:enforce (enforce) @ java-frontend ---
[INFO] Skipping Rule Enforcement.
[INFO] 
[INFO] --- license-maven-plugin:3.0:check (enforce-license-headers) @ java-frontend ---
[INFO] 
[INFO] --- beanshell-maven-plugin:1.4:run (compute-artifact-display-version) @ java-frontend ---
[INFO] Executing Script
[INFO] file class java.lang.Object
[INFO] script class java.lang.String
[INFO] evaluating script if (! "5.10.0-SNAPSHOT".endsWith("-SNAPSHOT")) { [+ 14 omitted line(s)]
[INFO] 
[INFO] --- maven-resources-plugin:3.0.2:resources (default-resources) @ java-frontend ---
[INFO] Using 'UTF-8' encoding to copy filtered resources.
[INFO] skip non existing resourceDirectory /root/workspace/SonarSource/sonar-java/459794884/java-frontend/src/main/resources
[INFO] 
[INFO] --- maven-compiler-plugin:3.7.0:compile (default-compile) @ java-frontend ---
[INFO] Nothing to compile - all classes are up to date
[INFO] 
[INFO] --- maven-dependency-plugin:3.0.2:unpack (unpack-test-projects) @ java-frontend ---
[INFO] Configured Artifact: commons-collections:commons-collections:sources:3.2.1:jar
[INFO] Configured Artifact: commons-collections:commons-collections:3.2.1:jar
[INFO] Configured Artifact: org.apache.struts:struts-core:sources:1.3.9:jar
[INFO] Configured Artifact: org.apache.struts:struts-core:1.3.9:jar
[INFO] commons-collections-3.2.1-sources.jar already unpacked.
[INFO] commons-collections-3.2.1.jar already unpacked.
[INFO] struts-core-1.3.9-sources.jar already unpacked.
[INFO] struts-core-1.3.9.jar already unpacked.
[INFO] 
[INFO] --- maven-resources-plugin:3.0.2:testResources (default-testResources) @ java-frontend ---
[INFO] Using 'UTF-8' encoding to copy filtered resources.
[INFO] Copying 17 resources
[INFO] 
[INFO] --- maven-compiler-plugin:3.7.0:testCompile (default-testCompile) @ java-frontend ---
[INFO] Nothing to compile - all classes are up to date
[INFO] 
[INFO] --- maven-dependency-plugin:3.0.2:copy (copy) @ java-frontend ---
[INFO] Configured Artifact: org.hibernate.javax.persistence:hibernate-jpa-2.0-api:1.0.1.Final:jar
[INFO] Configured Artifact: com.google.code.findbugs:jsr305:1.3.9:jar
[INFO] Configured Artifact: com.google.code.findbugs:annotations:3.0.0:jar
[INFO] Configured Artifact: org.jetbrains:annotations:13.0:jar
[INFO] Configured Artifact: org.projectlombok:lombok:1.16.4:jar
[INFO] Configured Artifact: org.eclipse.jdt:org.eclipse.jdt.annotation:2.1.100:jar
[INFO] Configured Artifact: org.springframework:spring-core:5.0.7.RELEASE:jar
[INFO] Configured Artifact: javax:javaee-api:7.0:jar
[INFO] Configured Artifact: org.apache.commons:commons-lang3:3.5:jar
[INFO] Configured Artifact: commons-lang:commons-lang:2.6:jar
[INFO] Configured Artifact: com.google.guava:guava:26.0-jre:jar
[INFO] Configured Artifact: org.checkerframework:checker-qual:2.5.2:jar
[INFO] Configured Artifact: org.checkerframework:checker-compat-qual:2.5.2:jar
[INFO] Configured Artifact: commons-collections:commons-collections:3.2.1:jar
[INFO] Configured Artifact: org.apache.commons:commons-collections4:4.1:jar
[INFO] Configured Artifact: org.apache.logging.log4j:log4j-core:2.3:jar
[INFO] Configured Artifact: org.springframework:spring-core:4.3.8.RELEASE:jar
[INFO] Configured Artifact: org.springframework:spring-jdbc:5.0.7.RELEASE:jar
[INFO] Configured Artifact: org.junit.jupiter:junit-jupiter-api:5.0.0-M4:jar
[INFO] Configured Artifact: org.aspectj:aspectjtools:1.8.10:jar
[INFO] Configured Artifact: javax:javaee-api:7.0:jar
[INFO] Configured Artifact: javax.servlet:javax.servlet-api:3.1.0:jar
[INFO] Configured Artifact: org.springframework:spring-web:5.0.4.RELEASE:jar
[INFO] Configured Artifact: org.springframework:spring-context:5.0.4.RELEASE:jar
[INFO] org.hibernate.javax.persistence:hibernate-jpa-2.0-api:1.0.1.Final:jar already exists in /root/workspace/SonarSource/sonar-java/459794884/java-frontend/target/test-jars
[INFO] com.google.code.findbugs:jsr305:1.3.9:jar already exists in /root/workspace/SonarSource/sonar-java/459794884/java-frontend/target/test-jars
[INFO] com.google.code.findbugs:annotations:3.0.0:jar already exists in /root/workspace/SonarSource/sonar-java/459794884/java-frontend/target/test-jars
[INFO] org.jetbrains:annotations:13.0:jar already exists in /root/workspace/SonarSource/sonar-java/459794884/java-frontend/target/test-jars
[INFO] org.projectlombok:lombok:1.16.4:jar already exists in /root/workspace/SonarSource/sonar-java/459794884/java-frontend/target/test-jars
[INFO] org.eclipse.jdt:org.eclipse.jdt.annotation:2.1.100:jar already exists in /root/workspace/SonarSource/sonar-java/459794884/java-frontend/target/test-jars
[INFO] org.springframework:spring-core:5.0.7.RELEASE:jar already exists in /root/workspace/SonarSource/sonar-java/459794884/java-frontend/target/test-jars
[INFO] javax:javaee-api:7.0:jar already exists in /root/workspace/SonarSource/sonar-java/459794884/java-frontend/target/test-jars
[INFO] org.apache.commons:commons-lang3:3.5:jar already exists in /root/workspace/SonarSource/sonar-java/459794884/java-frontend/target/test-jars
[INFO] commons-lang:commons-lang:2.6:jar already exists in /root/workspace/SonarSource/sonar-java/459794884/java-frontend/target/test-jars
[INFO] com.google.guava:guava:26.0-jre:jar already exists in /root/workspace/SonarSource/sonar-java/459794884/java-frontend/target/test-jars
[INFO] org.checkerframework:checker-qual:2.5.2:jar already exists in /root/workspace/SonarSource/sonar-java/459794884/java-frontend/target/test-jars
[INFO] org.checkerframework:checker-compat-qual:2.5.2:jar already exists in /root/workspace/SonarSource/sonar-java/459794884/java-frontend/target/test-jars
[INFO] commons-collections:commons-collections:3.2.1:jar already exists in /root/workspace/SonarSource/sonar-java/459794884/java-frontend/target/test-jars
[INFO] org.apache.commons:commons-collections4:4.1:jar already exists in /root/workspace/SonarSource/sonar-java/459794884/java-frontend/target/test-jars
[INFO] org.apache.logging.log4j:log4j-core:2.3:jar already exists in /root/workspace/SonarSource/sonar-java/459794884/java-frontend/target/test-jars
[INFO] org.springframework:spring-core:4.3.8.RELEASE:jar already exists in /root/workspace/SonarSource/sonar-java/459794884/java-frontend/target/test-jars
[INFO] org.springframework:spring-jdbc:5.0.7.RELEASE:jar already exists in /root/workspace/SonarSource/sonar-java/459794884/java-frontend/target/test-jars
[INFO] org.junit.jupiter:junit-jupiter-api:5.0.0-M4:jar already exists in /root/workspace/SonarSource/sonar-java/459794884/java-frontend/target/test-jars
[INFO] org.aspectj:aspectjtools:1.8.10:jar already exists in /root/workspace/SonarSource/sonar-java/459794884/java-frontend/target/test-jars
[INFO] javax:javaee-api:7.0:jar already exists in /root/workspace/SonarSource/sonar-java/459794884/java-frontend/target/test-jars
[INFO] javax.servlet:javax.servlet-api:3.1.0:jar already exists in /root/workspace/SonarSource/sonar-java/459794884/java-frontend/target/test-jars
[INFO] org.springframework:spring-web:5.0.4.RELEASE:jar already exists in /root/workspace/SonarSource/sonar-java/459794884/java-frontend/target/test-jars
[INFO] org.springframework:spring-context:5.0.4.RELEASE:jar already exists in /root/workspace/SonarSource/sonar-java/459794884/java-frontend/target/test-jars
[INFO] 
[INFO] --- maven-surefire-plugin:2.22.0:test (default-test) @ java-frontend ---
[INFO] 
[INFO] -------------------------------------------------------
[INFO]  T E S T S
[INFO] -------------------------------------------------------
[INFO] Running org.sonar.java.model.KindMapsTest
[INFO] Tests run: 6, Failures: 0, Errors: 0, Skipped: 0, Time elapsed: 0.3 s - in org.sonar.java.model.KindMapsTest
[INFO] Running org.sonar.java.ast.parser.grammar.moduledirectives.ExportsDirectiveTest
[INFO] Tests run: 1, Failures: 0, Errors: 0, Skipped: 0, Time elapsed: 0.816 s - in org.sonar.java.ast.parser.grammar.moduledirectives.ExportsDirectiveTest
[INFO] Running org.sonar.java.resolve.LeastUpperBoundTest
[INFO] Tests run: 19, Failures: 0, Errors: 0, Skipped: 0, Time elapsed: 1.963 s - in org.sonar.java.resolve.LeastUpperBoundTest
[INFO] Running org.sonar.java.xml.maven.PomCheckContextImplTest
[INFO] Tests run: 6, Failures: 0, Errors: 0, Skipped: 0, Time elapsed: 2.208 s - in org.sonar.java.xml.maven.PomCheckContextImplTest
[INFO] Running org.sonar.java.resolve.BytecodeCompleterTest
[INFO] Tests run: 44, Failures: 0, Errors: 0, Skipped: 0, Time elapsed: 0.602 s - in org.sonar.java.resolve.BytecodeCompleterTest
[INFO] Running org.sonar.plugins.java.api.LocationTest
[INFO] Tests run: 3, Failures: 0, Errors: 0, Skipped: 0, Time elapsed: 0.021 s - in org.sonar.plugins.java.api.LocationTest
[INFO] Running org.sonar.java.resolve.FlagsTest
[INFO] Tests run: 2, Failures: 0, Errors: 0, Skipped: 0, Time elapsed: 0.001 s - in org.sonar.java.resolve.FlagsTest
[INFO] Running org.sonar.java.resolve.TypeAndReferenceSolverTest
[INFO] Tests run: 37, Failures: 0, Errors: 0, Skipped: 0, Time elapsed: 4.901 s - in org.sonar.java.resolve.TypeAndReferenceSolverTest
[INFO] Running org.sonar.java.ast.api.JavaTokenTypeTest
[INFO] Tests run: 1, Failures: 0, Errors: 0, Skipped: 0, Time elapsed: 0 s - in org.sonar.java.ast.api.JavaTokenTypeTest
[INFO] Running org.sonar.java.se.checks.NoWayOutLoopCheckTest
[INFO] Tests run: 1, Failures: 0, Errors: 0, Skipped: 0, Time elapsed: 1.146 s - in org.sonar.java.se.checks.NoWayOutLoopCheckTest
[INFO] Running org.sonar.java.se.checks.StreamNotConsumedCheckTest
[INFO] Tests run: 1, Failures: 0, Errors: 0, Skipped: 0, Time elapsed: 0.451 s - in org.sonar.java.se.checks.StreamNotConsumedCheckTest
[INFO] Running org.sonar.java.se.checks.ObjectOutputStreamCheckTest
[INFO] Tests run: 1, Failures: 0, Errors: 0, Skipped: 0, Time elapsed: 0.164 s - in org.sonar.java.se.checks.ObjectOutputStreamCheckTest
[INFO] Running org.sonar.java.model.SyntacticEquivalenceTest
[INFO] Tests run: 5, Failures: 0, Errors: 0, Skipped: 0, Time elapsed: 0.037 s - in org.sonar.java.model.SyntacticEquivalenceTest
[INFO] Running org.sonar.java.MeasurerTest
[INFO] Tests run: 9, Failures: 0, Errors: 0, Skipped: 0, Time elapsed: 0.49 s - in org.sonar.java.MeasurerTest
[INFO] Running org.sonar.java.ast.parser.grammar.types.BoundTest
[INFO] Tests run: 1, Failures: 0, Errors: 0, Skipped: 0, Time elapsed: 0.002 s - in org.sonar.java.ast.parser.grammar.types.BoundTest
[INFO] Running org.sonar.java.JavaIssueTest
[INFO] Tests run: 2, Failures: 0, Errors: 0, Skipped: 0, Time elapsed: 0.097 s - in org.sonar.java.JavaIssueTest
[INFO] Running org.sonar.java.bytecode.cfg.InstructionsTest
[INFO] Tests run: 1, Failures: 0, Errors: 0, Skipped: 0, Time elapsed: 0.009 s - in org.sonar.java.bytecode.cfg.InstructionsTest
[INFO] Running org.sonar.java.se.LearnedConstraintTest
[INFO] Tests run: 1, Failures: 0, Errors: 0, Skipped: 0, Time elapsed: 0.004 s - in org.sonar.java.se.LearnedConstraintTest
[INFO] Running org.sonar.java.matcher.MethodMatcherFactoryTest
[INFO] Tests run: 4, Failures: 0, Errors: 0, Skipped: 0, Time elapsed: 0.147 s - in org.sonar.java.matcher.MethodMatcherFactoryTest
[INFO] Running org.sonar.java.ast.parser.grammar.types.ModifiersTest
[INFO] Tests run: 1, Failures: 0, Errors: 0, Skipped: 0, Time elapsed: 0.004 s - in org.sonar.java.ast.parser.grammar.types.ModifiersTest
[INFO] Running org.sonar.java.ast.parser.grammar.statements.ForStatementTest
[INFO] Tests run: 1, Failures: 0, Errors: 0, Skipped: 0, Time elapsed: 0.006 s - in org.sonar.java.ast.parser.grammar.statements.ForStatementTest
[INFO] Running org.sonar.java.ast.parser.grammar.parameters.FormalParameterDeclsRestTest
[INFO] Tests run: 2, Failures: 0, Errors: 0, Skipped: 0, Time elapsed: 0.008 s - in org.sonar.java.ast.parser.grammar.parameters.FormalParameterDeclsRestTest
[INFO] Running org.sonar.java.ast.parser.grammar.statements.SwitchLabelTest
[INFO] Tests run: 1, Failures: 0, Errors: 0, Skipped: 0, Time elapsed: 0.004 s - in org.sonar.java.ast.parser.grammar.statements.SwitchLabelTest
[INFO] Running org.sonar.java.ast.parser.grammar.expressions.ExpressionTest
[INFO] Tests run: 3, Failures: 0, Errors: 0, Skipped: 0, Time elapsed: 0.024 s - in org.sonar.java.ast.parser.grammar.expressions.ExpressionTest
[INFO] Running org.sonar.java.ast.parser.grammar.literals.IdentifierTest
[INFO] Tests run: 1, Failures: 0, Errors: 0, Skipped: 0, Time elapsed: 0.001 s - in org.sonar.java.ast.parser.grammar.literals.IdentifierTest
[INFO] Running org.sonar.java.ast.parser.grammar.units.ModuleDeclarationTest
[INFO] Tests run: 1, Failures: 0, Errors: 0, Skipped: 0, Time elapsed: 0 s - in org.sonar.java.ast.parser.grammar.units.ModuleDeclarationTest
[INFO] Running org.sonar.java.UCFGJavaVisitorTest
[INFO] Tests run: 65, Failures: 0, Errors: 0, Skipped: 0, Time elapsed: 2.354 s - in org.sonar.java.UCFGJavaVisitorTest
[INFO] Running org.sonar.java.ast.visitors.SyntaxHighlighterVisitorTest
[INFO] Tests run: 7, Failures: 0, Errors: 0, Skipped: 0, Time elapsed: 0.53 s - in org.sonar.java.ast.visitors.SyntaxHighlighterVisitorTest
[INFO] Running org.sonar.java.model.TreeTokenCompletenessTest
[INFO] Tests run: 1, Failures: 0, Errors: 0, Skipped: 0, Time elapsed: 0.055 s - in org.sonar.java.model.TreeTokenCompletenessTest
[INFO] Running org.sonar.java.matcher.NameCriteriaTest
[INFO] Tests run: 3, Failures: 0, Errors: 0, Skipped: 0, Time elapsed: 0 s - in org.sonar.java.matcher.NameCriteriaTest
[INFO] Running org.sonar.java.matcher.MethodMatcherCollectionTest
[INFO] Tests run: 9, Failures: 0, Errors: 0, Skipped: 0, Time elapsed: 0.157 s - in org.sonar.java.matcher.MethodMatcherCollectionTest
[INFO] Running org.sonar.java.se.checks.MapComputeIfAbsentOrPresentCheckTest
[INFO] Tests run: 1, Failures: 0, Errors: 0, Skipped: 0, Time elapsed: 0.193 s - in org.sonar.java.se.checks.MapComputeIfAbsentOrPresentCheckTest
[INFO] Running org.sonar.java.cfg.CFGLoopTest
[INFO] Tests run: 14, Failures: 0, Errors: 0, Skipped: 0, Time elapsed: 0.021 s - in org.sonar.java.cfg.CFGLoopTest
[INFO] Running org.sonar.java.ast.parser.grammar.statements.VariableDeclaratorTest
[INFO] Tests run: 2, Failures: 0, Errors: 0, Skipped: 0, Time elapsed: 0.007 s - in org.sonar.java.ast.parser.grammar.statements.VariableDeclaratorTest
[INFO] Running org.sonar.java.resolve.SymbolsTest
[INFO] Tests run: 4, Failures: 0, Errors: 0, Skipped: 0, Time elapsed: 0.004 s - in org.sonar.java.resolve.SymbolsTest
[INFO] Running org.sonar.java.se.checks.debug.DebugMethodYieldsOnInvocationsCheckTest
[INFO] Tests run: 2, Failures: 0, Errors: 0, Skipped: 0, Time elapsed: 0.149 s - in org.sonar.java.se.checks.debug.DebugMethodYieldsOnInvocationsCheckTest
[INFO] Running org.sonar.java.bytecode.se.BytecodeEGWalkerTest
[INFO] Tests run: 18, Failures: 0, Errors: 0, Skipped: 0, Time elapsed: 2.151 s - in org.sonar.java.bytecode.se.BytecodeEGWalkerTest
[INFO] Running org.sonar.java.se.xproc.HappyPathYieldTest
[INFO] Tests run: 3, Failures: 0, Errors: 0, Skipped: 0, Time elapsed: 0.028 s - in org.sonar.java.se.xproc.HappyPathYieldTest
[INFO] Running org.sonar.java.bytecode.loader.SquidClassLoaderTest
[INFO] Tests run: 16, Failures: 0, Errors: 0, Skipped: 0, Time elapsed: 0.036 s - in org.sonar.java.bytecode.loader.SquidClassLoaderTest
[INFO] Running org.sonar.java.model.DefaultJavaFileScannerContextTest
[INFO] Tests run: 21, Failures: 0, Errors: 0, Skipped: 0, Time elapsed: 0.146 s - in org.sonar.java.model.DefaultJavaFileScannerContextTest
[INFO] Running org.sonar.java.xml.XmlParserTest
[INFO] Tests run: 8, Failures: 0, Errors: 0, Skipped: 0, Time elapsed: 0.148 s - in org.sonar.java.xml.XmlParserTest
[INFO] Running org.sonar.java.se.checks.debug.DebugMethodYieldsCheckTest
[INFO] Tests run: 2, Failures: 0, Errors: 0, Skipped: 0, Time elapsed: 0.081 s - in org.sonar.java.se.checks.debug.DebugMethodYieldsCheckTest
[INFO] Running org.sonar.java.bytecode.loader.FileSystemLoaderTest
[INFO] Tests run: 4, Failures: 0, Errors: 0, Skipped: 0, Time elapsed: 0.002 s - in org.sonar.java.bytecode.loader.FileSystemLoaderTest
[INFO] Running org.sonar.java.se.ExplodedGraphWalkerTest
[INFO] Tests run: 32, Failures: 0, Errors: 0, Skipped: 0, Time elapsed: 18.752 s - in org.sonar.java.se.ExplodedGraphWalkerTest
[INFO] Running org.sonar.java.ast.parser.grammar.types.TypeArgumentTest
[INFO] Tests run: 1, Failures: 0, Errors: 0, Skipped: 0, Time elapsed: 0.002 s - in org.sonar.java.ast.parser.grammar.types.TypeArgumentTest
[INFO] Running org.sonar.java.se.checks.DivisionByZeroCheckTest
[INFO] Tests run: 3, Failures: 0, Errors: 0, Skipped: 0, Time elapsed: 0.177 s - in org.sonar.java.se.checks.DivisionByZeroCheckTest
[INFO] Running org.sonar.java.se.checks.FlowComputationTest
[INFO] Tests run: 18, Failures: 0, Errors: 0, Skipped: 0, Time elapsed: 1.01 s - in org.sonar.java.se.checks.FlowComputationTest
[INFO] Running org.sonar.java.resolve.MethodJavaSymbolTest
[INFO] Tests run: 5, Failures: 0, Errors: 0, Skipped: 0, Time elapsed: 0.098 s - in org.sonar.java.resolve.MethodJavaSymbolTest
[INFO] Running org.sonar.java.resolve.TypesTest
[INFO] Tests run: 2, Failures: 0, Errors: 0, Skipped: 0, Time elapsed: 0.002 s - in org.sonar.java.resolve.TypesTest
[INFO] Running org.sonar.java.model.TestDefaultJavaFileScannerContextWithSensorContextTester
[INFO] Tests run: 3, Failures: 0, Errors: 0, Skipped: 0, Time elapsed: 0.069 s - in org.sonar.java.model.TestDefaultJavaFileScannerContextWithSensorContextTester
[INFO] Running org.sonar.java.ast.parser.grammar.statements.LocalVariableDeclarationStatementTest
[INFO] Tests run: 1, Failures: 0, Errors: 0, Skipped: 0, Time elapsed: 0.004 s - in org.sonar.java.ast.parser.grammar.statements.LocalVariableDeclarationStatementTest
[INFO] Running org.sonar.java.se.ExceptionUtilsTest
[INFO] Tests run: 1, Failures: 0, Errors: 0, Skipped: 0, Time elapsed: 0.026 s - in org.sonar.java.se.ExceptionUtilsTest
[INFO] Running org.sonar.java.ast.parser.grammar.literals.RestrictedKeywordTest
[INFO] Tests run: 1, Failures: 0, Errors: 0, Skipped: 0, Time elapsed: 0 s - in org.sonar.java.ast.parser.grammar.literals.RestrictedKeywordTest
[INFO] Running org.sonar.java.resolve.ImportResolutionTest
[INFO] Tests run: 12, Failures: 0, Errors: 0, Skipped: 0, Time elapsed: 0.774 s - in org.sonar.java.resolve.ImportResolutionTest
[INFO] Running org.sonar.java.resolve.Java10SemanticTest
[INFO] Tests run: 14, Failures: 0, Errors: 0, Skipped: 0, Time elapsed: 0.258 s - in org.sonar.java.resolve.Java10SemanticTest
[INFO] Running org.sonar.java.ast.parser.ListTreeImplTest
[INFO] Tests run: 2, Failures: 0, Errors: 0, Skipped: 0, Time elapsed: 0.002 s - in org.sonar.java.ast.parser.ListTreeImplTest
[INFO] Running org.sonar.java.ast.parser.grammar.parameters.FormalParametersTest
[INFO] Tests run: 1, Failures: 0, Errors: 0, Skipped: 0, Time elapsed: 0 s - in org.sonar.java.ast.parser.grammar.parameters.FormalParametersTest
[INFO] Running org.sonar.java.ast.parser.grammar.CornerCasesTest
[INFO] Tests run: 1, Failures: 0, Errors: 0, Skipped: 0, Time elapsed: 0.056 s - in org.sonar.java.ast.parser.grammar.CornerCasesTest
[INFO] Running org.sonar.java.se.SymbolicValueFactoryTest
[INFO] Tests run: 1, Failures: 0, Errors: 0, Skipped: 0, Time elapsed: 0 s - in org.sonar.java.se.SymbolicValueFactoryTest
[INFO] Running org.sonar.java.se.constraint.ConstraintsByDomainTest
[INFO] Tests run: 9, Failures: 0, Errors: 0, Skipped: 0, Time elapsed: 0 s - in org.sonar.java.se.constraint.ConstraintsByDomainTest
[INFO] Running org.sonar.java.bytecode.se.BytecodeSECheckTest
[INFO] Tests run: 6, Failures: 0, Errors: 0, Skipped: 0, Time elapsed: 0.048 s - in org.sonar.java.bytecode.se.BytecodeSECheckTest
[INFO] Running org.sonar.java.ast.parser.grammar.literals.CharacterLiteralTest
[INFO] Tests run: 1, Failures: 0, Errors: 0, Skipped: 0, Time elapsed: 0.001 s - in org.sonar.java.ast.parser.grammar.literals.CharacterLiteralTest
[INFO] Running org.sonar.java.xml.XmlAnalyzerTest
[INFO] Tests run: 11, Failures: 0, Errors: 0, Skipped: 0, Time elapsed: 1.467 s - in org.sonar.java.xml.XmlAnalyzerTest
[INFO] Running org.sonar.java.ast.visitors.SonarSymbolTableVisitorTest
[INFO] Tests run: 1, Failures: 0, Errors: 0, Skipped: 0, Time elapsed: 0.038 s - in org.sonar.java.ast.visitors.SonarSymbolTableVisitorTest
[INFO] Running org.sonar.java.model.declaration.MethodTreeImplTest
[INFO] Tests run: 16, Failures: 0, Errors: 0, Skipped: 0, Time elapsed: 0.628 s - in org.sonar.java.model.declaration.MethodTreeImplTest
[INFO] Running org.sonar.java.JavaFilesCacheTest
[INFO] Tests run: 1, Failures: 0, Errors: 0, Skipped: 0, Time elapsed: 0.023 s - in org.sonar.java.JavaFilesCacheTest
[INFO] Running org.sonar.java.ast.parser.grammar.statements.BlockStatementsTest
[INFO] Tests run: 1, Failures: 0, Errors: 0, Skipped: 0, Time elapsed: 0.003 s - in org.sonar.java.ast.parser.grammar.statements.BlockStatementsTest
[INFO] Running org.sonar.java.ast.parser.grammar.statements.IfStatementTest
[INFO] Tests run: 1, Failures: 0, Errors: 0, Skipped: 0, Time elapsed: 0.001 s - in org.sonar.java.ast.parser.grammar.statements.IfStatementTest
[INFO] Running org.sonar.java.CommonsCollectionsTest
[INFO] Tests run: 1, Failures: 0, Errors: 0, Skipped: 0, Time elapsed: 6.946 s - in org.sonar.java.CommonsCollectionsTest
[INFO] Running org.sonar.java.ast.parser.grammar.expressions.RelationalExpressionTest
[INFO] Tests run: 1, Failures: 0, Errors: 0, Skipped: 0, Time elapsed: 0.001 s - in org.sonar.java.ast.parser.grammar.expressions.RelationalExpressionTest
[INFO] Running org.sonar.java.se.NullableAnnotationUtilsTest
[INFO] Tests run: 5, Failures: 0, Errors: 0, Skipped: 0, Time elapsed: 0.226 s - in org.sonar.java.se.NullableAnnotationUtilsTest
[INFO] Running org.sonar.java.se.CheckerDispatcherTest
[INFO] Tests run: 1, Failures: 0, Errors: 0, Skipped: 0, Time elapsed: 0.18 s - in org.sonar.java.se.CheckerDispatcherTest
[INFO] Running org.sonar.java.se.ProgramStateTest
[INFO] Tests run: 14, Failures: 0, Errors: 0, Skipped: 0, Time elapsed: 0.114 s - in org.sonar.java.se.ProgramStateTest
[INFO] Running org.sonar.java.collections.SinglyLinkedListTest
[INFO] Tests run: 8, Failures: 0, Errors: 0, Skipped: 0, Time elapsed: 0.004 s - in org.sonar.java.collections.SinglyLinkedListTest
[INFO] Running org.sonar.java.ast.parser.grammar.statements.ResourceTest
[INFO] Tests run: 2, Failures: 0, Errors: 0, Skipped: 0, Time elapsed: 0.014 s - in org.sonar.java.ast.parser.grammar.statements.ResourceTest
[INFO] Running org.sonar.java.bytecode.se.BytecodeEGWalkerExecuteTest
[INFO] Tests run: 73, Failures: 0, Errors: 0, Skipped: 0, Time elapsed: 0.809 s - in org.sonar.java.bytecode.se.BytecodeEGWalkerExecuteTest
[INFO] Running org.sonar.java.model.VisitorsBridgeForTestsTest
[INFO] Tests run: 2, Failures: 0, Errors: 0, Skipped: 0, Time elapsed: 0.015 s - in org.sonar.java.model.VisitorsBridgeForTestsTest
[INFO] Running org.sonar.java.se.checks.OptionalGetBeforeIsPresentCheckTest
[INFO] Tests run: 2, Failures: 0, Errors: 0, Skipped: 0, Time elapsed: 0.215 s - in org.sonar.java.se.checks.OptionalGetBeforeIsPresentCheckTest
[INFO] Running org.sonar.java.model.declaration.ModuleDeclarationTreeImplTest
[INFO] Tests run: 3, Failures: 0, Errors: 0, Skipped: 0, Time elapsed: 0.018 s - in org.sonar.java.model.declaration.ModuleDeclarationTreeImplTest
[INFO] Running org.sonar.java.model.JavaVersionImplTest
[INFO] Tests run: 8, Failures: 0, Errors: 0, Skipped: 0, Time elapsed: 0.002 s - in org.sonar.java.model.JavaVersionImplTest
[INFO] Running org.sonar.java.resolve.ScopeTest
[INFO] Tests run: 5, Failures: 0, Errors: 0, Skipped: 0, Time elapsed: 0.093 s - in org.sonar.java.resolve.ScopeTest
[INFO] Running org.sonar.java.se.ProgramPointTest
[INFO] Tests run: 2, Failures: 0, Errors: 0, Skipped: 0, Time elapsed: 0.016 s - in org.sonar.java.se.ProgramPointTest
[INFO] Running org.sonar.java.resolve.ConvertTest
[INFO] Tests run: 8, Failures: 0, Errors: 0, Skipped: 0, Time elapsed: 0.001 s - in org.sonar.java.resolve.ConvertTest
[INFO] Running org.sonar.java.ast.parser.grammar.statements.StatementTest
[INFO] Tests run: 1, Failures: 0, Errors: 0, Skipped: 0, Time elapsed: 0.005 s - in org.sonar.java.ast.parser.grammar.statements.StatementTest
[INFO] Running org.sonar.java.se.SECheckTest
[INFO] Tests run: 1, Failures: 0, Errors: 0, Skipped: 0, Time elapsed: 0.019 s - in org.sonar.java.se.SECheckTest
[INFO] Running org.sonar.java.ast.parser.grammar.units.ImportDeclarationTest
[INFO] Tests run: 1, Failures: 0, Errors: 0, Skipped: 0, Time elapsed: 0.002 s - in org.sonar.java.ast.parser.grammar.units.ImportDeclarationTest
[INFO] Running org.sonar.java.model.JavaTreeModelTest
[INFO] Tests run: 77, Failures: 0, Errors: 0, Skipped: 0, Time elapsed: 0.277 s - in org.sonar.java.model.JavaTreeModelTest
[INFO] Running org.sonar.java.se.ExpectationsParserTest
[INFO] Tests run: 19, Failures: 0, Errors: 0, Skipped: 0, Time elapsed: 0.013 s - in org.sonar.java.se.ExpectationsParserTest
[INFO] Running org.sonar.java.ast.parser.grammar.statements.SwitchStatementTest
[INFO] Tests run: 1, Failures: 0, Errors: 0, Skipped: 0, Time elapsed: 0.002 s - in org.sonar.java.ast.parser.grammar.statements.SwitchStatementTest
[INFO] Running org.sonar.java.ast.parser.grammar.statements.SynchronizedStatementTest
[INFO] Tests run: 1, Failures: 0, Errors: 0, Skipped: 0, Time elapsed: 0.001 s - in org.sonar.java.ast.parser.grammar.statements.SynchronizedStatementTest
[INFO] Running org.sonar.java.xml.XmlCheckContextImplTest
[INFO] Tests run: 17, Failures: 0, Errors: 0, Skipped: 0, Time elapsed: 0.148 s - in org.sonar.java.xml.XmlCheckContextImplTest
[INFO] Running org.sonar.java.se.checks.ParameterNullnessCheckTest
[INFO] Tests run: 1, Failures: 0, Errors: 0, Skipped: 0, Time elapsed: 0.087 s - in org.sonar.java.se.checks.ParameterNullnessCheckTest
[INFO] Running org.sonar.java.ast.parser.grammar.statements.BlockStatementTest
[INFO] Tests run: 1, Failures: 0, Errors: 0, Skipped: 0, Time elapsed: 0.002 s - in org.sonar.java.ast.parser.grammar.statements.BlockStatementTest
[INFO] Running org.sonar.java.model.declaration.OpensDirectiveTreeImplTest
[INFO] Tests run: 3, Failures: 0, Errors: 0, Skipped: 0, Time elapsed: 0.015 s - in org.sonar.java.model.declaration.OpensDirectiveTreeImplTest
[INFO] Running org.sonar.java.ast.parser.grammar.classes.ClassDeclarationTest
[INFO] Tests run: 2, Failures: 0, Errors: 0, Skipped: 0, Time elapsed: 0.008 s - in org.sonar.java.ast.parser.grammar.classes.ClassDeclarationTest
[INFO] Running org.sonar.java.se.BehaviorCacheTest
[INFO] Tests run: 17, Failures: 0, Errors: 0, Skipped: 0, Time elapsed: 2.185 s - in org.sonar.java.se.BehaviorCacheTest
[INFO] Running org.sonar.java.model.ExpressionUtilsTest
[INFO] Tests run: 7, Failures: 0, Errors: 0, Skipped: 0, Time elapsed: 0.053 s - in org.sonar.java.model.ExpressionUtilsTest
[INFO] Running org.sonar.java.model.statement.ContinueStatementTreeImplTest
[INFO] Tests run: 2, Failures: 0, Errors: 0, Skipped: 0, Time elapsed: 0 s - in org.sonar.java.model.statement.ContinueStatementTreeImplTest
[INFO] Running org.sonar.java.resolve.TypeInferenceSolverTest
[INFO] Tests run: 5, Failures: 0, Errors: 0, Skipped: 0, Time elapsed: 0.026 s - in org.sonar.java.resolve.TypeInferenceSolverTest
[INFO] Running org.sonar.java.bytecode.cfg.BytecodeListingParserTest
[INFO] Tests run: 2, Failures: 0, Errors: 0, Skipped: 0, Time elapsed: 0.006 s - in org.sonar.java.bytecode.cfg.BytecodeListingParserTest
[INFO] Running org.sonar.java.ast.parser.grammar.moduledirectives.OpensDirectiveTest
[INFO] Tests run: 1, Failures: 0, Errors: 0, Skipped: 0, Time elapsed: 0.002 s - in org.sonar.java.ast.parser.grammar.moduledirectives.OpensDirectiveTest
[INFO] Running org.sonar.java.ast.parser.grammar.enums.EnumConstantTest
[INFO] Tests run: 2, Failures: 0, Errors: 0, Skipped: 0, Time elapsed: 0.003 s - in org.sonar.java.ast.parser.grammar.enums.EnumConstantTest
[INFO] Running org.sonar.java.ast.parser.grammar.literals.FloatLiteralTest
[INFO] Tests run: 2, Failures: 0, Errors: 0, Skipped: 0, Time elapsed: 0.019 s - in org.sonar.java.ast.parser.grammar.literals.FloatLiteralTest
[INFO] Running org.sonar.java.se.xproc.ExceptionalCheckBasedYieldTest
[INFO] Tests run: 5, Failures: 0, Errors: 0, Skipped: 0, Time elapsed: 0.023 s - in org.sonar.java.se.xproc.ExceptionalCheckBasedYieldTest
[INFO] Running org.sonar.java.se.constraint.TypedConstraintTest
[INFO] Tests run: 1, Failures: 0, Errors: 0, Skipped: 0, Time elapsed: 0 s - in org.sonar.java.se.constraint.TypedConstraintTest
[INFO] Running org.sonar.java.bytecode.loader.AarLoaderTest
[INFO] Tests run: 6, Failures: 0, Errors: 0, Skipped: 0, Time elapsed: 0.006 s - in org.sonar.java.bytecode.loader.AarLoaderTest
[INFO] Running org.sonar.java.bytecode.cfg.BytecodeCFGBuilderTest
[INFO] Tests run: 12, Failures: 0, Errors: 0, Skipped: 0, Time elapsed: 0.939 s - in org.sonar.java.bytecode.cfg.BytecodeCFGBuilderTest
[INFO] Running org.sonar.java.ast.parser.grammar.literals.IntegerLiteralTest
[INFO] Tests run: 2, Failures: 0, Errors: 0, Skipped: 0, Time elapsed: 0.028 s - in org.sonar.java.ast.parser.grammar.literals.IntegerLiteralTest
[INFO] Running org.sonar.java.JavaTestClasspathTest
[INFO] Tests run: 5, Failures: 0, Errors: 0, Skipped: 0, Time elapsed: 0.095 s - in org.sonar.java.JavaTestClasspathTest
[INFO] Running org.sonar.java.se.JavaCheckVerifierTest
[INFO] Tests run: 30, Failures: 0, Errors: 0, Skipped: 0, Time elapsed: 0.679 s - in org.sonar.java.se.JavaCheckVerifierTest
[INFO] Running org.sonar.java.ast.parser.grammar.parameters.VariableDeclaratorIdTest
[INFO] Tests run: 1, Failures: 0, Errors: 0, Skipped: 0, Time elapsed: 0.004 s - in org.sonar.java.ast.parser.grammar.parameters.VariableDeclaratorIdTest
[INFO] Running org.sonar.plugins.java.api.tree.TreeTest
[INFO] Tests run: 1, Failures: 0, Errors: 0, Skipped: 0, Time elapsed: 0 s - in org.sonar.plugins.java.api.tree.TreeTest
[INFO] Running org.sonar.java.SonarComponentsTest
[INFO] Tests run: 14, Failures: 0, Errors: 0, Skipped: 0, Time elapsed: 0.351 s - in org.sonar.java.SonarComponentsTest
[INFO] Running org.sonar.java.ast.parser.grammar.types.TypeParametersTest
[INFO] Tests run: 1, Failures: 0, Errors: 0, Skipped: 0, Time elapsed: 0.002 s - in org.sonar.java.ast.parser.grammar.types.TypeParametersTest
[INFO] Running org.sonar.java.ast.parser.grammar.parameters.FormalParameterTest
[INFO] Tests run: 1, Failures: 0, Errors: 0, Skipped: 0, Time elapsed: 0.002 s - in org.sonar.java.ast.parser.grammar.parameters.FormalParameterTest
[INFO] Running org.sonar.java.ast.parser.grammar.units.PackageDeclarationTest
[INFO] Tests run: 1, Failures: 0, Errors: 0, Skipped: 0, Time elapsed: 0 s - in org.sonar.java.ast.parser.grammar.units.PackageDeclarationTest
[INFO] Running org.sonar.java.resolve.TypeSubstitutionSolverTest
[INFO] Tests run: 19, Failures: 0, Errors: 0, Skipped: 0, Time elapsed: 0.27 s - in org.sonar.java.resolve.TypeSubstitutionSolverTest
[INFO] Running org.sonar.java.collections.PCollectionsTest
[INFO] Tests run: 2, Failures: 0, Errors: 0, Skipped: 0, Time elapsed: 0.001 s - in org.sonar.java.collections.PCollectionsTest
[INFO] Running org.sonar.java.model.PackageUtilsTest
[INFO] Tests run: 4, Failures: 0, Errors: 0, Skipped: 0, Time elapsed: 0.003 s - in org.sonar.java.model.PackageUtilsTest
[INFO] Running org.sonar.java.se.checks.CustomUnclosedResourcesCheckTest
[INFO] Tests run: 7, Failures: 0, Errors: 0, Skipped: 0, Time elapsed: 0.166 s - in org.sonar.java.se.checks.CustomUnclosedResourcesCheckTest
[INFO] Running org.sonar.java.ast.api.JavaKeywordTest
[INFO] Tests run: 1, Failures: 0, Errors: 0, Skipped: 0, Time elapsed: 0.001 s - in org.sonar.java.ast.api.JavaKeywordTest
[INFO] Running org.sonar.java.se.checks.NonNullSetToNullCheckTest
[INFO] Tests run: 1, Failures: 0, Errors: 0, Skipped: 0, Time elapsed: 0.232 s - in org.sonar.java.se.checks.NonNullSetToNullCheckTest
[INFO] Running org.sonar.java.ast.parser.grammar.statements.CatchClauseTest
[INFO] Tests run: 1, Failures: 0, Errors: 0, Skipped: 0, Time elapsed: 0.001 s - in org.sonar.java.ast.parser.grammar.statements.CatchClauseTest
[INFO] Running org.sonar.java.resolve.TypeSubstitutionTest
[INFO] Tests run: 10, Failures: 0, Errors: 0, Skipped: 0, Time elapsed: 0.002 s - in org.sonar.java.resolve.TypeSubstitutionTest
[INFO] Running org.sonar.java.model.declaration.RequiresDirectiveTreeImplTest
[INFO] Tests run: 4, Failures: 0, Errors: 0, Skipped: 0, Time elapsed: 0.033 s - in org.sonar.java.model.declaration.RequiresDirectiveTreeImplTest
[INFO] Running org.sonar.java.ast.parser.grammar.types.TypeTest
[INFO] Tests run: 1, Failures: 0, Errors: 0, Skipped: 0, Time elapsed: 0.001 s - in org.sonar.java.ast.parser.grammar.types.TypeTest
[INFO] Running org.sonar.java.ast.api.JavaRestrictedKeywordTest
[INFO] Tests run: 1, Failures: 0, Errors: 0, Skipped: 0, Time elapsed: 0 s - in org.sonar.java.ast.api.JavaRestrictedKeywordTest
[INFO] Running org.sonar.java.bytecode.loader.JarLoaderTest
[INFO] Tests run: 5, Failures: 0, Errors: 0, Skipped: 0, Time elapsed: 0.001 s - in org.sonar.java.bytecode.loader.JarLoaderTest
[INFO] Running org.sonar.java.resolve.GenericsTest
[INFO] Tests run: 27, Failures: 0, Errors: 0, Skipped: 0, Time elapsed: 0.55 s - in org.sonar.java.resolve.GenericsTest
[INFO] Running org.sonar.java.ast.visitors.AccessorsUtilsTest
[INFO] Tests run: 15, Failures: 0, Errors: 0, Skipped: 0, Time elapsed: 0.061 s - in org.sonar.java.ast.visitors.AccessorsUtilsTest
[INFO] Running org.sonar.java.se.xproc.MethodBehaviorTest
[INFO] Tests run: 7, Failures: 0, Errors: 0, Skipped: 0, Time elapsed: 0.075 s - in org.sonar.java.se.xproc.MethodBehaviorTest
[INFO] Running org.sonar.java.bytecode.cfg.BytecodeCFGConstructionTest
[INFO] Tests run: 156, Failures: 0, Errors: 0, Skipped: 0, Time elapsed: 0.132 s - in org.sonar.java.bytecode.cfg.BytecodeCFGConstructionTest
[INFO] Running org.sonar.java.AnalysisWarningsWrapperTest
[INFO] Tests run: 1, Failures: 0, Errors: 0, Skipped: 0, Time elapsed: 0.005 s - in org.sonar.java.AnalysisWarningsWrapperTest
[INFO] Running org.sonar.java.ast.parser.grammar.statements.BlockTest
[INFO] Tests run: 1, Failures: 0, Errors: 0, Skipped: 0, Time elapsed: 0.002 s - in org.sonar.java.ast.parser.grammar.statements.BlockTest
[INFO] Running org.sonar.java.resolve.ConstantTest
[INFO] Tests run: 1, Failures: 0, Errors: 0, Skipped: 0, Time elapsed: 0.011 s - in org.sonar.java.resolve.ConstantTest
[INFO] Running org.sonar.java.se.checks.StreamConsumedCheckTest
[INFO] Tests run: 1, Failures: 0, Errors: 0, Skipped: 0, Time elapsed: 0.052 s - in org.sonar.java.se.checks.StreamConsumedCheckTest
[INFO] Running org.sonar.java.resolve.SymbolTableTest
[INFO] Tests run: 76, Failures: 0, Errors: 0, Skipped: 0, Time elapsed: 1.377 s - in org.sonar.java.resolve.SymbolTableTest
[INFO] Running org.sonar.java.StrutsTest
[INFO] Tests run: 1, Failures: 0, Errors: 0, Skipped: 0, Time elapsed: 3.37 s - in org.sonar.java.StrutsTest
[INFO] Running org.sonar.java.DefaultJavaResourceLocatorTest
[INFO] Tests run: 5, Failures: 0, Errors: 0, Skipped: 0, Time elapsed: 0.038 s - in org.sonar.java.DefaultJavaResourceLocatorTest
[INFO] Running org.sonar.java.xml.XPathXmlCheckTest
[INFO] Tests run: 4, Failures: 0, Errors: 0, Skipped: 0, Time elapsed: 0.049 s - in org.sonar.java.xml.XPathXmlCheckTest
[INFO] Running org.sonar.java.bytecode.cfg.InstructionTest
[INFO] Tests run: 5, Failures: 0, Errors: 0, Skipped: 0, Time elapsed: 0 s - in org.sonar.java.bytecode.cfg.InstructionTest
[INFO] Running org.sonar.java.se.xproc.ExceptionalYieldTest
[INFO] Tests run: 5, Failures: 0, Errors: 0, Skipped: 0, Time elapsed: 0.032 s - in org.sonar.java.se.xproc.ExceptionalYieldTest
[INFO] Running org.sonar.java.ast.parser.grammar.statements.FinallyTest
[INFO] Tests run: 1, Failures: 0, Errors: 0, Skipped: 0, Time elapsed: 0.001 s - in org.sonar.java.ast.parser.grammar.statements.FinallyTest
[INFO] Running org.sonar.java.resolve.JavaSymbolTest
[INFO] Tests run: 11, Failures: 0, Errors: 0, Skipped: 0, Time elapsed: 0.083 s - in org.sonar.java.resolve.JavaSymbolTest
[INFO] Running org.sonar.java.bytecode.se.MethodLookupTest
[INFO] Tests run: 2, Failures: 0, Errors: 0, Skipped: 0, Time elapsed: 0 s - in org.sonar.java.bytecode.se.MethodLookupTest
[INFO] Running org.sonar.java.ast.parser.grammar.literals.LiteralTest
[INFO] Tests run: 1, Failures: 0, Errors: 0, Skipped: 0, Time elapsed: 0 s - in org.sonar.java.ast.parser.grammar.literals.LiteralTest
[INFO] Running org.sonar.java.JavaSquidTest
[INFO] Tests run: 5, Failures: 0, Errors: 0, Skipped: 0, Time elapsed: 0.111 s - in org.sonar.java.JavaSquidTest
[INFO] Running org.sonar.java.ast.parser.grammar.parameters.FormalParameterDeclsTest
[INFO] Tests run: 1, Failures: 0, Errors: 0, Skipped: 0, Time elapsed: 0.005 s - in org.sonar.java.ast.parser.grammar.parameters.FormalParameterDeclsTest
[INFO] Running org.sonar.java.matcher.MethodMatcherTest
[INFO] Tests run: 19, Failures: 0, Errors: 0, Skipped: 0, Time elapsed: 0.208 s - in org.sonar.java.matcher.MethodMatcherTest
[INFO] Running org.sonar.java.ast.parser.grammar.enums.EnumDeclarationTest
[INFO] Tests run: 2, Failures: 0, Errors: 0, Skipped: 0, Time elapsed: 0.004 s - in org.sonar.java.ast.parser.grammar.enums.EnumDeclarationTest
[INFO] Running org.sonar.java.xml.XmlCheckUtilsTest
[INFO] Tests run: 5, Failures: 0, Errors: 0, Skipped: 0, Time elapsed: 0.012 s - in org.sonar.java.xml.XmlCheckUtilsTest
[INFO] Running org.sonar.java.collections.AVLTreeTest
[INFO] Tests run: 9, Failures: 0, Errors: 0, Skipped: 0, Time elapsed: 0.008 s - in org.sonar.java.collections.AVLTreeTest
[INFO] Running org.sonar.plugins.java.api.CheckRegistrarTest
[INFO] Tests run: 1, Failures: 0, Errors: 0, Skipped: 0, Time elapsed: 0.001 s - in org.sonar.plugins.java.api.CheckRegistrarTest
[INFO] Running org.sonar.java.model.LiteralUtilsTest
[INFO] Tests run: 15, Failures: 0, Errors: 0, Skipped: 0, Time elapsed: 0.389 s - in org.sonar.java.model.LiteralUtilsTest
[INFO] Running org.sonar.java.resolve.MethodReferenceResolutionTest
[INFO] Tests run: 9, Failures: 0, Errors: 0, Skipped: 0, Time elapsed: 0.211 s - in org.sonar.java.resolve.MethodReferenceResolutionTest
[INFO] Running org.sonar.java.ast.JavaAstScannerTest
[INFO] Tests run: 11, Failures: 0, Errors: 0, Skipped: 0, Time elapsed: 0.162 s - in org.sonar.java.ast.JavaAstScannerTest
[INFO] Running org.sonar.java.ast.parser.grammar.units.TypeDeclarationTest
[INFO] Tests run: 2, Failures: 0, Errors: 0, Skipped: 0, Time elapsed: 0.008 s - in org.sonar.java.ast.parser.grammar.units.TypeDeclarationTest
[INFO] Running org.sonar.java.JavaConstantsTest
[INFO] Tests run: 1, Failures: 0, Errors: 0, Skipped: 0, Time elapsed: 0 s - in org.sonar.java.JavaConstantsTest
[INFO] Running org.sonar.java.resolve.MethodJavaTypeTest
[INFO] Tests run: 4, Failures: 0, Errors: 0, Skipped: 0, Time elapsed: 0 s - in org.sonar.java.resolve.MethodJavaTypeTest
[INFO] Running org.sonar.java.se.constraint.ConstraintManagerTest
[INFO] Tests run: 17, Failures: 0, Errors: 0, Skipped: 0, Time elapsed: 0.01 s - in org.sonar.java.se.constraint.ConstraintManagerTest
[INFO] Running org.sonar.java.se.checks.ConditionAlwaysTrueOrFalseCheckTest
[INFO] Tests run: 11, Failures: 0, Errors: 0, Skipped: 0, Time elapsed: 2.211 s - in org.sonar.java.se.checks.ConditionAlwaysTrueOrFalseCheckTest
[INFO] Running org.sonar.java.ast.visitors.ComplexityVisitorTest
[INFO] Tests run: 3, Failures: 0, Errors: 0, Skipped: 0, Time elapsed: 0.003 s - in org.sonar.java.ast.visitors.ComplexityVisitorTest
[INFO] Running org.sonar.java.ast.parser.grammar.statements.ThrowStatementTest
[INFO] Tests run: 1, Failures: 0, Errors: 0, Skipped: 0, Time elapsed: 0 s - in org.sonar.java.ast.parser.grammar.statements.ThrowStatementTest
[INFO] Running org.sonar.java.ast.parser.grammar.interfaces.InterfaceDeclarationTest
[INFO] Tests run: 2, Failures: 0, Errors: 0, Skipped: 0, Time elapsed: 0.005 s - in org.sonar.java.ast.parser.grammar.interfaces.InterfaceDeclarationTest
[INFO] Running org.sonar.java.model.declaration.ClassTreeImplTest
[INFO] Tests run: 2, Failures: 0, Errors: 0, Skipped: 0, Time elapsed: 0.008 s - in org.sonar.java.model.declaration.ClassTreeImplTest
[INFO] Running org.sonar.java.JavaClasspathTest
[INFO] Tests run: 31, Failures: 0, Errors: 0, Skipped: 0, Time elapsed: 0.085 s - in org.sonar.java.JavaClasspathTest
[INFO] Running org.sonar.java.model.declaration.ExportsDirectiveTreeImplTest
[INFO] Tests run: 3, Failures: 0, Errors: 0, Skipped: 0, Time elapsed: 0.011 s - in org.sonar.java.model.declaration.ExportsDirectiveTreeImplTest
[INFO] Running org.sonar.java.ast.parser.grammar.statements.VariableDeclaratorsTest
[INFO] Tests run: 1, Failures: 0, Errors: 0, Skipped: 0, Time elapsed: 0 s - in org.sonar.java.ast.parser.grammar.statements.VariableDeclaratorsTest
[INFO] Running org.sonar.java.se.checks.debug.DebugInterruptedExecutionCheckTest
[INFO] Tests run: 1, Failures: 0, Errors: 0, Skipped: 0, Time elapsed: 0.018 s - in org.sonar.java.se.checks.debug.DebugInterruptedExecutionCheckTest
[INFO] Running org.sonar.java.se.LearnedAssociationTest
[INFO] Tests run: 1, Failures: 0, Errors: 0, Skipped: 0, Time elapsed: 0 s - in org.sonar.java.se.LearnedAssociationTest
[INFO] Running org.sonar.java.ast.parser.grammar.moduledirectives.RequiresDirectiveTest
[INFO] Tests run: 3, Failures: 0, Errors: 0, Skipped: 0, Time elapsed: 0.001 s - in org.sonar.java.ast.parser.grammar.moduledirectives.RequiresDirectiveTest
[INFO] Running org.sonar.java.cfg.LiveVariablesTest
[INFO] Tests run: 10, Failures: 0, Errors: 0, Skipped: 0, Time elapsed: 0.188 s - in org.sonar.java.cfg.LiveVariablesTest
[INFO] Running org.sonar.java.se.checks.SyntaxTreeNameFinderTest
[INFO] Tests run: 8, Failures: 0, Errors: 0, Skipped: 0, Time elapsed: 0.01 s - in org.sonar.java.se.checks.SyntaxTreeNameFinderTest
[INFO] Running org.sonar.java.ast.parser.grammar.statements.WhileStatementTest
[INFO] Tests run: 1, Failures: 0, Errors: 0, Skipped: 0, Time elapsed: 0 s - in org.sonar.java.ast.parser.grammar.statements.WhileStatementTest
[INFO] Running org.sonar.java.se.checks.NullDereferenceCheckTest
[INFO] Tests run: 9, Failures: 0, Errors: 0, Skipped: 0, Time elapsed: 0.488 s - in org.sonar.java.se.checks.NullDereferenceCheckTest
[INFO] Running org.sonar.java.ast.parser.grammar.statements.ExpressionStatementTest
[INFO] Tests run: 1, Failures: 0, Errors: 0, Skipped: 0, Time elapsed: 0 s - in org.sonar.java.ast.parser.grammar.statements.ExpressionStatementTest
[INFO] Running org.sonar.java.ast.parser.grammar.statements.EmptyStatementTest
[INFO] Tests run: 1, Failures: 0, Errors: 0, Skipped: 0, Time elapsed: 0 s - in org.sonar.java.ast.parser.grammar.statements.EmptyStatementTest
[INFO] Running org.sonar.java.resolve.LambdaBlockReturnVisitorTest
[INFO] Tests run: 1, Failures: 0, Errors: 0, Skipped: 0, Time elapsed: 0.01 s - in org.sonar.java.resolve.LambdaBlockReturnVisitorTest
[INFO] Running org.sonar.java.se.checks.InvariantReturnCheckTest
[INFO] Tests run: 1, Failures: 0, Errors: 0, Skipped: 0, Time elapsed: 0.205 s - in org.sonar.java.se.checks.InvariantReturnCheckTest
[INFO] Running org.sonar.java.se.symbolicvalues.SymbolicValueTest
[INFO] Tests run: 6, Failures: 0, Errors: 0, Skipped: 0, Time elapsed: 0 s - in org.sonar.java.se.symbolicvalues.SymbolicValueTest
[INFO] Running org.sonar.java.ast.parser.grammar.statements.TryStatementTest
[INFO] Tests run: 4, Failures: 0, Errors: 0, Skipped: 0, Time elapsed: 0.012 s - in org.sonar.java.ast.parser.grammar.statements.TryStatementTest
[INFO] Running org.sonar.java.cfg.CFGTest
[INFO] Tests run: 72, Failures: 0, Errors: 0, Skipped: 0, Time elapsed: 0.779 s - in org.sonar.java.cfg.CFGTest
[INFO] Running org.sonar.java.ast.parser.grammar.types.TypeParameterTest
[INFO] Tests run: 1, Failures: 0, Errors: 0, Skipped: 0, Time elapsed: 0 s - in org.sonar.java.ast.parser.grammar.types.TypeParameterTest
[INFO] Running org.sonar.java.model.expression.MethodInvocationTreeImplTest
[INFO] Tests run: 3, Failures: 0, Errors: 0, Skipped: 0, Time elapsed: 0.035 s - in org.sonar.java.model.expression.MethodInvocationTreeImplTest
[INFO] Running org.sonar.java.ast.parser.JavaParserTest
[INFO] Tests run: 2, Failures: 0, Errors: 0, Skipped: 0, Time elapsed: 0.008 s - in org.sonar.java.ast.parser.JavaParserTest
[INFO] Running org.sonar.java.resolve.JavaTypeTest
[INFO] Tests run: 14, Failures: 0, Errors: 0, Skipped: 0, Time elapsed: 0.069 s - in org.sonar.java.resolve.JavaTypeTest
[INFO] Running org.sonar.java.se.checks.RedundantAssignmentsCheckTest
[INFO] Tests run: 1, Failures: 0, Errors: 0, Skipped: 0, Time elapsed: 0.066 s - in org.sonar.java.se.checks.RedundantAssignmentsCheckTest
[INFO] Running org.sonar.java.se.xproc.MethodYieldTest
[INFO] Tests run: 12, Failures: 0, Errors: 0, Skipped: 0, Time elapsed: 0.127 s - in org.sonar.java.se.xproc.MethodYieldTest
[INFO] Running org.sonar.java.ast.parser.grammar.statements.ContinueStatementTest
[INFO] Tests run: 1, Failures: 0, Errors: 0, Skipped: 0, Time elapsed: 0 s - in org.sonar.java.ast.parser.grammar.statements.ContinueStatementTest
[INFO] Running org.sonar.java.ast.parser.grammar.annotations.AnnotationTypeDeclarationTest
[INFO] Tests run: 1, Failures: 0, Errors: 0, Skipped: 0, Time elapsed: 0 s - in org.sonar.java.ast.parser.grammar.annotations.AnnotationTypeDeclarationTest
[INFO] Running org.sonar.java.se.checks.MinMaxRangeCheckTest
[INFO] Tests run: 1, Failures: 0, Errors: 0, Skipped: 0, Time elapsed: 0.077 s - in org.sonar.java.se.checks.MinMaxRangeCheckTest
[INFO] Running org.sonar.java.ast.parser.grammar.literals.KeywordTest
[INFO] Tests run: 1, Failures: 0, Errors: 0, Skipped: 0, Time elapsed: 0.001 s - in org.sonar.java.ast.parser.grammar.literals.KeywordTest
[INFO] Running org.sonar.java.ast.api.JavaPunctuatorTest
[INFO] Tests run: 1, Failures: 0, Errors: 0, Skipped: 0, Time elapsed: 0.001 s - in org.sonar.java.ast.api.JavaPunctuatorTest
[INFO] Running org.sonar.java.model.declaration.ProvidesDirectiveTreeImplTest
[INFO] Tests run: 2, Failures: 0, Errors: 0, Skipped: 0, Time elapsed: 0.008 s - in org.sonar.java.model.declaration.ProvidesDirectiveTreeImplTest
[INFO] Running org.sonar.java.ast.parser.grammar.types.TypeArgumentsTest
[INFO] Tests run: 1, Failures: 0, Errors: 0, Skipped: 0, Time elapsed: 0.001 s - in org.sonar.java.ast.parser.grammar.types.TypeArgumentsTest
[INFO] Running org.sonar.java.ast.parser.grammar.moduledirectives.UsesDirectiveTest
[INFO] Tests run: 1, Failures: 0, Errors: 0, Skipped: 0, Time elapsed: 0.001 s - in org.sonar.java.ast.parser.grammar.moduledirectives.UsesDirectiveTest
[INFO] Running org.sonar.java.ast.parser.grammar.literals.StringLiteralTest
[INFO] Tests run: 2, Failures: 0, Errors: 0, Skipped: 0, Time elapsed: 0.003 s - in org.sonar.java.ast.parser.grammar.literals.StringLiteralTest
[INFO] Running org.sonar.java.se.FlowTest
[INFO] Tests run: 2, Failures: 0, Errors: 0, Skipped: 0, Time elapsed: 0 s - in org.sonar.java.se.FlowTest
[INFO] Running org.sonar.java.ast.parser.grammar.statements.BreakStatementTest
[INFO] Tests run: 1, Failures: 0, Errors: 0, Skipped: 0, Time elapsed: 0.001 s - in org.sonar.java.ast.parser.grammar.statements.BreakStatementTest
[INFO] Running org.sonar.java.ast.parser.grammar.statements.AssertStatementTest
[INFO] Tests run: 1, Failures: 0, Errors: 0, Skipped: 0, Time elapsed: 0 s - in org.sonar.java.ast.parser.grammar.statements.AssertStatementTest
[INFO] Running org.sonar.java.model.declaration.UsesDirectiveTreeImplTest
[INFO] Tests run: 2, Failures: 0, Errors: 0, Skipped: 0, Time elapsed: 0.01 s - in org.sonar.java.model.declaration.UsesDirectiveTreeImplTest
[INFO] Running org.sonar.java.se.checks.LocksNotUnlockedCheckTest
[INFO] Tests run: 3, Failures: 0, Errors: 0, Skipped: 0, Time elapsed: 0.162 s - in org.sonar.java.se.checks.LocksNotUnlockedCheckTest
[INFO] Running org.sonar.java.ast.parser.grammar.units.CompilationUnitTest
[INFO] Tests run: 1, Failures: 0, Errors: 0, Skipped: 0, Time elapsed: 0 s - in org.sonar.java.ast.parser.grammar.units.CompilationUnitTest
[INFO] Running org.sonar.java.ast.parser.grammar.statements.SwitchBlockStatementGroupTest
[INFO] Tests run: 1, Failures: 0, Errors: 0, Skipped: 0, Time elapsed: 0 s - in org.sonar.java.ast.parser.grammar.statements.SwitchBlockStatementGroupTest
[INFO] Running org.sonar.java.model.VisitorsBridgeTest
[INFO] Tests run: 3, Failures: 0, Errors: 0, Skipped: 0, Time elapsed: 0.02 s - in org.sonar.java.model.VisitorsBridgeTest
[INFO] Running org.sonar.java.resolve.ResolveTest
[INFO] Tests run: 6, Failures: 0, Errors: 0, Skipped: 0, Time elapsed: 0.015 s - in org.sonar.java.resolve.ResolveTest
[INFO] Running org.sonar.java.ast.parser.grammar.statements.LabeledStatementTest
[INFO] Tests run: 1, Failures: 0, Errors: 0, Skipped: 0, Time elapsed: 0 s - in org.sonar.java.ast.parser.grammar.statements.LabeledStatementTest
[INFO] Running org.sonar.java.ast.visitors.FileLinesVisitorTest
[INFO] Tests run: 2, Failures: 0, Errors: 0, Skipped: 0, Time elapsed: 0.103 s - in org.sonar.java.ast.visitors.FileLinesVisitorTest
[INFO] Running org.sonar.java.se.ExplodedGraphTest
[INFO] Tests run: 1, Failures: 0, Errors: 0, Skipped: 0, Time elapsed: 0.002 s - in org.sonar.java.se.ExplodedGraphTest
[INFO] Running org.sonar.java.ast.parser.grammar.classes.MemberDeclTest
[INFO] Tests run: 1, Failures: 0, Errors: 0, Skipped: 0, Time elapsed: 0.005 s - in org.sonar.java.ast.parser.grammar.classes.MemberDeclTest
[INFO] Running org.sonar.java.se.symbolicvalues.RelationalSymbolicValueTest
[INFO] Tests run: 24, Failures: 0, Errors: 0, Skipped: 0, Time elapsed: 3.463 s - in org.sonar.java.se.symbolicvalues.RelationalSymbolicValueTest
[INFO] Running org.sonar.java.model.ModifiersUtilsTest
[INFO] Tests run: 3, Failures: 0, Errors: 0, Skipped: 0, Time elapsed: 0.004 s - in org.sonar.java.model.ModifiersUtilsTest
[INFO] Running org.sonar.java.cfg.VariableReadExtractorTest
[INFO] Tests run: 6, Failures: 0, Errors: 0, Skipped: 0, Time elapsed: 0.075 s - in org.sonar.java.cfg.VariableReadExtractorTest
[INFO] Running org.sonar.java.ast.parser.grammar.statements.ReturnStatementTest
[INFO] Tests run: 1, Failures: 0, Errors: 0, Skipped: 0, Time elapsed: 0.001 s - in org.sonar.java.ast.parser.grammar.statements.ReturnStatementTest
[INFO] Running org.sonar.java.se.checks.UnclosedResourcesCheckTest
[INFO] Tests run: 9, Failures: 0, Errors: 0, Skipped: 0, Time elapsed: 0.66 s - in org.sonar.java.se.checks.UnclosedResourcesCheckTest
[INFO] Running org.sonar.java.AnalyzerMessageTest
[INFO] Tests run: 9, Failures: 0, Errors: 0, Skipped: 0, Time elapsed: 0.011 s - in org.sonar.java.AnalyzerMessageTest
[INFO] Running org.sonar.java.se.constraint.ConstraintTest
[INFO] Tests run: 2, Failures: 0, Errors: 0, Skipped: 0, Time elapsed: 0 s - in org.sonar.java.se.constraint.ConstraintTest
[INFO] Running org.sonar.java.TestUtilsTest
[INFO] Tests run: 1, Failures: 0, Errors: 0, Skipped: 0, Time elapsed: 0 s - in org.sonar.java.TestUtilsTest
[INFO] Running org.sonar.java.ast.parser.grammar.moduledirectives.ProvidesDirectiveTest
[INFO] Tests run: 1, Failures: 0, Errors: 0, Skipped: 0, Time elapsed: 0 s - in org.sonar.java.ast.parser.grammar.moduledirectives.ProvidesDirectiveTest
[INFO] Running org.sonar.plugins.java.api.IssuableSubscriptionVisitorTest
[INFO] Tests run: 2, Failures: 0, Errors: 0, Skipped: 0, Time elapsed: 0.021 s - in org.sonar.plugins.java.api.IssuableSubscriptionVisitorTest
[INFO] Running org.sonar.java.AnalysisErrorTest
[INFO] Tests run: 1, Failures: 0, Errors: 0, Skipped: 0, Time elapsed: 0 s - in org.sonar.java.AnalysisErrorTest
[INFO] Running org.sonar.java.xml.maven.PomParserTest
[INFO] Tests run: 9, Failures: 0, Errors: 0, Skipped: 0, Time elapsed: 0.748 s - in org.sonar.java.xml.maven.PomParserTest
[INFO] Running org.sonar.java.ast.parser.grammar.statements.DoStatementTest
[INFO] Tests run: 1, Failures: 0, Errors: 0, Skipped: 0, Time elapsed: 0.008 s - in org.sonar.java.ast.parser.grammar.statements.DoStatementTest
[INFO] Running org.sonar.java.ast.visitors.PublicApiCheckerTest
[INFO] Tests run: 2, Failures: 0, Errors: 0, Skipped: 0, Time elapsed: 0.038 s - in org.sonar.java.ast.visitors.PublicApiCheckerTest
[INFO] Running org.sonar.java.JavaVersionAwareVisitorTest
[INFO] Tests run: 4, Failures: 0, Errors: 0, Skipped: 0, Time elapsed: 0.035 s - in org.sonar.java.JavaVersionAwareVisitorTest
[INFO] 
[INFO] Results:
[INFO] 
[INFO] Tests run: 1652, Failures: 0, Errors: 0, Skipped: 0
[INFO] 
[INFO]                                                                         
[INFO] ------------------------------------------------------------------------
[INFO] Building SonarQube Java :: Check Test tool kit 5.10.0-SNAPSHOT
[INFO] ------------------------------------------------------------------------
[INFO] 
[INFO] --- buildnumber-maven-plugin:1.4:create (default) @ java-checks-testkit ---
[INFO] 
[INFO] --- maven-enforcer-plugin:3.0.0-M1:enforce (enforce) @ java-checks-testkit ---
[INFO] Skipping Rule Enforcement.
[INFO] 
[INFO] --- license-maven-plugin:3.0:check (enforce-license-headers) @ java-checks-testkit ---
[INFO] 
[INFO] --- beanshell-maven-plugin:1.4:run (compute-artifact-display-version) @ java-checks-testkit ---
[INFO] Executing Script
[INFO] file class java.lang.Object
[INFO] script class java.lang.String
[INFO] evaluating script if (! "5.10.0-SNAPSHOT".endsWith("-SNAPSHOT")) { [+ 14 omitted line(s)]
[INFO] 
[INFO] --- maven-resources-plugin:3.0.2:resources (default-resources) @ java-checks-testkit ---
[INFO] Using 'UTF-8' encoding to copy filtered resources.
[INFO] skip non existing resourceDirectory /root/workspace/SonarSource/sonar-java/459794884/java-checks-testkit/src/main/resources
[INFO] 
[INFO] --- maven-compiler-plugin:3.7.0:compile (default-compile) @ java-checks-testkit ---
[INFO] Nothing to compile - all classes are up to date
[INFO] 
[INFO] --- maven-resources-plugin:3.0.2:testResources (default-testResources) @ java-checks-testkit ---
[INFO] Using 'UTF-8' encoding to copy filtered resources.
[INFO] Copying 5 resources
[INFO] 
[INFO] --- maven-compiler-plugin:3.7.0:testCompile (default-testCompile) @ java-checks-testkit ---
[INFO] Nothing to compile - all classes are up to date
[INFO] 
[INFO] --- maven-surefire-plugin:2.22.0:test (default-test) @ java-checks-testkit ---
[INFO] 
[INFO] -------------------------------------------------------
[INFO]  T E S T S
[INFO] -------------------------------------------------------
[INFO] Running org.sonar.java.checks.verifier.PomCheckVerifierTest
[INFO] Tests run: 14, Failures: 0, Errors: 0, Skipped: 0, Time elapsed: 3.558 s - in org.sonar.java.checks.verifier.PomCheckVerifierTest
[INFO] Running org.sonar.java.checks.verifier.XmlCheckVerifierTest
[INFO] Tests run: 9, Failures: 0, Errors: 0, Skipped: 0, Time elapsed: 0.92 s - in org.sonar.java.checks.verifier.XmlCheckVerifierTest
[INFO] Running org.sonar.java.checks.verifier.MultipleFilesJavaCheckVerifierTest
[INFO] Tests run: 6, Failures: 0, Errors: 0, Skipped: 0, Time elapsed: 1.586 s - in org.sonar.java.checks.verifier.MultipleFilesJavaCheckVerifierTest
[INFO] Running org.sonar.java.checks.verifier.JavaCheckVerifierTest
[INFO] Tests run: 31, Failures: 0, Errors: 0, Skipped: 0, Time elapsed: 1.401 s - in org.sonar.java.checks.verifier.JavaCheckVerifierTest
[INFO] 
[INFO] Results:
[INFO] 
[INFO] Tests run: 60, Failures: 0, Errors: 0, Skipped: 0
[INFO] 
[INFO]                                                                         
[INFO] ------------------------------------------------------------------------
[INFO] Building SonarQube Java :: Checks 5.10.0-SNAPSHOT
[INFO] ------------------------------------------------------------------------
[INFO] 
[INFO] --- buildnumber-maven-plugin:1.4:create (default) @ java-checks ---
[INFO] 
[INFO] --- maven-enforcer-plugin:3.0.0-M1:enforce (enforce) @ java-checks ---
[INFO] Skipping Rule Enforcement.
[INFO] 
[INFO] --- license-maven-plugin:3.0:check (enforce-license-headers) @ java-checks ---
[INFO] 
[INFO] --- beanshell-maven-plugin:1.4:run (compute-artifact-display-version) @ java-checks ---
[INFO] Executing Script
[INFO] file class java.lang.Object
[INFO] script class java.lang.String
[INFO] evaluating script if (! "5.10.0-SNAPSHOT".endsWith("-SNAPSHOT")) { [+ 14 omitted line(s)]
[INFO] 
[INFO] --- maven-resources-plugin:3.0.2:resources (default-resources) @ java-checks ---
[INFO] Using 'UTF-8' encoding to copy filtered resources.
[INFO] Copying 1046 resources
[INFO] 
[INFO] --- maven-compiler-plugin:3.7.0:compile (default-compile) @ java-checks ---
[INFO] Nothing to compile - all classes are up to date
[INFO] 
[INFO] --- maven-resources-plugin:3.0.2:testResources (default-testResources) @ java-checks ---
[INFO] Using 'UTF-8' encoding to copy filtered resources.
[INFO] Copying 19 resources
[INFO] 
[INFO] --- maven-compiler-plugin:3.7.0:testCompile (default-testCompile) @ java-checks ---
[INFO] Nothing to compile - all classes are up to date
[INFO] 
[INFO] --- maven-dependency-plugin:2.10:copy (copy) @ java-checks ---
[INFO] Configured Artifact: io.netty:netty-all:4.1.30.Final:jar
[INFO] Configured Artifact: xalan:xalan:2.7.2:jar
[INFO] Configured Artifact: org.apache.santuario:xmlsec:2.1.2:jar
[INFO] Configured Artifact: commons-jxpath:commons-jxpath:1.3:jar
[INFO] Configured Artifact: com.google.http-client:google-http-client:1.26.0:jar
[INFO] Configured Artifact: org.apache.httpcomponents:httpclient:4.5.6:jar
[INFO] Configured Artifact: org.apache.httpcomponents:httpcore:4.4.10:jar
[INFO] Configured Artifact: args4j:args4j:2.33:jar
[INFO] Configured Artifact: junit:junit:4.12:jar
[INFO] Configured Artifact: org.jmock:jmock-junit4:2.8.3:jar
[INFO] Configured Artifact: org.jmock:jmock:2.8.3:jar
[INFO] Configured Artifact: com.github.tomakehurst:wiremock:2.6.0:jar
[INFO] Configured Artifact: org.easytesting:fest-assert:1.4:jar
[INFO] Configured Artifact: org.easytesting:fest-util:1.2.5:jar
[INFO] Configured Artifact: org.mockito:mockito-all:1.9.0:jar
[INFO] Configured Artifact: io.reactivex:rxjava:1.3.8:jar
[INFO] Configured Artifact: io.reactivex.rxjava2:rxjava:2.2.2:jar
[INFO] Configured Artifact: org.springframework:spring-context:5.0.6.RELEASE:jar
[INFO] Configured Artifact: org.springframework.security:spring-security-acl:5.1.1.RELEASE:jar
[INFO] Configured Artifact: org.apache.commons:commons-email:1.3.2:jar
[INFO] Configured Artifact: org.springframework:spring-beans:5.0.6.RELEASE:jar
[INFO] Configured Artifact: org.springframework.data:spring-data-mongodb:2.0.8.RELEASE:jar
[INFO] Configured Artifact: org.springframework.data:spring-data-elasticsearch:3.0.8.RELEASE:jar
[INFO] Configured Artifact: org.springframework:spring-web:5.0.6.RELEASE:jar
[INFO] Configured Artifact: com.typesafe.play:play_2.12:2.6.14:jar
[INFO] Configured Artifact: org.springframework:spring-test:4.3.7.RELEASE:jar
[INFO] Configured Artifact: org.springframework:spring-jdbc:4.3.7.RELEASE:jar
[INFO] Configured Artifact: org.springframework.security:spring-security-web:5.0.5.RELEASE:jar
[INFO] Configured Artifact: org.springframework.security:spring-security-config:5.0.5.RELEASE:jar
[INFO] Configured Artifact: org.springframework.boot:spring-boot:2.0.2.RELEASE:jar
[INFO] Configured Artifact: org.springframework.boot:spring-boot-autoconfigure:2.0.2.RELEASE:jar
[INFO] Configured Artifact: org.springframework.security:spring-security-crypto:5.0.6.RELEASE:jar
[INFO] Configured Artifact: org.springframework:spring-tx:5.0.6.RELEASE:jar
[INFO] Configured Artifact: org.springframework.security:spring-security-core:4.2.6.RELEASE:jar
[INFO] Configured Artifact: javax.annotation:jsr250-api:1.0:jar
[INFO] Configured Artifact: javax.transaction:javax.transaction-api:1.2:jar
[INFO] Configured Artifact: org.apache.shiro:shiro-web:1.2.3:jar
[INFO] Configured Artifact: org.projectlombok:lombok:1.16.4:jar
[INFO] Configured Artifact: org.apache.maven:maven-plugin-api:3.3.3:jar
[INFO] Configured Artifact: org.assertj:assertj-core:2.1.0:jar
[INFO] Configured Artifact: javax:javaee-api:7.0:jar
[INFO] Configured Artifact: javax.ws.rs:javax.ws.rs-api:2.1:jar
[INFO] Configured Artifact: javax.inject:javax.inject:1:jar
[INFO] Configured Artifact: javax.persistence:javax.persistence-api:2.2:jar
[INFO] Configured Artifact: com.google.guava:guava:26.0-jre:jar
[INFO] Configured Artifact: com.google.code.findbugs:jsr305:1.3.9:jar
[INFO] Configured Artifact: org.apache.commons:commons-collections4:4.0:jar
[INFO] Configured Artifact: commons-beanutils:commons-beanutils:1.9.3:jar
[INFO] Configured Artifact: commons-lang:commons-lang:2.6:jar
[INFO] Configured Artifact: commons-io:commons-io:2.5:jar
[INFO] Configured Artifact: org.testng:testng:6.9.6:jar
[INFO] Configured Artifact: org.hibernate:hibernate-core:5.0.2.Final:jar
[INFO] Configured Artifact: org.hibernate:hibernate-validator:5.0.3.Final:jar
[INFO] Configured Artifact: javax.validation:validation-api:2.0.1.Final:jar
[INFO] Configured Artifact: org.hamcrest:hamcrest-core:1.3:jar
[INFO] Configured Artifact: org.eclipse.osgi:org.eclipse.osgi:3.7.1:jar
[INFO] Configured Artifact: org.easymock:easymock:3.4:jar
[INFO] Configured Artifact: com.google.truth:truth:0.29:jar
[INFO] Configured Artifact: com.google.truth.extensions:truth-java8-extension:0.39:jar
[INFO] Configured Artifact: org.hamcrest:hamcrest-library:1.3:jar
[INFO] Configured Artifact: io.rest-assured:rest-assured:3.0.2:jar
[INFO] Configured Artifact: com.fasterxml.jackson.core:jackson-annotations:2.8.4:jar
[INFO] Configured Artifact: org.apache.struts:struts-core:1.3.10:jar
[INFO] Configured Artifact: org.apache.struts:struts2-core:2.5.16:jar
[INFO] Configured Artifact: org.apache.struts:struts-extras:1.3.10:jar
[INFO] Configured Artifact: org.slf4j:slf4j-api:1.7.21:jar
[INFO] Configured Artifact: org.slf4j:slf4j-ext:1.7.21:jar
[INFO] Configured Artifact: org.junit.jupiter:junit-jupiter-api:5.0.0-M5:jar
[INFO] Configured Artifact: org.junit.jupiter:junit-jupiter-params:5.0.0-M5:jar
[INFO] Configured Artifact: javax.jdo:jdo-api:3.1:jar
[INFO] Configured Artifact: io.vertx:vertx-unit:3.5.0:jar
[INFO] Configured Artifact: io.vertx:vertx-core:3.5.0:jar
[INFO] Configured Artifact: com.fasterxml.jackson.core:jackson-databind:2.9.6:jar
[INFO] Configured Artifact: org.codehaus.jackson:jackson-mapper-asl:1.9.13:jar
[INFO] Configured Artifact: org.codehaus.jackson:jackson-core-asl:1.9.13:jar
[INFO] Configured Artifact: org.apache.commons:commons-exec:1.3:jar
[INFO] Configured Artifact: com.google.auto.value:auto-value-annotations:1.6.2:jar
[INFO] Configured Artifact: org.immutables:value:2.7.1:jar
[INFO] Configured Artifact: org.apache.commons:commons-crypto:1.0.0:jar
[INFO] Configured Artifact: org.apache.logging.log4j:log4j-core:2.11.1:jar
[INFO] Configured Artifact: org.apache.logging.log4j:log4j-api:2.11.1:jar
[INFO] Configured Artifact: ch.qos.logback:logback-classic:0.9.30:jar
[INFO] Configured Artifact: ch.qos.logback:logback-core:1.1.3:jar
[INFO] Configured Artifact: commons-codec:commons-codec:1.11:jar
[INFO] Configured Artifact: org.apache.commons:commons-compress:1.18:jar
[INFO] io.netty:netty-all:4.1.30.Final:jar already exists in /root/workspace/SonarSource/sonar-java/459794884/java-checks/target/test-jars
[INFO] xalan:xalan:2.7.2:jar already exists in /root/workspace/SonarSource/sonar-java/459794884/java-checks/target/test-jars
[INFO] org.apache.santuario:xmlsec:2.1.2:jar already exists in /root/workspace/SonarSource/sonar-java/459794884/java-checks/target/test-jars
[INFO] commons-jxpath:commons-jxpath:1.3:jar already exists in /root/workspace/SonarSource/sonar-java/459794884/java-checks/target/test-jars
[INFO] com.google.http-client:google-http-client:1.26.0:jar already exists in /root/workspace/SonarSource/sonar-java/459794884/java-checks/target/test-jars
[INFO] org.apache.httpcomponents:httpclient:4.5.6:jar already exists in /root/workspace/SonarSource/sonar-java/459794884/java-checks/target/test-jars
[INFO] org.apache.httpcomponents:httpcore:4.4.10:jar already exists in /root/workspace/SonarSource/sonar-java/459794884/java-checks/target/test-jars
[INFO] args4j:args4j:2.33:jar already exists in /root/workspace/SonarSource/sonar-java/459794884/java-checks/target/test-jars
[INFO] junit:junit:4.12:jar already exists in /root/workspace/SonarSource/sonar-java/459794884/java-checks/target/test-jars
[INFO] org.jmock:jmock-junit4:2.8.3:jar already exists in /root/workspace/SonarSource/sonar-java/459794884/java-checks/target/test-jars
[INFO] org.jmock:jmock:2.8.3:jar already exists in /root/workspace/SonarSource/sonar-java/459794884/java-checks/target/test-jars
[INFO] com.github.tomakehurst:wiremock:2.6.0:jar already exists in /root/workspace/SonarSource/sonar-java/459794884/java-checks/target/test-jars
[INFO] org.easytesting:fest-assert:1.4:jar already exists in /root/workspace/SonarSource/sonar-java/459794884/java-checks/target/test-jars
[INFO] org.easytesting:fest-util:1.2.5:jar already exists in /root/workspace/SonarSource/sonar-java/459794884/java-checks/target/test-jars
[INFO] org.mockito:mockito-all:1.9.0:jar already exists in /root/workspace/SonarSource/sonar-java/459794884/java-checks/target/test-jars
[INFO] io.reactivex:rxjava:1.3.8:jar already exists in /root/workspace/SonarSource/sonar-java/459794884/java-checks/target/test-jars
[INFO] io.reactivex.rxjava2:rxjava:2.2.2:jar already exists in /root/workspace/SonarSource/sonar-java/459794884/java-checks/target/test-jars
[INFO] org.springframework:spring-context:5.0.6.RELEASE:jar already exists in /root/workspace/SonarSource/sonar-java/459794884/java-checks/target/test-jars
[INFO] org.springframework.security:spring-security-acl:5.1.1.RELEASE:jar already exists in /root/workspace/SonarSource/sonar-java/459794884/java-checks/target/test-jars
[INFO] org.apache.commons:commons-email:1.3.2:jar already exists in /root/workspace/SonarSource/sonar-java/459794884/java-checks/target/test-jars
[INFO] org.springframework:spring-beans:5.0.6.RELEASE:jar already exists in /root/workspace/SonarSource/sonar-java/459794884/java-checks/target/test-jars
[INFO] org.springframework.data:spring-data-mongodb:2.0.8.RELEASE:jar already exists in /root/workspace/SonarSource/sonar-java/459794884/java-checks/target/test-jars
[INFO] org.springframework.data:spring-data-elasticsearch:3.0.8.RELEASE:jar already exists in /root/workspace/SonarSource/sonar-java/459794884/java-checks/target/test-jars
[INFO] org.springframework:spring-web:5.0.6.RELEASE:jar already exists in /root/workspace/SonarSource/sonar-java/459794884/java-checks/target/test-jars
[INFO] com.typesafe.play:play_2.12:2.6.14:jar already exists in /root/workspace/SonarSource/sonar-java/459794884/java-checks/target/test-jars
[INFO] org.springframework:spring-test:4.3.7.RELEASE:jar already exists in /root/workspace/SonarSource/sonar-java/459794884/java-checks/target/test-jars
[INFO] org.springframework:spring-jdbc:4.3.7.RELEASE:jar already exists in /root/workspace/SonarSource/sonar-java/459794884/java-checks/target/test-jars
[INFO] org.springframework.security:spring-security-web:5.0.5.RELEASE:jar already exists in /root/workspace/SonarSource/sonar-java/459794884/java-checks/target/test-jars
[INFO] org.springframework.security:spring-security-config:5.0.5.RELEASE:jar already exists in /root/workspace/SonarSource/sonar-java/459794884/java-checks/target/test-jars
[INFO] org.springframework.boot:spring-boot:2.0.2.RELEASE:jar already exists in /root/workspace/SonarSource/sonar-java/459794884/java-checks/target/test-jars
[INFO] org.springframework.boot:spring-boot-autoconfigure:2.0.2.RELEASE:jar already exists in /root/workspace/SonarSource/sonar-java/459794884/java-checks/target/test-jars
[INFO] org.springframework.security:spring-security-crypto:5.0.6.RELEASE:jar already exists in /root/workspace/SonarSource/sonar-java/459794884/java-checks/target/test-jars
[INFO] org.springframework:spring-tx:5.0.6.RELEASE:jar already exists in /root/workspace/SonarSource/sonar-java/459794884/java-checks/target/test-jars
[INFO] org.springframework.security:spring-security-core:4.2.6.RELEASE:jar already exists in /root/workspace/SonarSource/sonar-java/459794884/java-checks/target/test-jars
[INFO] javax.annotation:jsr250-api:1.0:jar already exists in /root/workspace/SonarSource/sonar-java/459794884/java-checks/target/test-jars
[INFO] javax.transaction:javax.transaction-api:1.2:jar already exists in /root/workspace/SonarSource/sonar-java/459794884/java-checks/target/test-jars
[INFO] org.apache.shiro:shiro-web:1.2.3:jar already exists in /root/workspace/SonarSource/sonar-java/459794884/java-checks/target/test-jars
[INFO] org.projectlombok:lombok:1.16.4:jar already exists in /root/workspace/SonarSource/sonar-java/459794884/java-checks/target/test-jars
[INFO] org.apache.maven:maven-plugin-api:3.3.3:jar already exists in /root/workspace/SonarSource/sonar-java/459794884/java-checks/target/test-jars
[INFO] org.assertj:assertj-core:2.1.0:jar already exists in /root/workspace/SonarSource/sonar-java/459794884/java-checks/target/test-jars
[INFO] javax:javaee-api:7.0:jar already exists in /root/workspace/SonarSource/sonar-java/459794884/java-checks/target/test-jars
[INFO] javax.ws.rs:javax.ws.rs-api:2.1:jar already exists in /root/workspace/SonarSource/sonar-java/459794884/java-checks/target/test-jars
[INFO] javax.inject:javax.inject:1:jar already exists in /root/workspace/SonarSource/sonar-java/459794884/java-checks/target/test-jars
[INFO] javax.persistence:javax.persistence-api:2.2:jar already exists in /root/workspace/SonarSource/sonar-java/459794884/java-checks/target/test-jars
[INFO] com.google.guava:guava:26.0-jre:jar already exists in /root/workspace/SonarSource/sonar-java/459794884/java-checks/target/test-jars
[INFO] com.google.code.findbugs:jsr305:1.3.9:jar already exists in /root/workspace/SonarSource/sonar-java/459794884/java-checks/target/test-jars
[INFO] org.apache.commons:commons-collections4:4.0:jar already exists in /root/workspace/SonarSource/sonar-java/459794884/java-checks/target/test-jars
[INFO] commons-beanutils:commons-beanutils:1.9.3:jar already exists in /root/workspace/SonarSource/sonar-java/459794884/java-checks/target/test-jars
[INFO] commons-lang:commons-lang:2.6:jar already exists in /root/workspace/SonarSource/sonar-java/459794884/java-checks/target/test-jars
[INFO] commons-io:commons-io:2.5:jar already exists in /root/workspace/SonarSource/sonar-java/459794884/java-checks/target/test-jars
[INFO] org.testng:testng:6.9.6:jar already exists in /root/workspace/SonarSource/sonar-java/459794884/java-checks/target/test-jars
[INFO] org.hibernate:hibernate-core:5.0.2.Final:jar already exists in /root/workspace/SonarSource/sonar-java/459794884/java-checks/target/test-jars
[INFO] org.hibernate:hibernate-validator:5.0.3.Final:jar already exists in /root/workspace/SonarSource/sonar-java/459794884/java-checks/target/test-jars
[INFO] javax.validation:validation-api:2.0.1.Final:jar already exists in /root/workspace/SonarSource/sonar-java/459794884/java-checks/target/test-jars
[INFO] org.hamcrest:hamcrest-core:1.3:jar already exists in /root/workspace/SonarSource/sonar-java/459794884/java-checks/target/test-jars
[INFO] org.eclipse.osgi:org.eclipse.osgi:3.7.1:jar already exists in /root/workspace/SonarSource/sonar-java/459794884/java-checks/target/test-jars
[INFO] org.easymock:easymock:3.4:jar already exists in /root/workspace/SonarSource/sonar-java/459794884/java-checks/target/test-jars
[INFO] com.google.truth:truth:0.29:jar already exists in /root/workspace/SonarSource/sonar-java/459794884/java-checks/target/test-jars
[INFO] com.google.truth.extensions:truth-java8-extension:0.39:jar already exists in /root/workspace/SonarSource/sonar-java/459794884/java-checks/target/test-jars
[INFO] org.hamcrest:hamcrest-library:1.3:jar already exists in /root/workspace/SonarSource/sonar-java/459794884/java-checks/target/test-jars
[INFO] io.rest-assured:rest-assured:3.0.2:jar already exists in /root/workspace/SonarSource/sonar-java/459794884/java-checks/target/test-jars
[INFO] com.fasterxml.jackson.core:jackson-annotations:2.8.4:jar already exists in /root/workspace/SonarSource/sonar-java/459794884/java-checks/target/test-jars
[INFO] org.apache.struts:struts-core:1.3.10:jar already exists in /root/workspace/SonarSource/sonar-java/459794884/java-checks/target/test-jars
[INFO] org.apache.struts:struts2-core:2.5.16:jar already exists in /root/workspace/SonarSource/sonar-java/459794884/java-checks/target/test-jars
[INFO] org.apache.struts:struts-extras:1.3.10:jar already exists in /root/workspace/SonarSource/sonar-java/459794884/java-checks/target/test-jars
[INFO] org.slf4j:slf4j-api:1.7.21:jar already exists in /root/workspace/SonarSource/sonar-java/459794884/java-checks/target/test-jars
[INFO] org.slf4j:slf4j-ext:1.7.21:jar already exists in /root/workspace/SonarSource/sonar-java/459794884/java-checks/target/test-jars
[INFO] org.junit.jupiter:junit-jupiter-api:5.0.0-M5:jar already exists in /root/workspace/SonarSource/sonar-java/459794884/java-checks/target/test-jars
[INFO] org.junit.jupiter:junit-jupiter-params:5.0.0-M5:jar already exists in /root/workspace/SonarSource/sonar-java/459794884/java-checks/target/test-jars
[INFO] javax.jdo:jdo-api:3.1:jar already exists in /root/workspace/SonarSource/sonar-java/459794884/java-checks/target/test-jars
[INFO] io.vertx:vertx-unit:3.5.0:jar already exists in /root/workspace/SonarSource/sonar-java/459794884/java-checks/target/test-jars
[INFO] io.vertx:vertx-core:3.5.0:jar already exists in /root/workspace/SonarSource/sonar-java/459794884/java-checks/target/test-jars
[INFO] com.fasterxml.jackson.core:jackson-databind:2.9.6:jar already exists in /root/workspace/SonarSource/sonar-java/459794884/java-checks/target/test-jars
[INFO] org.codehaus.jackson:jackson-mapper-asl:1.9.13:jar already exists in /root/workspace/SonarSource/sonar-java/459794884/java-checks/target/test-jars
[INFO] org.codehaus.jackson:jackson-core-asl:1.9.13:jar already exists in /root/workspace/SonarSource/sonar-java/459794884/java-checks/target/test-jars
[INFO] org.apache.commons:commons-exec:1.3:jar already exists in /root/workspace/SonarSource/sonar-java/459794884/java-checks/target/test-jars
[INFO] com.google.auto.value:auto-value-annotations:1.6.2:jar already exists in /root/workspace/SonarSource/sonar-java/459794884/java-checks/target/test-jars
[INFO] org.immutables:value:2.7.1:jar already exists in /root/workspace/SonarSource/sonar-java/459794884/java-checks/target/test-jars
[INFO] org.apache.commons:commons-crypto:1.0.0:jar already exists in /root/workspace/SonarSource/sonar-java/459794884/java-checks/target/test-jars
[INFO] org.apache.logging.log4j:log4j-core:2.11.1:jar already exists in /root/workspace/SonarSource/sonar-java/459794884/java-checks/target/test-jars
[INFO] org.apache.logging.log4j:log4j-api:2.11.1:jar already exists in /root/workspace/SonarSource/sonar-java/459794884/java-checks/target/test-jars
[INFO] ch.qos.logback:logback-classic:0.9.30:jar already exists in /root/workspace/SonarSource/sonar-java/459794884/java-checks/target/test-jars
[INFO] ch.qos.logback:logback-core:1.1.3:jar already exists in /root/workspace/SonarSource/sonar-java/459794884/java-checks/target/test-jars
[INFO] commons-codec:commons-codec:1.11:jar already exists in /root/workspace/SonarSource/sonar-java/459794884/java-checks/target/test-jars
[INFO] org.apache.commons:commons-compress:1.18:jar already exists in /root/workspace/SonarSource/sonar-java/459794884/java-checks/target/test-jars
[INFO] 
[INFO] --- maven-surefire-plugin:2.22.0:test (default-test) @ java-checks ---
[INFO] 
[INFO] -------------------------------------------------------
[INFO]  T E S T S
[INFO] -------------------------------------------------------
[INFO] Running org.sonar.java.checks.ValueBasedObjectsShouldNotBeSerializedCheckTest
[INFO] Tests run: 1, Failures: 0, Errors: 0, Skipped: 0, Time elapsed: 2.379 s - in org.sonar.java.checks.ValueBasedObjectsShouldNotBeSerializedCheckTest
[INFO] Running org.sonar.java.checks.helpers.JavaPropertiesHelperTest
[INFO] Tests run: 10, Failures: 0, Errors: 0, Skipped: 0, Time elapsed: 0.679 s - in org.sonar.java.checks.helpers.JavaPropertiesHelperTest
[INFO] Running org.sonar.java.checks.naming.BadLocalConstantNameCheckTest
[INFO] Tests run: 3, Failures: 0, Errors: 0, Skipped: 0, Time elapsed: 0.443 s - in org.sonar.java.checks.naming.BadLocalConstantNameCheckTest
[INFO] Running org.sonar.java.checks.NonShortCircuitLogicCheckTest
[INFO] Tests run: 1, Failures: 0, Errors: 0, Skipped: 0, Time elapsed: 0.096 s - in org.sonar.java.checks.NonShortCircuitLogicCheckTest
[INFO] Running org.sonar.java.checks.CollectionImplementationReferencedCheckTest
[INFO] Tests run: 1, Failures: 0, Errors: 0, Skipped: 0, Time elapsed: 0.181 s - in org.sonar.java.checks.CollectionImplementationReferencedCheckTest
[INFO] Running org.sonar.java.checks.naming.MethodNamedEqualsCheckTest
[INFO] Tests run: 1, Failures: 0, Errors: 0, Skipped: 0, Time elapsed: 0.12 s - in org.sonar.java.checks.naming.MethodNamedEqualsCheckTest
[INFO] Running org.sonar.java.checks.security.SMTPSSLServerIdentityCheckTest
[INFO] Tests run: 3, Failures: 0, Errors: 0, Skipped: 0, Time elapsed: 0.46 s - in org.sonar.java.checks.security.SMTPSSLServerIdentityCheckTest
[INFO] Running org.sonar.java.checks.StringMethodsWithLocaleCheckTest
[INFO] Tests run: 1, Failures: 0, Errors: 0, Skipped: 0, Time elapsed: 0.127 s - in org.sonar.java.checks.StringMethodsWithLocaleCheckTest
[INFO] Running org.sonar.java.checks.RSAUsesOAEPCheckTest
[INFO] Tests run: 1, Failures: 0, Errors: 0, Skipped: 0, Time elapsed: 0.062 s - in org.sonar.java.checks.RSAUsesOAEPCheckTest
[INFO] Running org.sonar.java.checks.security.DebugFeatureEnabledCheckTest
[INFO] Tests run: 1, Failures: 0, Errors: 0, Skipped: 0, Time elapsed: 0.092 s - in org.sonar.java.checks.security.DebugFeatureEnabledCheckTest
[INFO] Running org.sonar.java.checks.xml.maven.GroupIdNamingConventionCheckTest
[INFO] Tests run: 3, Failures: 0, Errors: 0, Skipped: 0, Time elapsed: 1.085 s - in org.sonar.java.checks.xml.maven.GroupIdNamingConventionCheckTest
[INFO] Running org.sonar.java.checks.SwitchWithTooManyCasesCheckTest
[INFO] Tests run: 2, Failures: 0, Errors: 0, Skipped: 0, Time elapsed: 0.128 s - in org.sonar.java.checks.SwitchWithTooManyCasesCheckTest
[INFO] Running org.sonar.java.checks.ImmediateReverseBoxingCheckTest
[INFO] Tests run: 1, Failures: 0, Errors: 0, Skipped: 0, Time elapsed: 0.204 s - in org.sonar.java.checks.ImmediateReverseBoxingCheckTest
[INFO] Running org.sonar.java.checks.UselessPackageInfoCheckTest
[INFO] Tests run: 3, Failures: 0, Errors: 0, Skipped: 0, Time elapsed: 0.122 s - in org.sonar.java.checks.UselessPackageInfoCheckTest
[INFO] Running org.sonar.java.checks.StringPrimitiveConstructorCheckTest
[INFO] Tests run: 1, Failures: 0, Errors: 0, Skipped: 0, Time elapsed: 0.091 s - in org.sonar.java.checks.StringPrimitiveConstructorCheckTest
[INFO] Running org.sonar.java.checks.ThreadOverridesRunCheckTest
[INFO] Tests run: 1, Failures: 0, Errors: 0, Skipped: 0, Time elapsed: 0.062 s - in org.sonar.java.checks.ThreadOverridesRunCheckTest
[INFO] Running org.sonar.java.checks.helpers.ValueBasedUtilsTest
[INFO] Tests run: 1, Failures: 0, Errors: 0, Skipped: 0, Time elapsed: 0.018 s - in org.sonar.java.checks.helpers.ValueBasedUtilsTest
[INFO] Running org.sonar.java.checks.ConditionalOnNewLineCheckTest
[INFO] Tests run: 1, Failures: 0, Errors: 0, Skipped: 0, Time elapsed: 0.036 s - in org.sonar.java.checks.ConditionalOnNewLineCheckTest
[INFO] Running org.sonar.java.filters.AnyRuleIssueFilterTest
[INFO] Tests run: 4, Failures: 0, Errors: 0, Skipped: 0, Time elapsed: 0.911 s - in org.sonar.java.filters.AnyRuleIssueFilterTest
[INFO] Running org.sonar.java.checks.NPEThrowCheckTest
[INFO] Tests run: 1, Failures: 0, Errors: 0, Skipped: 0, Time elapsed: 0.065 s - in org.sonar.java.checks.NPEThrowCheckTest
[INFO] Running org.sonar.java.checks.IgnoredReturnValueCheckTest
[INFO] Tests run: 1, Failures: 0, Errors: 0, Skipped: 0, Time elapsed: 0.197 s - in org.sonar.java.checks.IgnoredReturnValueCheckTest
[INFO] Running org.sonar.java.checks.AssertOnBooleanVariableCheckTest
[INFO] Tests run: 1, Failures: 0, Errors: 0, Skipped: 0, Time elapsed: 0.052 s - in org.sonar.java.checks.AssertOnBooleanVariableCheckTest
[INFO] Running org.sonar.java.checks.FixmeTagPresenceCheckTest
[INFO] Tests run: 1, Failures: 0, Errors: 0, Skipped: 0, Time elapsed: 0.049 s - in org.sonar.java.checks.FixmeTagPresenceCheckTest
[INFO] Running org.sonar.java.checks.JacksonDeserializationCheckTest
[INFO] Tests run: 2, Failures: 0, Errors: 0, Skipped: 0, Time elapsed: 0.119 s - in org.sonar.java.checks.JacksonDeserializationCheckTest
[INFO] Running org.sonar.java.checks.naming.BadMethodNameCheckTest
[INFO] Tests run: 3, Failures: 0, Errors: 0, Skipped: 0, Time elapsed: 0.107 s - in org.sonar.java.checks.naming.BadMethodNameCheckTest
[INFO] Running org.sonar.java.checks.ThrowCheckedExceptionCheckTest
[INFO] Tests run: 1, Failures: 0, Errors: 0, Skipped: 0, Time elapsed: 0.063 s - in org.sonar.java.checks.ThrowCheckedExceptionCheckTest
[INFO] Running org.sonar.java.checks.xml.maven.helpers.RangedVersionMatcherTest
[INFO] Tests run: 9, Failures: 0, Errors: 0, Skipped: 0, Time elapsed: 0.006 s - in org.sonar.java.checks.xml.maven.helpers.RangedVersionMatcherTest
[INFO] Running org.sonar.java.checks.UselessIncrementCheckTest
[INFO] Tests run: 1, Failures: 0, Errors: 0, Skipped: 0, Time elapsed: 0.037 s - in org.sonar.java.checks.UselessIncrementCheckTest
[INFO] Running org.sonar.java.checks.DoublePrefixOperatorCheckTest
[INFO] Tests run: 1, Failures: 0, Errors: 0, Skipped: 0, Time elapsed: 0.045 s - in org.sonar.java.checks.DoublePrefixOperatorCheckTest
[INFO] Running org.sonar.java.checks.FinalizeFieldsSetCheckTest
[INFO] Tests run: 1, Failures: 0, Errors: 0, Skipped: 0, Time elapsed: 0.062 s - in org.sonar.java.checks.FinalizeFieldsSetCheckTest
[INFO] Running org.sonar.java.checks.EnumSetCheckTest
[INFO] Tests run: 1, Failures: 0, Errors: 0, Skipped: 0, Time elapsed: 0.225 s - in org.sonar.java.checks.EnumSetCheckTest
[INFO] Running org.sonar.java.checks.BooleanLiteralCheckTest
[INFO] Tests run: 1, Failures: 0, Errors: 0, Skipped: 0, Time elapsed: 0.046 s - in org.sonar.java.checks.BooleanLiteralCheckTest
[INFO] Running org.sonar.java.checks.MethodIdenticalImplementationsCheckTest
[INFO] Tests run: 2, Failures: 0, Errors: 0, Skipped: 0, Time elapsed: 0.121 s - in org.sonar.java.checks.MethodIdenticalImplementationsCheckTest
[INFO] Running org.sonar.java.checks.RedundantTypeCastCheckTest
[INFO] Tests run: 1, Failures: 0, Errors: 0, Skipped: 0, Time elapsed: 0.308 s - in org.sonar.java.checks.RedundantTypeCastCheckTest
[INFO] Running org.sonar.java.checks.CatchIllegalMonitorStateExceptionCheckTest
[INFO] Tests run: 1, Failures: 0, Errors: 0, Skipped: 0, Time elapsed: 0.036 s - in org.sonar.java.checks.CatchIllegalMonitorStateExceptionCheckTest
[INFO] Running org.sonar.java.checks.ReturnInFinallyCheckTest
[INFO] Tests run: 1, Failures: 0, Errors: 0, Skipped: 0, Time elapsed: 0.054 s - in org.sonar.java.checks.ReturnInFinallyCheckTest
[INFO] Running org.sonar.java.checks.WaitOnConditionCheckTest
[INFO] Tests run: 1, Failures: 0, Errors: 0, Skipped: 0, Time elapsed: 0.054 s - in org.sonar.java.checks.WaitOnConditionCheckTest
[INFO] Running org.sonar.java.checks.CollectionsEmptyConstantsCheckTest
[INFO] Tests run: 1, Failures: 0, Errors: 0, Skipped: 0, Time elapsed: 0.047 s - in org.sonar.java.checks.CollectionsEmptyConstantsCheckTest
[INFO] Running org.sonar.java.checks.EnumMutableFieldCheckTest
[INFO] Tests run: 1, Failures: 0, Errors: 0, Skipped: 0, Time elapsed: 0.052 s - in org.sonar.java.checks.EnumMutableFieldCheckTest
[INFO] Running org.sonar.java.checks.security.SocketUsageCheckTest
[INFO] Tests run: 2, Failures: 0, Errors: 0, Skipped: 0, Time elapsed: 0.101 s - in org.sonar.java.checks.security.SocketUsageCheckTest
[INFO] Running org.sonar.java.checks.WildcardReturnParameterTypeCheckTest
[INFO] Tests run: 1, Failures: 0, Errors: 0, Skipped: 0, Time elapsed: 0.042 s - in org.sonar.java.checks.WildcardReturnParameterTypeCheckTest
[INFO] Running org.sonar.java.checks.TooManyLinesOfCodeInFileCheckTest
[INFO] Tests run: 3, Failures: 0, Errors: 0, Skipped: 0, Time elapsed: 0.109 s - in org.sonar.java.checks.TooManyLinesOfCodeInFileCheckTest
[INFO] Running org.sonar.java.checks.PublicStaticFieldShouldBeFinalCheckTest
[INFO] Tests run: 1, Failures: 0, Errors: 0, Skipped: 0, Time elapsed: 0.051 s - in org.sonar.java.checks.PublicStaticFieldShouldBeFinalCheckTest
[INFO] Running org.sonar.java.checks.EmptyMethodsCheckTest
[INFO] Tests run: 1, Failures: 0, Errors: 0, Skipped: 0, Time elapsed: 0.052 s - in org.sonar.java.checks.EmptyMethodsCheckTest
[INFO] Running org.sonar.java.checks.ParsingErrorCheckTest
[INFO] Tests run: 1, Failures: 0, Errors: 0, Skipped: 0, Time elapsed: 0.249 s - in org.sonar.java.checks.ParsingErrorCheckTest
[INFO] Running org.sonar.java.checks.WildcardImportsShouldNotBeUsedCheckTest
[INFO] Tests run: 1, Failures: 0, Errors: 0, Skipped: 0, Time elapsed: 0.048 s - in org.sonar.java.checks.WildcardImportsShouldNotBeUsedCheckTest
[INFO] Running org.sonar.java.checks.SillyBitOperationCheckTest
[INFO] Tests run: 1, Failures: 0, Errors: 0, Skipped: 0, Time elapsed: 0.037 s - in org.sonar.java.checks.SillyBitOperationCheckTest
[INFO] Running org.sonar.java.checks.CallSuperMethodFromInnerClassCheckTest
[INFO] Tests run: 1, Failures: 0, Errors: 0, Skipped: 0, Time elapsed: 0.062 s - in org.sonar.java.checks.CallSuperMethodFromInnerClassCheckTest
[INFO] Running org.sonar.java.checks.ToArrayCheckTest
[INFO] Tests run: 1, Failures: 0, Errors: 0, Skipped: 0, Time elapsed: 0.063 s - in org.sonar.java.checks.ToArrayCheckTest
[INFO] Running org.sonar.java.checks.security.HttpRequestsHotspotCheckTest
[INFO] Tests run: 2, Failures: 0, Errors: 0, Skipped: 0, Time elapsed: 0.133 s - in org.sonar.java.checks.security.HttpRequestsHotspotCheckTest
[INFO] Running org.sonar.java.checks.ClassFieldCountCheckTest
[INFO] Tests run: 4, Failures: 0, Errors: 0, Skipped: 0, Time elapsed: 0.185 s - in org.sonar.java.checks.ClassFieldCountCheckTest
[INFO] Running org.sonar.java.checks.security.LDAPDeserializationCheckTest
[INFO] Tests run: 1, Failures: 0, Errors: 0, Skipped: 0, Time elapsed: 0.034 s - in org.sonar.java.checks.security.LDAPDeserializationCheckTest
[INFO] Running org.sonar.java.checks.HttpRefererCheckTest
[INFO] Tests run: 1, Failures: 0, Errors: 0, Skipped: 0, Time elapsed: 0.042 s - in org.sonar.java.checks.HttpRefererCheckTest
[INFO] Running org.sonar.java.checks.ObjectFinalizeCheckTest
[INFO] Tests run: 1, Failures: 0, Errors: 0, Skipped: 0, Time elapsed: 0.032 s - in org.sonar.java.checks.ObjectFinalizeCheckTest
[INFO] Running org.sonar.java.checks.SuppressWarningsCheckTest
[INFO] Tests run: 5, Failures: 0, Errors: 0, Skipped: 0, Time elapsed: 0.169 s - in org.sonar.java.checks.SuppressWarningsCheckTest
[INFO] Running org.sonar.java.checks.CloneMethodCallsSuperCloneCheckTest
[INFO] Tests run: 1, Failures: 0, Errors: 0, Skipped: 0, Time elapsed: 0.044 s - in org.sonar.java.checks.CloneMethodCallsSuperCloneCheckTest
[INFO] Running org.sonar.java.checks.SwitchInsteadOfIfSequenceCheckTest
[INFO] Tests run: 2, Failures: 0, Errors: 0, Skipped: 0, Time elapsed: 0.108 s - in org.sonar.java.checks.SwitchInsteadOfIfSequenceCheckTest
[INFO] Running org.sonar.java.filters.BaseTreeVisitorIssueFilterTest
[INFO] Tests run: 5, Failures: 0, Errors: 0, Skipped: 0, Time elapsed: 0.099 s - in org.sonar.java.filters.BaseTreeVisitorIssueFilterTest
[INFO] Running org.sonar.java.checks.CollectionMethodsWithLinearComplexityCheckTest
[INFO] Tests run: 1, Failures: 0, Errors: 0, Skipped: 0, Time elapsed: 0.1 s - in org.sonar.java.checks.CollectionMethodsWithLinearComplexityCheckTest
[INFO] Running org.sonar.java.checks.IgnoredStreamReturnValueCheckTest
[INFO] Tests run: 1, Failures: 0, Errors: 0, Skipped: 0, Time elapsed: 0.038 s - in org.sonar.java.checks.IgnoredStreamReturnValueCheckTest
[INFO] Running org.sonar.java.checks.OctalValuesCheckTest
[INFO] Tests run: 1, Failures: 0, Errors: 0, Skipped: 0, Time elapsed: 0.033 s - in org.sonar.java.checks.OctalValuesCheckTest
[INFO] Running org.sonar.java.checks.security.SecureXmlTransformerCheckTest
[INFO] Tests run: 1, Failures: 0, Errors: 0, Skipped: 0, Time elapsed: 0.065 s - in org.sonar.java.checks.security.SecureXmlTransformerCheckTest
[INFO] Running org.sonar.java.checks.AssignmentInSubExpressionCheckTest
[INFO] Tests run: 1, Failures: 0, Errors: 0, Skipped: 0, Time elapsed: 0.054 s - in org.sonar.java.checks.AssignmentInSubExpressionCheckTest
[INFO] Running org.sonar.java.checks.InstanceOfAlwaysTrueCheckTest
[INFO] Tests run: 1, Failures: 0, Errors: 0, Skipped: 0, Time elapsed: 0.035 s - in org.sonar.java.checks.InstanceOfAlwaysTrueCheckTest
[INFO] Running org.sonar.java.checks.NestedTernaryOperatorsCheckTest
[INFO] Tests run: 1, Failures: 0, Errors: 0, Skipped: 0, Time elapsed: 0.027 s - in org.sonar.java.checks.NestedTernaryOperatorsCheckTest
[INFO] Running org.sonar.java.checks.NullShouldNotBeUsedWithOptionalCheckTest
[INFO] Tests run: 1, Failures: 0, Errors: 0, Skipped: 0, Time elapsed: 0.042 s - in org.sonar.java.checks.NullShouldNotBeUsedWithOptionalCheckTest
[INFO] Running org.sonar.java.checks.CompareToNotOverloadedCheckTest
[INFO] Tests run: 1, Failures: 0, Errors: 0, Skipped: 0, Time elapsed: 0.056 s - in org.sonar.java.checks.CompareToNotOverloadedCheckTest
[INFO] Running org.sonar.java.checks.ConstantsShouldBeStaticFinalCheckTest
[INFO] Tests run: 1, Failures: 0, Errors: 0, Skipped: 0, Time elapsed: 0.048 s - in org.sonar.java.checks.ConstantsShouldBeStaticFinalCheckTest
[INFO] Running org.sonar.java.filters.GeneratedCodeFilterTest
[INFO] Tests run: 1, Failures: 0, Errors: 0, Skipped: 0, Time elapsed: 0.055 s - in org.sonar.java.filters.GeneratedCodeFilterTest
[INFO] Running org.sonar.java.checks.security.XPathUsageCheckTest
[INFO] Tests run: 2, Failures: 0, Errors: 0, Skipped: 0, Time elapsed: 0.079 s - in org.sonar.java.checks.security.XPathUsageCheckTest
[INFO] Running org.sonar.java.checks.HardcodedURICheckTest
[INFO] Tests run: 1, Failures: 0, Errors: 0, Skipped: 0, Time elapsed: 0.044 s - in org.sonar.java.checks.HardcodedURICheckTest
[INFO] Running org.sonar.java.checks.naming.MethodNamedHashcodeOrEqualCheckTest
[INFO] Tests run: 1, Failures: 0, Errors: 0, Skipped: 0, Time elapsed: 0.033 s - in org.sonar.java.checks.naming.MethodNamedHashcodeOrEqualCheckTest
[INFO] Running org.sonar.java.checks.unused.UnusedReturnedDataCheckTest
[INFO] Tests run: 1, Failures: 0, Errors: 0, Skipped: 0, Time elapsed: 0.05 s - in org.sonar.java.checks.unused.UnusedReturnedDataCheckTest
[INFO] Running org.sonar.java.checks.CollectInsteadOfForeachCheckTest
[INFO] Tests run: 1, Failures: 0, Errors: 0, Skipped: 0, Time elapsed: 0.045 s - in org.sonar.java.checks.CollectInsteadOfForeachCheckTest
[INFO] Running org.sonar.java.checks.security.DataEncryptionCheckTest
[INFO] Tests run: 1, Failures: 0, Errors: 0, Skipped: 0, Time elapsed: 0.077 s - in org.sonar.java.checks.security.DataEncryptionCheckTest
[INFO] Running org.sonar.java.checks.UselessImportCheckTest
[INFO] Tests run: 3, Failures: 0, Errors: 0, Skipped: 0, Time elapsed: 0.189 s - in org.sonar.java.checks.UselessImportCheckTest
[INFO] Running org.sonar.java.checks.SwitchCaseWithoutBreakCheckTest
[INFO] Tests run: 1, Failures: 0, Errors: 0, Skipped: 0, Time elapsed: 0.191 s - in org.sonar.java.checks.SwitchCaseWithoutBreakCheckTest
[INFO] Running org.sonar.java.checks.unused.UnusedPrivateMethodCheckTest
[INFO] Tests run: 1, Failures: 0, Errors: 0, Skipped: 0, Time elapsed: 0.208 s - in org.sonar.java.checks.unused.UnusedPrivateMethodCheckTest
[INFO] Running org.sonar.java.checks.AvoidDESCheckTest
[INFO] Tests run: 1, Failures: 0, Errors: 0, Skipped: 0, Time elapsed: 0.05 s - in org.sonar.java.checks.AvoidDESCheckTest
[INFO] Running org.sonar.java.checks.DisallowedThreadGroupCheckTest
[INFO] Tests run: 2, Failures: 0, Errors: 0, Skipped: 0, Time elapsed: 0.091 s - in org.sonar.java.checks.DisallowedThreadGroupCheckTest
[INFO] Running org.sonar.java.checks.xml.maven.helpers.MavenDependencyMatcherTest
[INFO] Tests run: 9, Failures: 0, Errors: 0, Skipped: 0, Time elapsed: 0.006 s - in org.sonar.java.checks.xml.maven.helpers.MavenDependencyMatcherTest
[INFO] Running org.sonar.java.checks.VolatileVariablesOperationsCheckTest
[INFO] Tests run: 2, Failures: 0, Errors: 0, Skipped: 0, Time elapsed: 0.086 s - in org.sonar.java.checks.VolatileVariablesOperationsCheckTest
[INFO] Running org.sonar.java.checks.naming.BadTypeParameterNameCheckTest
[INFO] Tests run: 2, Failures: 0, Errors: 0, Skipped: 0, Time elapsed: 0.109 s - in org.sonar.java.checks.naming.BadTypeParameterNameCheckTest
[INFO] Running org.sonar.java.checks.unused.UnusedTypeParameterCheckTest
[INFO] Tests run: 1, Failures: 0, Errors: 0, Skipped: 0, Time elapsed: 0.033 s - in org.sonar.java.checks.unused.UnusedTypeParameterCheckTest
[INFO] Running org.sonar.java.checks.security.CipherBlockChainingCheckTest
[INFO] Tests run: 2, Failures: 0, Errors: 0, Skipped: 0, Time elapsed: 0.083 s - in org.sonar.java.checks.security.CipherBlockChainingCheckTest
[INFO] Running org.sonar.java.checks.RandomFloatToIntCheckTest
[INFO] Tests run: 1, Failures: 0, Errors: 0, Skipped: 0, Time elapsed: 0.036 s - in org.sonar.java.checks.RandomFloatToIntCheckTest
[INFO] Running org.sonar.java.checks.AnnotationArgumentOrderCheckTest
[INFO] Tests run: 1, Failures: 0, Errors: 0, Skipped: 0, Time elapsed: 0.04 s - in org.sonar.java.checks.AnnotationArgumentOrderCheckTest
[INFO] Running org.sonar.java.checks.OneDeclarationPerLineCheckTest
[INFO] Tests run: 1, Failures: 0, Errors: 0, Skipped: 0, Time elapsed: 0.041 s - in org.sonar.java.checks.OneDeclarationPerLineCheckTest
[INFO] Running org.sonar.java.checks.HasNextCallingNextCheckTest
[INFO] Tests run: 1, Failures: 0, Errors: 0, Skipped: 0, Time elapsed: 0.071 s - in org.sonar.java.checks.HasNextCallingNextCheckTest
[INFO] Running org.sonar.java.checks.EqualsNotOverridenWithCompareToCheckTest
[INFO] Tests run: 1, Failures: 0, Errors: 0, Skipped: 0, Time elapsed: 0.042 s - in org.sonar.java.checks.EqualsNotOverridenWithCompareToCheckTest
[INFO] Running org.sonar.java.checks.CatchUsesExceptionWithContextCheckTest
[INFO] Tests run: 1, Failures: 0, Errors: 0, Skipped: 0, Time elapsed: 0.153 s - in org.sonar.java.checks.CatchUsesExceptionWithContextCheckTest
[INFO] Running org.sonar.java.checks.AnonymousClassesTooBigCheckTest
[INFO] Tests run: 2, Failures: 0, Errors: 0, Skipped: 0, Time elapsed: 0.119 s - in org.sonar.java.checks.AnonymousClassesTooBigCheckTest
[INFO] Running org.sonar.java.checks.IdenticalOperandOnBinaryExpressionCheckTest
[INFO] Tests run: 1, Failures: 0, Errors: 0, Skipped: 0, Time elapsed: 0.053 s - in org.sonar.java.checks.IdenticalOperandOnBinaryExpressionCheckTest
[INFO] Running org.sonar.java.checks.CaseInsensitiveComparisonCheckTest
[INFO] Tests run: 1, Failures: 0, Errors: 0, Skipped: 0, Time elapsed: 0.039 s - in org.sonar.java.checks.CaseInsensitiveComparisonCheckTest
[INFO] Running org.sonar.java.checks.InvalidDateValuesCheckTest
[INFO] Tests run: 1, Failures: 0, Errors: 0, Skipped: 0, Time elapsed: 0.06 s - in org.sonar.java.checks.InvalidDateValuesCheckTest
[INFO] Running org.sonar.java.checks.security.ControllingPermissionsCheckTest
[INFO] Tests run: 2, Failures: 0, Errors: 0, Skipped: 0, Time elapsed: 0.112 s - in org.sonar.java.checks.security.ControllingPermissionsCheckTest
[INFO] Running org.sonar.java.checks.CollapsibleIfCandidateCheckTest
[INFO] Tests run: 1, Failures: 0, Errors: 0, Skipped: 0, Time elapsed: 0.034 s - in org.sonar.java.checks.CollapsibleIfCandidateCheckTest
[INFO] Running org.sonar.java.checks.ForLoopTerminationConditionCheckTest
[INFO] Tests run: 1, Failures: 0, Errors: 0, Skipped: 0, Time elapsed: 0.075 s - in org.sonar.java.checks.ForLoopTerminationConditionCheckTest
[INFO] Running org.sonar.java.checks.FilesExistsJDK8CheckTest
[INFO] Tests run: 3, Failures: 0, Errors: 0, Skipped: 0, Time elapsed: 0.156 s - in org.sonar.java.checks.FilesExistsJDK8CheckTest
[INFO] Running org.sonar.java.checks.LambdaOptionalParenthesisCheckTest
[INFO] Tests run: 2, Failures: 0, Errors: 0, Skipped: 0, Time elapsed: 0.1 s - in org.sonar.java.checks.LambdaOptionalParenthesisCheckTest
[INFO] Running org.sonar.java.checks.PreferStreamAnyMatchCheckTest
[INFO] Tests run: 1, Failures: 0, Errors: 0, Skipped: 0, Time elapsed: 0.088 s - in org.sonar.java.checks.PreferStreamAnyMatchCheckTest
[INFO] Running org.sonar.java.checks.ForLoopUsedAsWhileLoopCheckTest
[INFO] Tests run: 1, Failures: 0, Errors: 0, Skipped: 0, Time elapsed: 0.048 s - in org.sonar.java.checks.ForLoopUsedAsWhileLoopCheckTest
[INFO] Running org.sonar.java.checks.BooleanLiteralInAssertionsCheckTest
[INFO] Tests run: 1, Failures: 0, Errors: 0, Skipped: 0, Time elapsed: 0.085 s - in org.sonar.java.checks.BooleanLiteralInAssertionsCheckTest
[INFO] Running org.sonar.java.checks.ThreadRunCheckTest
[INFO] Tests run: 1, Failures: 0, Errors: 0, Skipped: 0, Time elapsed: 0.068 s - in org.sonar.java.checks.ThreadRunCheckTest
[INFO] Running org.sonar.java.checks.SQLInjectionCheckTest
[INFO] Tests run: 1, Failures: 0, Errors: 0, Skipped: 0, Time elapsed: 0.12 s - in org.sonar.java.checks.SQLInjectionCheckTest
[INFO] Running org.sonar.java.checks.DisallowedClassCheckTest
[INFO] Tests run: 4, Failures: 0, Errors: 0, Skipped: 0, Time elapsed: 0.242 s - in org.sonar.java.checks.DisallowedClassCheckTest
[INFO] Running org.sonar.java.checks.MethodTooBigCheckTest
[INFO] Tests run: 3, Failures: 0, Errors: 0, Skipped: 0, Time elapsed: 0.074 s - in org.sonar.java.checks.MethodTooBigCheckTest
[INFO] Running org.sonar.java.checks.security.LDAPAuthenticatedConnectionCheckTest
[INFO] Tests run: 1, Failures: 0, Errors: 0, Skipped: 0, Time elapsed: 0.082 s - in org.sonar.java.checks.security.LDAPAuthenticatedConnectionCheckTest
[INFO] Running org.sonar.java.checks.CompareToResultTestCheckTest
[INFO] Tests run: 1, Failures: 0, Errors: 0, Skipped: 0, Time elapsed: 0.071 s - in org.sonar.java.checks.CompareToResultTestCheckTest
[INFO] Running org.sonar.java.checks.TooManyMethodsCheckTest
[INFO] Tests run: 2, Failures: 0, Errors: 0, Skipped: 0, Time elapsed: 0.117 s - in org.sonar.java.checks.TooManyMethodsCheckTest
[INFO] Running org.sonar.java.checks.OneClassInterfacePerFileCheckTest
[INFO] Tests run: 2, Failures: 0, Errors: 0, Skipped: 0, Time elapsed: 0.061 s - in org.sonar.java.checks.OneClassInterfacePerFileCheckTest
[INFO] Running org.sonar.java.checks.security.ZipEntryCheckTest
[INFO] Tests run: 2, Failures: 0, Errors: 0, Skipped: 0, Time elapsed: 0.099 s - in org.sonar.java.checks.security.ZipEntryCheckTest
[INFO] Running org.sonar.java.checks.MainMethodThrowsExceptionCheckTest
[INFO] Tests run: 1, Failures: 0, Errors: 0, Skipped: 0, Time elapsed: 0.033 s - in org.sonar.java.checks.MainMethodThrowsExceptionCheckTest
[INFO] Running org.sonar.java.checks.MissingDeprecatedCheckTest
[INFO] Tests run: 2, Failures: 0, Errors: 0, Skipped: 0, Time elapsed: 0.072 s - in org.sonar.java.checks.MissingDeprecatedCheckTest
[INFO] Running org.sonar.java.checks.UnderscoreOnNumberCheckTest
[INFO] Tests run: 2, Failures: 0, Errors: 0, Skipped: 0, Time elapsed: 0.065 s - in org.sonar.java.checks.UnderscoreOnNumberCheckTest
[INFO] Running org.sonar.java.checks.xml.maven.helpers.PatternMatcherTest
[INFO] Tests run: 2, Failures: 0, Errors: 0, Skipped: 0, Time elapsed: 0.001 s - in org.sonar.java.checks.xml.maven.helpers.PatternMatcherTest
[INFO] Running org.sonar.java.checks.xml.maven.DeprecatedPomPropertiesCheckTest
[INFO] Tests run: 2, Failures: 0, Errors: 0, Skipped: 0, Time elapsed: 0.059 s - in org.sonar.java.checks.xml.maven.DeprecatedPomPropertiesCheckTest
[INFO] Running org.sonar.java.checks.LoopExecutingAtMostOnceCheckTest
[INFO] Tests run: 1, Failures: 0, Errors: 0, Skipped: 0, Time elapsed: 0.127 s - in org.sonar.java.checks.LoopExecutingAtMostOnceCheckTest
[INFO] Running org.sonar.java.checks.DeprecatedTagPresenceCheckTest
[INFO] Tests run: 1, Failures: 0, Errors: 0, Skipped: 0, Time elapsed: 0.029 s - in org.sonar.java.checks.DeprecatedTagPresenceCheckTest
[INFO] Running org.sonar.java.checks.InputStreamReadCheckTest
[INFO] Tests run: 2, Failures: 0, Errors: 0, Skipped: 0, Time elapsed: 0.057 s - in org.sonar.java.checks.InputStreamReadCheckTest
[INFO] Running org.sonar.java.checks.ConstructorInjectionCheckTest
[INFO] Tests run: 1, Failures: 0, Errors: 0, Skipped: 0, Time elapsed: 0.066 s - in org.sonar.java.checks.ConstructorInjectionCheckTest
[INFO] Running org.sonar.java.checks.UselessParenthesesCheckTest
[INFO] Tests run: 1, Failures: 0, Errors: 0, Skipped: 0, Time elapsed: 0.078 s - in org.sonar.java.checks.UselessParenthesesCheckTest
[INFO] Running org.sonar.java.checks.DateUtilsTruncateCheckTest
[INFO] Tests run: 3, Failures: 0, Errors: 0, Skipped: 0, Time elapsed: 0.166 s - in org.sonar.java.checks.DateUtilsTruncateCheckTest
[INFO] Running org.sonar.java.checks.MismatchPackageDirectoryCheckTest
[INFO] Tests run: 4, Failures: 0, Errors: 0, Skipped: 0, Time elapsed: 0.128 s - in org.sonar.java.checks.MismatchPackageDirectoryCheckTest
[INFO] Running org.sonar.java.checks.naming.BadTestClassNameCheckTest
[INFO] Tests run: 2, Failures: 0, Errors: 0, Skipped: 0, Time elapsed: 0.164 s - in org.sonar.java.checks.naming.BadTestClassNameCheckTest
[INFO] Running org.sonar.java.checks.RegexPatternsNeedlesslyCheckTest
[ERROR] Tests run: 1, Failures: 0, Errors: 1, Skipped: 0, Time elapsed: 0.082 s <<< FAILURE! - in org.sonar.java.checks.RegexPatternsNeedlesslyCheckTest
[ERROR] test(org.sonar.java.checks.RegexPatternsNeedlesslyCheckTest)  Time elapsed: 0.082 s  <<< ERROR!
org.sonar.java.AnalysisException: SonarQube is unable to analyze file : '/root/workspace/SonarSource/sonar-java/459794884/java-checks/src/test/files/checks/RegexPatternsNeedlesslyCheck.java'
	at org.sonar.java.checks.RegexPatternsNeedlesslyCheckTest.test(RegexPatternsNeedlesslyCheckTest.java:28)
Caused by: java.lang.NullPointerException
	at org.sonar.java.checks.RegexPatternsNeedlesslyCheckTest.test(RegexPatternsNeedlesslyCheckTest.java:28)

[INFO] Running org.sonar.java.checks.SpringConstructorInjectionCheckTest
[INFO] Tests run: 1, Failures: 0, Errors: 0, Skipped: 0, Time elapsed: 0.114 s - in org.sonar.java.checks.SpringConstructorInjectionCheckTest
[INFO] Running org.sonar.java.checks.ExpressionComplexityCheckTest
[INFO] Tests run: 2, Failures: 0, Errors: 0, Skipped: 0, Time elapsed: 0.079 s - in org.sonar.java.checks.ExpressionComplexityCheckTest
[INFO] Running org.sonar.java.checks.DeadStoreCheckTest
[INFO] Tests run: 2, Failures: 0, Errors: 0, Skipped: 0, Time elapsed: 0.16 s - in org.sonar.java.checks.DeadStoreCheckTest
[INFO] Running org.sonar.java.checks.xml.maven.ArtifactIdNamingConventionCheckTest
[INFO] Tests run: 3, Failures: 0, Errors: 0, Skipped: 0, Time elapsed: 0.56 s - in org.sonar.java.checks.xml.maven.ArtifactIdNamingConventionCheckTest
[INFO] Running org.sonar.java.checks.spring.SpringComponentScanCheckTest
[INFO] Tests run: 1, Failures: 0, Errors: 0, Skipped: 0, Time elapsed: 0.042 s - in org.sonar.java.checks.spring.SpringComponentScanCheckTest
[INFO] Running org.sonar.java.checks.xml.maven.helpers.LocatedAttributeMatcherTest
[INFO] Tests run: 1, Failures: 0, Errors: 0, Skipped: 0, Time elapsed: 0 s - in org.sonar.java.checks.xml.maven.helpers.LocatedAttributeMatcherTest
[INFO] Running org.sonar.java.checks.naming.BadFieldNameStaticNonFinalCheckTest
[INFO] Tests run: 2, Failures: 0, Errors: 0, Skipped: 0, Time elapsed: 0.05 s - in org.sonar.java.checks.naming.BadFieldNameStaticNonFinalCheckTest
[INFO] Running org.sonar.java.checks.OptionalAsParameterCheckTest
[INFO] Tests run: 1, Failures: 0, Errors: 0, Skipped: 0, Time elapsed: 0.039 s - in org.sonar.java.checks.OptionalAsParameterCheckTest
[INFO] Running org.sonar.java.checks.RedundantAbstractMethodCheckTest
[INFO] Tests run: 1, Failures: 0, Errors: 0, Skipped: 0, Time elapsed: 0.093 s - in org.sonar.java.checks.RedundantAbstractMethodCheckTest
[INFO] Running org.sonar.java.filters.SuppressWarningFilterTest
[INFO] Tests run: 1, Failures: 0, Errors: 0, Skipped: 0, Time elapsed: 0.18 s - in org.sonar.java.filters.SuppressWarningFilterTest
[INFO] Running org.sonar.java.checks.ForLoopVariableTypeCheckTest
[INFO] Tests run: 1, Failures: 0, Errors: 0, Skipped: 0, Time elapsed: 0.198 s - in org.sonar.java.checks.ForLoopVariableTypeCheckTest
[INFO] Running org.sonar.java.checks.TooManyParametersCheckTest
[INFO] Tests run: 3, Failures: 0, Errors: 0, Skipped: 0, Time elapsed: 0.226 s - in org.sonar.java.checks.TooManyParametersCheckTest
[INFO] Running org.sonar.java.checks.security.ExecCallCheckTest
[INFO] Tests run: 1, Failures: 0, Errors: 0, Skipped: 0, Time elapsed: 0.075 s - in org.sonar.java.checks.security.ExecCallCheckTest
[INFO] Running org.sonar.java.checks.NullCipherCheckTest
[INFO] Tests run: 1, Failures: 0, Errors: 0, Skipped: 0, Time elapsed: 0.037 s - in org.sonar.java.checks.NullCipherCheckTest
[INFO] Running org.sonar.java.checks.StreamPeekCheckTest
[INFO] Tests run: 1, Failures: 0, Errors: 0, Skipped: 0, Time elapsed: 0.038 s - in org.sonar.java.checks.StreamPeekCheckTest
[INFO] Running org.sonar.java.checks.spring.SpringConfigurationWithAutowiredFieldsCheckTest
[INFO] Tests run: 1, Failures: 0, Errors: 0, Skipped: 0, Time elapsed: 0.076 s - in org.sonar.java.checks.spring.SpringConfigurationWithAutowiredFieldsCheckTest
[INFO] Running org.sonar.java.checks.ForLoopIncrementSignCheckTest
[INFO] Tests run: 1, Failures: 0, Errors: 0, Skipped: 0, Time elapsed: 0.059 s - in org.sonar.java.checks.ForLoopIncrementSignCheckTest
[INFO] Running org.sonar.java.checks.AbstractClassNoFieldShouldBeInterfaceCheckTest
[INFO] Tests run: 4, Failures: 0, Errors: 0, Skipped: 0, Time elapsed: 0.181 s - in org.sonar.java.checks.AbstractClassNoFieldShouldBeInterfaceCheckTest
[INFO] Running org.sonar.java.checks.VarArgCheckTest
[INFO] Tests run: 1, Failures: 0, Errors: 0, Skipped: 0, Time elapsed: 0.034 s - in org.sonar.java.checks.VarArgCheckTest
[INFO] Running org.sonar.java.checks.RepeatAnnotationCheckTest
[INFO] Tests run: 3, Failures: 0, Errors: 0, Skipped: 0, Time elapsed: 0.128 s - in org.sonar.java.checks.RepeatAnnotationCheckTest
[INFO] Running org.sonar.java.checks.naming.BadLocalVariableNameCheckTest
[INFO] Tests run: 2, Failures: 0, Errors: 0, Skipped: 0, Time elapsed: 0.082 s - in org.sonar.java.checks.naming.BadLocalVariableNameCheckTest
[INFO] Running org.sonar.java.checks.LazyArgEvaluationCheckTest
[INFO] Tests run: 1, Failures: 0, Errors: 0, Skipped: 0, Time elapsed: 0.175 s - in org.sonar.java.checks.LazyArgEvaluationCheckTest
[INFO] Running org.sonar.java.checks.AnnotationDefaultArgumentCheckTest
[INFO] Tests run: 1, Failures: 0, Errors: 0, Skipped: 0, Time elapsed: 0.057 s - in org.sonar.java.checks.AnnotationDefaultArgumentCheckTest
[INFO] Running org.sonar.java.checks.synchronization.ValueBasedObjectUsedForLockCheckTest
[INFO] Tests run: 2, Failures: 0, Errors: 0, Skipped: 0, Time elapsed: 0.106 s - in org.sonar.java.checks.synchronization.ValueBasedObjectUsedForLockCheckTest
[INFO] Running org.sonar.java.checks.spring.SpringSecurityDisableCSRFCheckTest
[INFO] Tests run: 1, Failures: 0, Errors: 0, Skipped: 0, Time elapsed: 0.058 s - in org.sonar.java.checks.spring.SpringSecurityDisableCSRFCheckTest
[INFO] Running org.sonar.java.checks.ScheduledThreadPoolExecutorZeroCheckTest
[INFO] Tests run: 1, Failures: 0, Errors: 0, Skipped: 0, Time elapsed: 0.033 s - in org.sonar.java.checks.ScheduledThreadPoolExecutorZeroCheckTest
[INFO] Running org.sonar.java.checks.JdbcDriverExplicitLoadingCheckTest
[INFO] Tests run: 3, Failures: 0, Errors: 0, Skipped: 0, Time elapsed: 0.104 s - in org.sonar.java.checks.JdbcDriverExplicitLoadingCheckTest
[INFO] Running org.sonar.java.checks.SillyEqualsCheckTest
[INFO] Tests run: 1, Failures: 0, Errors: 0, Skipped: 0, Time elapsed: 0.042 s - in org.sonar.java.checks.SillyEqualsCheckTest
[INFO] Running org.sonar.java.checks.naming.BadAbstractClassNameCheckTest
[INFO] Tests run: 1, Failures: 0, Errors: 0, Skipped: 0, Time elapsed: 0.053 s - in org.sonar.java.checks.naming.BadAbstractClassNameCheckTest
[INFO] Running org.sonar.java.checks.SwitchCaseTooBigCheckTest
[INFO] Tests run: 3, Failures: 0, Errors: 0, Skipped: 0, Time elapsed: 0.125 s - in org.sonar.java.checks.SwitchCaseTooBigCheckTest
[INFO] Running org.sonar.java.checks.helpers.ReassignmentFinderTest
[INFO] Tests run: 16, Failures: 0, Errors: 0, Skipped: 0, Time elapsed: 0.188 s - in org.sonar.java.checks.helpers.ReassignmentFinderTest
[INFO] Running org.sonar.java.checks.DateFormatWeekYearCheckTest
[INFO] Tests run: 1, Failures: 0, Errors: 0, Skipped: 0, Time elapsed: 0.03 s - in org.sonar.java.checks.DateFormatWeekYearCheckTest
[INFO] Running org.sonar.java.checks.ServletMethodsExceptionsThrownCheckTest
[INFO] Tests run: 1, Failures: 0, Errors: 0, Skipped: 0, Time elapsed: 0.036 s - in org.sonar.java.checks.ServletMethodsExceptionsThrownCheckTest
[INFO] Running org.sonar.java.checks.ThrowsFromFinallyCheckTest
[INFO] Tests run: 1, Failures: 0, Errors: 0, Skipped: 0, Time elapsed: 0.028 s - in org.sonar.java.checks.ThrowsFromFinallyCheckTest
[INFO] Running org.sonar.java.checks.naming.BadClassNameCheckTest
[INFO] Tests run: 2, Failures: 0, Errors: 0, Skipped: 0, Time elapsed: 0.046 s - in org.sonar.java.checks.naming.BadClassNameCheckTest
[INFO] Running org.sonar.java.checks.spring.SpringComponentWithWrongScopeCheckTest
[INFO] Tests run: 1, Failures: 0, Errors: 0, Skipped: 0, Time elapsed: 0.051 s - in org.sonar.java.checks.spring.SpringComponentWithWrongScopeCheckTest
[INFO] Running org.sonar.java.checks.GettersSettersOnRightFieldCheckTest
[INFO] Tests run: 1, Failures: 0, Errors: 0, Skipped: 0, Time elapsed: 0.055 s - in org.sonar.java.checks.GettersSettersOnRightFieldCheckTest
[INFO] Running org.sonar.java.checks.StringOffsetMethodsCheckTest
[INFO] Tests run: 1, Failures: 0, Errors: 0, Skipped: 0, Time elapsed: 0.033 s - in org.sonar.java.checks.StringOffsetMethodsCheckTest
[INFO] Running org.sonar.java.checks.NioFileDeleteCheckTest
[INFO] Tests run: 2, Failures: 0, Errors: 0, Skipped: 0, Time elapsed: 0.061 s - in org.sonar.java.checks.NioFileDeleteCheckTest
[INFO] Running org.sonar.java.checks.NoPmdTagPresenceCheckTest
[INFO] Tests run: 1, Failures: 0, Errors: 0, Skipped: 0, Time elapsed: 0.017 s - in org.sonar.java.checks.NoPmdTagPresenceCheckTest
[INFO] Running org.sonar.java.checks.unused.UnusedPrivateClassCheckTest
[INFO] Tests run: 1, Failures: 0, Errors: 0, Skipped: 0, Time elapsed: 0.039 s - in org.sonar.java.checks.unused.UnusedPrivateClassCheckTest
[INFO] Running org.sonar.java.checks.ReflectionOnNonRuntimeAnnotationCheckTest
[INFO] Tests run: 1, Failures: 0, Errors: 0, Skipped: 0, Time elapsed: 0.057 s - in org.sonar.java.checks.ReflectionOnNonRuntimeAnnotationCheckTest
[INFO] Running org.sonar.java.checks.LeftCurlyBraceEndLineCheckTest
[INFO] Tests run: 1, Failures: 0, Errors: 0, Skipped: 0, Time elapsed: 0.036 s - in org.sonar.java.checks.LeftCurlyBraceEndLineCheckTest
[INFO] Running org.sonar.java.checks.ThreadStartedInConstructorCheckTest
[INFO] Tests run: 1, Failures: 0, Errors: 0, Skipped: 0, Time elapsed: 0.032 s - in org.sonar.java.checks.ThreadStartedInConstructorCheckTest
[INFO] Running org.sonar.java.checks.AbstractMethodDetectionTest
[INFO] Tests run: 3, Failures: 0, Errors: 0, Skipped: 0, Time elapsed: 0.043 s - in org.sonar.java.checks.AbstractMethodDetectionTest
[INFO] Running org.sonar.java.checks.naming.BadTestMethodNameCheckTest
[INFO] Tests run: 2, Failures: 0, Errors: 0, Skipped: 0, Time elapsed: 0.091 s - in org.sonar.java.checks.naming.BadTestMethodNameCheckTest
[INFO] Running org.sonar.java.checks.SeveralBreakOrContinuePerLoopCheckTest
[INFO] Tests run: 1, Failures: 0, Errors: 0, Skipped: 0, Time elapsed: 0.028 s - in org.sonar.java.checks.SeveralBreakOrContinuePerLoopCheckTest
[INFO] Running org.sonar.java.checks.unused.UnusedLabelCheckTest
[INFO] Tests run: 1, Failures: 0, Errors: 0, Skipped: 0, Time elapsed: 0.024 s - in org.sonar.java.checks.unused.UnusedLabelCheckTest
[INFO] Running org.sonar.java.checks.EqualsArgumentTypeCheckTest
[INFO] Tests run: 1, Failures: 0, Errors: 0, Skipped: 0, Time elapsed: 0.068 s - in org.sonar.java.checks.EqualsArgumentTypeCheckTest
[INFO] Running org.sonar.java.checks.helpers.ExpressionsHelperTest
[INFO] Tests run: 1, Failures: 0, Errors: 0, Skipped: 0, Time elapsed: 0 s - in org.sonar.java.checks.helpers.ExpressionsHelperTest
[INFO] Running org.sonar.java.checks.DisallowedConstructorCheckTest
[INFO] Tests run: 4, Failures: 0, Errors: 0, Skipped: 0, Time elapsed: 0.116 s - in org.sonar.java.checks.DisallowedConstructorCheckTest
[INFO] Running org.sonar.java.checks.SwitchAtLeastThreeCasesCheckTest
[INFO] Tests run: 1, Failures: 0, Errors: 0, Skipped: 0, Time elapsed: 0.028 s - in org.sonar.java.checks.SwitchAtLeastThreeCasesCheckTest
[INFO] Running org.sonar.java.checks.StringLiteralDuplicatedCheckTest
[INFO] Tests run: 2, Failures: 0, Errors: 0, Skipped: 0, Time elapsed: 0.081 s - in org.sonar.java.checks.StringLiteralDuplicatedCheckTest
[INFO] Running org.sonar.java.checks.unused.UnusedPrivateFieldCheckTest
[INFO] Tests run: 3, Failures: 0, Errors: 0, Skipped: 0, Time elapsed: 0.097 s - in org.sonar.java.checks.unused.UnusedPrivateFieldCheckTest
[INFO] Running org.sonar.java.checks.serialization.CustomSerializationMethodCheckTest
[INFO] Tests run: 1, Failures: 0, Errors: 0, Skipped: 0, Time elapsed: 0.037 s - in org.sonar.java.checks.serialization.CustomSerializationMethodCheckTest
[INFO] Running org.sonar.java.checks.ToStringReturningNullCheckTest
[INFO] Tests run: 1, Failures: 0, Errors: 0, Skipped: 0, Time elapsed: 0.028 s - in org.sonar.java.checks.ToStringReturningNullCheckTest
[INFO] Running org.sonar.java.checks.ArrayDesignatorAfterTypeCheckTest
[INFO] Tests run: 1, Failures: 0, Errors: 0, Skipped: 0, Time elapsed: 0.071 s - in org.sonar.java.checks.ArrayDesignatorAfterTypeCheckTest
[INFO] Running org.sonar.java.checks.TernaryOperatorCheckTest
[INFO] Tests run: 1, Failures: 0, Errors: 0, Skipped: 0, Time elapsed: 0.033 s - in org.sonar.java.checks.TernaryOperatorCheckTest
[INFO] Running org.sonar.java.checks.CloneOverrideCheckTest
[INFO] Tests run: 1, Failures: 0, Errors: 0, Skipped: 0, Time elapsed: 0.065 s - in org.sonar.java.checks.CloneOverrideCheckTest
[INFO] Running org.sonar.java.checks.FloatEqualityCheckTest
[INFO] Tests run: 1, Failures: 0, Errors: 0, Skipped: 0, Time elapsed: 0.046 s - in org.sonar.java.checks.FloatEqualityCheckTest
[INFO] Running org.sonar.java.checks.IterableIteratorCheckTest
[INFO] Tests run: 1, Failures: 0, Errors: 0, Skipped: 0, Time elapsed: 0.07 s - in org.sonar.java.checks.IterableIteratorCheckTest
[INFO] Running org.sonar.java.checks.EmptyFileCheckTest
[INFO] Tests run: 5, Failures: 0, Errors: 0, Skipped: 0, Time elapsed: 0.104 s - in org.sonar.java.checks.EmptyFileCheckTest
[INFO] Running org.sonar.java.checks.SystemOutOrErrUsageCheckTest
[INFO] Tests run: 1, Failures: 0, Errors: 0, Skipped: 0, Time elapsed: 0.039 s - in org.sonar.java.checks.SystemOutOrErrUsageCheckTest
[INFO] Running org.sonar.java.checks.ForLoopIncrementAndUpdateCheckTest
[INFO] Tests run: 1, Failures: 0, Errors: 0, Skipped: 0, Time elapsed: 0.091 s - in org.sonar.java.checks.ForLoopIncrementAndUpdateCheckTest
[INFO] Running org.sonar.java.checks.DefaultInitializedFieldCheckTest
[INFO] Tests run: 1, Failures: 0, Errors: 0, Skipped: 0, Time elapsed: 0.046 s - in org.sonar.java.checks.DefaultInitializedFieldCheckTest
[INFO] Running org.sonar.java.checks.DateAndTimesCheckTest
[INFO] Tests run: 1, Failures: 0, Errors: 0, Skipped: 0, Time elapsed: 0.04 s - in org.sonar.java.checks.DateAndTimesCheckTest
[INFO] Running org.sonar.java.checks.WaitInSynchronizeCheckTest
[INFO] Tests run: 1, Failures: 0, Errors: 0, Skipped: 0, Time elapsed: 0.041 s - in org.sonar.java.checks.WaitInSynchronizeCheckTest
[INFO] Running org.sonar.java.checks.xml.web.ValidationFiltersCheckTest
[INFO] Tests run: 4, Failures: 0, Errors: 0, Skipped: 0, Time elapsed: 0.037 s - in org.sonar.java.checks.xml.web.ValidationFiltersCheckTest
[INFO] Running org.sonar.java.checks.PackageInfoCheckTest
[INFO] Tests run: 2, Failures: 0, Errors: 0, Skipped: 0, Time elapsed: 0.015 s - in org.sonar.java.checks.PackageInfoCheckTest
[INFO] Running org.sonar.java.checks.IndexOfStartPositionCheckTest
[INFO] Tests run: 1, Failures: 0, Errors: 0, Skipped: 0, Time elapsed: 0.043 s - in org.sonar.java.checks.IndexOfStartPositionCheckTest
[INFO] Running org.sonar.java.checks.IgnoredTestsCheckTest
[INFO] Tests run: 1, Failures: 0, Errors: 0, Skipped: 0, Time elapsed: 0.045 s - in org.sonar.java.checks.IgnoredTestsCheckTest
[INFO] Running org.sonar.java.checks.StandardCharsetsConstantsCheckTest
[INFO] Tests run: 1, Failures: 0, Errors: 0, Skipped: 0, Time elapsed: 0.195 s - in org.sonar.java.checks.StandardCharsetsConstantsCheckTest
[INFO] Running org.sonar.java.checks.spring.SpringIncompatibleTransactionalCheckTest
[INFO] Tests run: 1, Failures: 0, Errors: 0, Skipped: 0, Time elapsed: 0.14 s - in org.sonar.java.checks.spring.SpringIncompatibleTransactionalCheckTest
[INFO] Running org.sonar.java.checks.InappropriateRegexpCheckTest
[INFO] Tests run: 1, Failures: 0, Errors: 0, Skipped: 0, Time elapsed: 0.03 s - in org.sonar.java.checks.InappropriateRegexpCheckTest
[INFO] Running org.sonar.java.filters.EclipseI18NFilterTest
[INFO] Tests run: 1, Failures: 0, Errors: 0, Skipped: 0, Time elapsed: 0.197 s - in org.sonar.java.filters.EclipseI18NFilterTest
[INFO] Running org.sonar.java.checks.ResultSetIsLastCheckTest
[INFO] Tests run: 1, Failures: 0, Errors: 0, Skipped: 0, Time elapsed: 0.082 s - in org.sonar.java.checks.ResultSetIsLastCheckTest
[INFO] Running org.sonar.java.checks.DefaultEncodingUsageCheckTest
[INFO] Tests run: 1, Failures: 0, Errors: 0, Skipped: 0, Time elapsed: 0.098 s - in org.sonar.java.checks.DefaultEncodingUsageCheckTest
[INFO] Running org.sonar.java.checks.GarbageCollectorCalledCheckTest
[INFO] Tests run: 1, Failures: 0, Errors: 0, Skipped: 0, Time elapsed: 0.03 s - in org.sonar.java.checks.GarbageCollectorCalledCheckTest
[INFO] Running org.sonar.java.checks.ToStringUsingBoxingCheckTest
[INFO] Tests run: 1, Failures: 0, Errors: 0, Skipped: 0, Time elapsed: 0.038 s - in org.sonar.java.checks.ToStringUsingBoxingCheckTest
[INFO] Running org.sonar.java.checks.spring.RequestMappingMethodPublicCheckTest
[INFO] Tests run: 1, Failures: 0, Errors: 0, Skipped: 0, Time elapsed: 0.062 s - in org.sonar.java.checks.spring.RequestMappingMethodPublicCheckTest
[INFO] Running org.sonar.java.checks.SwitchWithLabelsCheckTest
[INFO] Tests run: 1, Failures: 0, Errors: 0, Skipped: 0, Time elapsed: 0.024 s - in org.sonar.java.checks.SwitchWithLabelsCheckTest
[INFO] Running org.sonar.java.checks.SwitchLastCaseIsDefaultCheckTest
[INFO] Tests run: 1, Failures: 0, Errors: 0, Skipped: 0, Time elapsed: 0.046 s - in org.sonar.java.checks.SwitchLastCaseIsDefaultCheckTest
[INFO] Running org.sonar.java.checks.HardCodedCredentialsCheckTest
[INFO] Tests run: 2, Failures: 0, Errors: 0, Skipped: 0, Time elapsed: 0.106 s - in org.sonar.java.checks.HardCodedCredentialsCheckTest
[INFO] Running org.sonar.java.checks.CheckListTest
[INFO] Tests run: 6, Failures: 0, Errors: 0, Skipped: 0, Time elapsed: 0.904 s - in org.sonar.java.checks.CheckListTest
[INFO] Running org.sonar.java.checks.CollectionInappropriateCallsCheckTest
[INFO] Tests run: 1, Failures: 0, Errors: 0, Skipped: 0, Time elapsed: 0.093 s - in org.sonar.java.checks.CollectionInappropriateCallsCheckTest
[INFO] Running org.sonar.java.checks.BigDecimalDoubleConstructorCheckTest
[INFO] Tests run: 1, Failures: 0, Errors: 0, Skipped: 0, Time elapsed: 0.04 s - in org.sonar.java.checks.BigDecimalDoubleConstructorCheckTest
[INFO] Running org.sonar.java.checks.ClassCouplingCheckTest
[INFO] Tests run: 2, Failures: 0, Errors: 0, Skipped: 0, Time elapsed: 0.147 s - in org.sonar.java.checks.ClassCouplingCheckTest
[INFO] Running org.sonar.java.checks.spring.SpringScanDefaultPackageCheckTest
[INFO] Tests run: 1, Failures: 0, Errors: 0, Skipped: 0, Time elapsed: 0.087 s - in org.sonar.java.checks.spring.SpringScanDefaultPackageCheckTest
[INFO] Running org.sonar.java.checks.ChildClassShadowFieldCheckTest
[INFO] Tests run: 1, Failures: 0, Errors: 0, Skipped: 0, Time elapsed: 0.032 s - in org.sonar.java.checks.ChildClassShadowFieldCheckTest
[INFO] Running org.sonar.java.checks.spring.SpringAutoConfigurationCheckTest
[INFO] Tests run: 1, Failures: 0, Errors: 0, Skipped: 0, Time elapsed: 0.052 s - in org.sonar.java.checks.spring.SpringAutoConfigurationCheckTest
[INFO] Running org.sonar.java.checks.AnonymousClassShouldBeLambdaCheckTest
[INFO] Tests run: 3, Failures: 0, Errors: 0, Skipped: 0, Time elapsed: 0.174 s - in org.sonar.java.checks.AnonymousClassShouldBeLambdaCheckTest
[INFO] Running org.sonar.java.checks.ReturnEmptyArrayNotNullCheckTest
[INFO] Tests run: 1, Failures: 0, Errors: 0, Skipped: 0, Time elapsed: 0.038 s - in org.sonar.java.checks.ReturnEmptyArrayNotNullCheckTest
[INFO] Running org.sonar.java.checks.StaticFieldUpateCheckTest
[INFO] Tests run: 2, Failures: 0, Errors: 0, Skipped: 0, Time elapsed: 0.033 s - in org.sonar.java.checks.StaticFieldUpateCheckTest
[INFO] Running org.sonar.java.checks.security.RegexHotspotCheckTest
[INFO] Tests run: 1, Failures: 0, Errors: 0, Skipped: 0, Time elapsed: 0.071 s - in org.sonar.java.checks.security.RegexHotspotCheckTest
[INFO] Running org.sonar.java.checks.xml.ejb.InterceptorExclusionsCheckTest
[INFO] Tests run: 2, Failures: 0, Errors: 0, Skipped: 0, Time elapsed: 0.021 s - in org.sonar.java.checks.xml.ejb.InterceptorExclusionsCheckTest
[INFO] Running org.sonar.java.checks.security.LogConfigurationCheckTest
[INFO] Tests run: 1, Failures: 0, Errors: 0, Skipped: 0, Time elapsed: 0.065 s - in org.sonar.java.checks.security.LogConfigurationCheckTest
[INFO] Running org.sonar.java.checks.EnumEqualCheckTest
[INFO] Tests run: 1, Failures: 0, Errors: 0, Skipped: 0, Time elapsed: 0.047 s - in org.sonar.java.checks.EnumEqualCheckTest
[INFO] Running org.sonar.java.checks.spring.SpringBeansShouldBeAccessibleCheckTest
[INFO] Tests run: 2, Failures: 0, Errors: 0, Skipped: 0, Time elapsed: 0.381 s - in org.sonar.java.checks.spring.SpringBeansShouldBeAccessibleCheckTest
[INFO] Running org.sonar.java.checks.CombineCatchCheckTest
[INFO] Tests run: 2, Failures: 0, Errors: 0, Skipped: 0, Time elapsed: 0.063 s - in org.sonar.java.checks.CombineCatchCheckTest
[INFO] Running org.sonar.java.checks.UselessExtendsCheckTest
[INFO] Tests run: 2, Failures: 0, Errors: 0, Skipped: 0, Time elapsed: 0.045 s - in org.sonar.java.checks.UselessExtendsCheckTest
[INFO] Running org.sonar.java.checks.TodoTagPresenceCheckTest
[INFO] Tests run: 1, Failures: 0, Errors: 0, Skipped: 0, Time elapsed: 0.017 s - in org.sonar.java.checks.TodoTagPresenceCheckTest
[INFO] Running org.sonar.java.checks.MagicNumberCheckTest
[INFO] Tests run: 3, Failures: 0, Errors: 0, Skipped: 0, Time elapsed: 0.143 s - in org.sonar.java.checks.MagicNumberCheckTest
[INFO] Running org.sonar.java.checks.SymmetricEqualsCheckTest
[INFO] Tests run: 1, Failures: 0, Errors: 0, Skipped: 0, Time elapsed: 0.061 s - in org.sonar.java.checks.SymmetricEqualsCheckTest
[INFO] Running org.sonar.java.checks.ConstructorCallingOverridableCheckTest
[INFO] Tests run: 1, Failures: 0, Errors: 0, Skipped: 0, Time elapsed: 0.055 s - in org.sonar.java.checks.ConstructorCallingOverridableCheckTest
[INFO] Running org.sonar.java.checks.Struts1EndpointCheckTest
[INFO] Tests run: 1, Failures: 0, Errors: 0, Skipped: 0, Time elapsed: 0.053 s - in org.sonar.java.checks.Struts1EndpointCheckTest
[INFO] Running org.sonar.java.checks.security.XmlExternalEntityProcessingCheckTest
[INFO] Tests run: 1, Failures: 0, Errors: 0, Skipped: 0, Time elapsed: 0.072 s - in org.sonar.java.checks.security.XmlExternalEntityProcessingCheckTest
[INFO] Running org.sonar.java.checks.xml.spring.DefaultMessageListenerContainerCheckTest
[INFO] Tests run: 2, Failures: 0, Errors: 0, Skipped: 0, Time elapsed: 0.029 s - in org.sonar.java.checks.xml.spring.DefaultMessageListenerContainerCheckTest
[INFO] Running org.sonar.java.checks.naming.FieldNameMatchingTypeNameCheckTest
[INFO] Tests run: 1, Failures: 0, Errors: 0, Skipped: 0, Time elapsed: 0.049 s - in org.sonar.java.checks.naming.FieldNameMatchingTypeNameCheckTest
[INFO] Running org.sonar.java.checks.CognitiveComplexityMethodCheckTest
[INFO] Tests run: 1, Failures: 0, Errors: 0, Skipped: 0, Time elapsed: 0.084 s - in org.sonar.java.checks.CognitiveComplexityMethodCheckTest
[INFO] Running org.sonar.java.checks.ObjectFinalizeOverloadedCheckTest
[INFO] Tests run: 1, Failures: 0, Errors: 0, Skipped: 0, Time elapsed: 0.034 s - in org.sonar.java.checks.ObjectFinalizeOverloadedCheckTest
[INFO] Running org.sonar.java.checks.MethodParametersOrderCheckTest
[INFO] Tests run: 1, Failures: 0, Errors: 0, Skipped: 0, Time elapsed: 0.052 s - in org.sonar.java.checks.MethodParametersOrderCheckTest
[INFO] Running org.sonar.java.checks.SystemExitCalledCheckTest
[INFO] Tests run: 1, Failures: 0, Errors: 0, Skipped: 0, Time elapsed: 0.031 s - in org.sonar.java.checks.SystemExitCalledCheckTest
[INFO] Running org.sonar.java.checks.PublicStaticMutableMembersCheckTest
[INFO] Tests run: 1, Failures: 0, Errors: 0, Skipped: 0, Time elapsed: 0.117 s - in org.sonar.java.checks.PublicStaticMutableMembersCheckTest
[INFO] Running org.sonar.java.checks.PrivateFieldUsedLocallyCheckTest
[INFO] Tests run: 1, Failures: 0, Errors: 0, Skipped: 0, Time elapsed: 0.071 s - in org.sonar.java.checks.PrivateFieldUsedLocallyCheckTest
[INFO] Running org.sonar.java.checks.NestedBlocksCheckTest
[INFO] Tests run: 1, Failures: 0, Errors: 0, Skipped: 0, Time elapsed: 0.027 s - in org.sonar.java.checks.NestedBlocksCheckTest
[INFO] Running org.sonar.java.checks.StaticMethodCheckTest
[INFO] Tests run: 1, Failures: 0, Errors: 0, Skipped: 0, Time elapsed: 0.058 s - in org.sonar.java.checks.StaticMethodCheckTest
[INFO] Running org.sonar.java.checks.ThrowsSeveralCheckedExceptionCheckTest
[INFO] Tests run: 1, Failures: 0, Errors: 0, Skipped: 0, Time elapsed: 0.037 s - in org.sonar.java.checks.ThrowsSeveralCheckedExceptionCheckTest
[INFO] Running org.sonar.java.checks.ForLoopFalseConditionCheckTest
[INFO] Tests run: 1, Failures: 0, Errors: 0, Skipped: 0, Time elapsed: 0.03 s - in org.sonar.java.checks.ForLoopFalseConditionCheckTest
[INFO] Running org.sonar.java.checks.security.FileHandlingCheckTest
[INFO] Tests run: 1, Failures: 0, Errors: 0, Skipped: 0, Time elapsed: 0.103 s - in org.sonar.java.checks.security.FileHandlingCheckTest
[INFO] Running org.sonar.java.checks.CallOuterPrivateMethodCheckTest
[INFO] Tests run: 1, Failures: 0, Errors: 0, Skipped: 0, Time elapsed: 0.093 s - in org.sonar.java.checks.CallOuterPrivateMethodCheckTest
[INFO] Running org.sonar.java.checks.AbstractClassWithoutAbstractMethodCheckTest
[INFO] Tests run: 1, Failures: 0, Errors: 0, Skipped: 0, Time elapsed: 0.027 s - in org.sonar.java.checks.AbstractClassWithoutAbstractMethodCheckTest
[INFO] Running org.sonar.java.checks.TransientFieldInNonSerializableCheckTest
[INFO] Tests run: 1, Failures: 0, Errors: 0, Skipped: 0, Time elapsed: 0.024 s - in org.sonar.java.checks.TransientFieldInNonSerializableCheckTest
[INFO] Running org.sonar.java.checks.ArrayForVarArgCheckTest
[INFO] Tests run: 1, Failures: 0, Errors: 0, Skipped: 0, Time elapsed: 0.047 s - in org.sonar.java.checks.ArrayForVarArgCheckTest
[INFO] Running org.sonar.java.checks.xml.web.SecurityConstraintsInWebXmlCheckTest
[INFO] Tests run: 3, Failures: 0, Errors: 0, Skipped: 0, Time elapsed: 0.012 s - in org.sonar.java.checks.xml.web.SecurityConstraintsInWebXmlCheckTest
[INFO] Running org.sonar.java.checks.ClassComparedByNameCheckTest
[INFO] Tests run: 1, Failures: 0, Errors: 0, Skipped: 0, Time elapsed: 0.041 s - in org.sonar.java.checks.ClassComparedByNameCheckTest
[INFO] Running org.sonar.java.checks.synchronization.WriteObjectTheOnlySynchronizedMethodCheckTest
[INFO] Tests run: 1, Failures: 0, Errors: 0, Skipped: 0, Time elapsed: 0.042 s - in org.sonar.java.checks.synchronization.WriteObjectTheOnlySynchronizedMethodCheckTest
[INFO] Running org.sonar.java.checks.InstanceofUsedOnExceptionCheckTest
[INFO] Tests run: 1, Failures: 0, Errors: 0, Skipped: 0, Time elapsed: 0.044 s - in org.sonar.java.checks.InstanceofUsedOnExceptionCheckTest
[INFO] Running org.sonar.java.checks.WaitInWhileLoopCheckTest
[INFO] Tests run: 1, Failures: 0, Errors: 0, Skipped: 0, Time elapsed: 0.046 s - in org.sonar.java.checks.WaitInWhileLoopCheckTest
[INFO] Running org.sonar.java.checks.LoggersDeclarationCheckTest
[INFO] Tests run: 2, Failures: 0, Errors: 0, Skipped: 0, Time elapsed: 0.102 s - in org.sonar.java.checks.LoggersDeclarationCheckTest
[INFO] Running org.sonar.java.checks.IndentationAfterConditionalCheckTest
[INFO] Tests run: 1, Failures: 0, Errors: 0, Skipped: 0, Time elapsed: 0.063 s - in org.sonar.java.checks.IndentationAfterConditionalCheckTest
[INFO] Running org.sonar.java.checks.PopulateBeansCheckTest
[INFO] Tests run: 1, Failures: 0, Errors: 0, Skipped: 0, Time elapsed: 0.049 s - in org.sonar.java.checks.PopulateBeansCheckTest
[INFO] Running org.sonar.java.checks.AllBranchesAreIdenticalCheckTest
[INFO] Tests run: 1, Failures: 0, Errors: 0, Skipped: 0, Time elapsed: 0.053 s - in org.sonar.java.checks.AllBranchesAreIdenticalCheckTest
[INFO] Running org.sonar.java.checks.security.CommandLineArgumentsCheckTest
[INFO] Tests run: 2, Failures: 0, Errors: 0, Skipped: 0, Time elapsed: 0.071 s - in org.sonar.java.checks.security.CommandLineArgumentsCheckTest
[INFO] Running org.sonar.java.checks.DynamicClassLoadCheckTest
[INFO] Tests run: 1, Failures: 0, Errors: 0, Skipped: 0, Time elapsed: 0.047 s - in org.sonar.java.checks.DynamicClassLoadCheckTest
[INFO] Running org.sonar.java.checks.PseudoRandomCheckTest
[INFO] Tests run: 1, Failures: 0, Errors: 0, Skipped: 0, Time elapsed: 0.035 s - in org.sonar.java.checks.PseudoRandomCheckTest
[INFO] Running org.sonar.java.checks.CollectionIsEmptyCheckTest
[INFO] Tests run: 1, Failures: 0, Errors: 0, Skipped: 0, Time elapsed: 0.051 s - in org.sonar.java.checks.CollectionIsEmptyCheckTest
[INFO] Running org.sonar.java.checks.EmptyClassCheckTest
[INFO] Tests run: 1, Failures: 0, Errors: 0, Skipped: 0, Time elapsed: 0.037 s - in org.sonar.java.checks.EmptyClassCheckTest
[INFO] Running org.sonar.java.checks.SAMAnnotatedCheckTest
[INFO] Tests run: 3, Failures: 0, Errors: 0, Skipped: 0, Time elapsed: 0.129 s - in org.sonar.java.checks.SAMAnnotatedCheckTest
[INFO] Running org.sonar.java.checks.ArraysAsListOfPrimitiveToStreamCheckTest
[INFO] Tests run: 1, Failures: 0, Errors: 0, Skipped: 0, Time elapsed: 0.074 s - in org.sonar.java.checks.ArraysAsListOfPrimitiveToStreamCheckTest
[INFO] Running org.sonar.java.checks.CloneableImplementingCloneCheckTest
[INFO] Tests run: 1, Failures: 0, Errors: 0, Skipped: 0, Time elapsed: 0.052 s - in org.sonar.java.checks.CloneableImplementingCloneCheckTest
[INFO] Running org.sonar.java.checks.EnumMapCheckTest
[INFO] Tests run: 1, Failures: 0, Errors: 0, Skipped: 0, Time elapsed: 0.062 s - in org.sonar.java.checks.EnumMapCheckTest
[INFO] Running org.sonar.java.checks.CallToDeprecatedMethodCheckTest
[INFO] Tests run: 1, Failures: 0, Errors: 0, Skipped: 0, Time elapsed: 0.073 s - in org.sonar.java.checks.CallToDeprecatedMethodCheckTest
[INFO] Running org.sonar.java.checks.SunPackagesUsedCheckTest
[INFO] Tests run: 2, Failures: 0, Errors: 0, Skipped: 0, Time elapsed: 0.102 s - in org.sonar.java.checks.SunPackagesUsedCheckTest
[INFO] Running org.sonar.java.filters.PostAnalysisIssueFilterTest
[INFO] Tests run: 5, Failures: 0, Errors: 0, Skipped: 0, Time elapsed: 0.124 s - in org.sonar.java.filters.PostAnalysisIssueFilterTest
[INFO] Running org.sonar.java.checks.SyncGetterAndSetterCheckTest
[INFO] Tests run: 1, Failures: 0, Errors: 0, Skipped: 0, Time elapsed: 0.05 s - in org.sonar.java.checks.SyncGetterAndSetterCheckTest
[INFO] Running org.sonar.java.checks.ExceptionsShouldBeImmutableCheckTest
[INFO] Tests run: 1, Failures: 0, Errors: 0, Skipped: 0, Time elapsed: 0.04 s - in org.sonar.java.checks.ExceptionsShouldBeImmutableCheckTest
[INFO] Running org.sonar.java.checks.PrintfFailCheckTest
[INFO] Tests run: 1, Failures: 0, Errors: 0, Skipped: 0, Time elapsed: 0.126 s - in org.sonar.java.checks.PrintfFailCheckTest
[INFO] Running org.sonar.java.checks.XmlDeserializationCheckTest
[INFO] Tests run: 2, Failures: 0, Errors: 0, Skipped: 0, Time elapsed: 0.047 s - in org.sonar.java.checks.XmlDeserializationCheckTest
[INFO] Running org.sonar.java.checks.OutputStreamOverrideWriteCheckTest
[INFO] Tests run: 1, Failures: 0, Errors: 0, Skipped: 0, Time elapsed: 0.06 s - in org.sonar.java.checks.OutputStreamOverrideWriteCheckTest
[INFO] Running org.sonar.java.checks.ObjectFinalizeOverridenCheckTest
[INFO] Tests run: 1, Failures: 0, Errors: 0, Skipped: 0, Time elapsed: 0.026 s - in org.sonar.java.checks.ObjectFinalizeOverridenCheckTest
[INFO] Running org.sonar.java.checks.ObjectFinalizeOverridenNotPublicCheckTest
[INFO] Tests run: 1, Failures: 0, Errors: 0, Skipped: 0, Time elapsed: 0.025 s - in org.sonar.java.checks.ObjectFinalizeOverridenNotPublicCheckTest
[INFO] Running org.sonar.java.checks.naming.BadInterfaceNameCheckTest
[INFO] Tests run: 2, Failures: 0, Errors: 0, Skipped: 0, Time elapsed: 0.052 s - in org.sonar.java.checks.naming.BadInterfaceNameCheckTest
[INFO] Running org.sonar.java.checks.FieldModifierCheckTest
[INFO] Tests run: 1, Failures: 0, Errors: 0, Skipped: 0, Time elapsed: 0.042 s - in org.sonar.java.checks.FieldModifierCheckTest
[INFO] Running org.sonar.java.checks.StaticMembersAccessCheckTest
[INFO] Tests run: 1, Failures: 0, Errors: 0, Skipped: 0, Time elapsed: 0.033 s - in org.sonar.java.checks.StaticMembersAccessCheckTest
[INFO] Running org.sonar.java.checks.spring.SpringComposedRequestMappingCheckTest
[INFO] Tests run: 1, Failures: 0, Errors: 0, Skipped: 0, Time elapsed: 0.081 s - in org.sonar.java.checks.spring.SpringComposedRequestMappingCheckTest
[INFO] Running org.sonar.java.checks.ClassWithoutHashCodeInHashStructureCheckTest
[INFO] Tests run: 1, Failures: 0, Errors: 0, Skipped: 0, Time elapsed: 0.057 s - in org.sonar.java.checks.ClassWithoutHashCodeInHashStructureCheckTest
[INFO] Running org.sonar.java.checks.NestedSwitchStatementCheckTest
[INFO] Tests run: 1, Failures: 0, Errors: 0, Skipped: 0, Time elapsed: 0.058 s - in org.sonar.java.checks.NestedSwitchStatementCheckTest
[INFO] Running org.sonar.java.checks.EqualsParametersMarkedNonNullCheckTest
[INFO] Tests run: 1, Failures: 0, Errors: 0, Skipped: 0, Time elapsed: 0.022 s - in org.sonar.java.checks.EqualsParametersMarkedNonNullCheckTest
[INFO] Running org.sonar.java.checks.xml.maven.DependencyWithSystemScopeCheckTest
[INFO] Tests run: 1, Failures: 0, Errors: 0, Skipped: 0, Time elapsed: 0.076 s - in org.sonar.java.checks.xml.maven.DependencyWithSystemScopeCheckTest
[INFO] Running org.sonar.java.checks.AbsOnNegativeCheckTest
[INFO] Tests run: 1, Failures: 0, Errors: 0, Skipped: 0, Time elapsed: 0.033 s - in org.sonar.java.checks.AbsOnNegativeCheckTest
[INFO] Running org.sonar.java.checks.ProtectedMemberInFinalClassCheckTest
[INFO] Tests run: 1, Failures: 0, Errors: 0, Skipped: 0, Time elapsed: 0.041 s - in org.sonar.java.checks.ProtectedMemberInFinalClassCheckTest
[INFO] Running org.sonar.java.checks.LambdaSingleExpressionCheckTest
[INFO] Tests run: 2, Failures: 0, Errors: 0, Skipped: 0, Time elapsed: 0.073 s - in org.sonar.java.checks.LambdaSingleExpressionCheckTest
[INFO] Running org.sonar.java.checks.naming.BadPackageNameCheckTest
[INFO] Tests run: 3, Failures: 0, Errors: 0, Skipped: 0, Time elapsed: 0.06 s - in org.sonar.java.checks.naming.BadPackageNameCheckTest
[INFO] Running org.sonar.java.checks.ReturnOfBooleanExpressionsCheckTest
[INFO] Tests run: 1, Failures: 0, Errors: 0, Skipped: 0, Time elapsed: 0.043 s - in org.sonar.java.checks.ReturnOfBooleanExpressionsCheckTest
[INFO] Running org.sonar.java.checks.JunitMethodDeclarationCheckTest
[INFO] Tests run: 2, Failures: 0, Errors: 0, Skipped: 0, Time elapsed: 0.037 s - in org.sonar.java.checks.JunitMethodDeclarationCheckTest
[INFO] Running org.sonar.java.checks.StaticFieldInitializationCheckTest
[INFO] Tests run: 1, Failures: 0, Errors: 0, Skipped: 0, Time elapsed: 0.065 s - in org.sonar.java.checks.StaticFieldInitializationCheckTest
[INFO] Running org.sonar.java.checks.IfElseIfStatementEndsWithElseCheckTest
[INFO] Tests run: 1, Failures: 0, Errors: 0, Skipped: 0, Time elapsed: 0.027 s - in org.sonar.java.checks.IfElseIfStatementEndsWithElseCheckTest
[INFO] Running org.sonar.java.checks.RunFinalizersCheckTest
[INFO] Tests run: 2, Failures: 0, Errors: 0, Skipped: 0, Time elapsed: 0.107 s - in org.sonar.java.checks.RunFinalizersCheckTest
[INFO] Running org.sonar.java.checks.RedundantCloseCheckTest
[INFO] Tests run: 2, Failures: 0, Errors: 0, Skipped: 0, Time elapsed: 0.067 s - in org.sonar.java.checks.RedundantCloseCheckTest
[INFO] Running org.sonar.java.checks.ImmediatelyReturnedVariableCheckTest
[INFO] Tests run: 1, Failures: 0, Errors: 0, Skipped: 0, Time elapsed: 0.042 s - in org.sonar.java.checks.ImmediatelyReturnedVariableCheckTest
[INFO] Running org.sonar.java.checks.NonStaticClassInitializerCheckTest
[INFO] Tests run: 1, Failures: 0, Errors: 0, Skipped: 0, Time elapsed: 0.041 s - in org.sonar.java.checks.NonStaticClassInitializerCheckTest
[INFO] Running org.sonar.java.checks.PreparedStatementAndResultSetCheckTest
[INFO] Tests run: 1, Failures: 0, Errors: 0, Skipped: 0, Time elapsed: 0.092 s - in org.sonar.java.checks.PreparedStatementAndResultSetCheckTest
[INFO] Running org.sonar.java.checks.naming.BadFieldNameCheckTest
[INFO] Tests run: 2, Failures: 0, Errors: 0, Skipped: 0, Time elapsed: 0.085 s - in org.sonar.java.checks.naming.BadFieldNameCheckTest
[INFO] Running org.sonar.java.checks.LoopsOnSameSetCheckTest
[INFO] Tests run: 1, Failures: 0, Errors: 0, Skipped: 0, Time elapsed: 0.053 s - in org.sonar.java.checks.LoopsOnSameSetCheckTest
[INFO] Running org.sonar.java.checks.xml.maven.helpers.MavenDependencyCollectorTest
[INFO] Tests run: 6, Failures: 0, Errors: 0, Skipped: 0, Time elapsed: 0.716 s - in org.sonar.java.checks.xml.maven.helpers.MavenDependencyCollectorTest
[INFO] Running org.sonar.java.checks.CompareToReturnValueCheckTest
[INFO] Tests run: 1, Failures: 0, Errors: 0, Skipped: 0, Time elapsed: 0.046 s - in org.sonar.java.checks.CompareToReturnValueCheckTest
[INFO] Running org.sonar.java.checks.MembersDifferOnlyByCapitalizationCheckTest
[INFO] Tests run: 1, Failures: 0, Errors: 0, Skipped: 0, Time elapsed: 0.103 s - in org.sonar.java.checks.MembersDifferOnlyByCapitalizationCheckTest
[INFO] Running org.sonar.java.checks.xml.ejb.DefaultInterceptorsLocationCheckTest
[INFO] Tests run: 3, Failures: 0, Errors: 0, Skipped: 0, Time elapsed: 0.019 s - in org.sonar.java.checks.xml.ejb.DefaultInterceptorsLocationCheckTest
[INFO] Running org.sonar.java.checks.TooManyStatementsPerLineCheckTest
[INFO] Tests run: 1, Failures: 0, Errors: 0, Skipped: 0, Time elapsed: 0.066 s - in org.sonar.java.checks.TooManyStatementsPerLineCheckTest
[INFO] Running org.sonar.java.checks.EqualsNotOverriddenInSubclassCheckTest
[INFO] Tests run: 1, Failures: 0, Errors: 0, Skipped: 0, Time elapsed: 0.089 s - in org.sonar.java.checks.EqualsNotOverriddenInSubclassCheckTest
[INFO] Running org.sonar.java.checks.IfConditionAlwaysTrueOrFalseCheckTest
[INFO] Tests run: 1, Failures: 0, Errors: 0, Skipped: 0, Time elapsed: 0.033 s - in org.sonar.java.checks.IfConditionAlwaysTrueOrFalseCheckTest
[INFO] Running org.sonar.java.checks.ServletInstanceFieldCheckTest
[INFO] Tests run: 1, Failures: 0, Errors: 0, Skipped: 0, Time elapsed: 0.067 s - in org.sonar.java.checks.ServletInstanceFieldCheckTest
[INFO] Running org.sonar.java.checks.xml.spring.SingleConnectionFactoryCheckTest
[INFO] Tests run: 2, Failures: 0, Errors: 0, Skipped: 0, Time elapsed: 0.017 s - in org.sonar.java.checks.xml.spring.SingleConnectionFactoryCheckTest
[INFO] Running org.sonar.java.checks.PrimitiveTypeBoxingWithToStringCheckTest
[INFO] Tests run: 1, Failures: 0, Errors: 0, Skipped: 0, Time elapsed: 0.049 s - in org.sonar.java.checks.PrimitiveTypeBoxingWithToStringCheckTest
[INFO] Running org.sonar.java.checks.GetRequestedSessionIdCheckTest
[INFO] Tests run: 1, Failures: 0, Errors: 0, Skipped: 0, Time elapsed: 0.034 s - in org.sonar.java.checks.GetRequestedSessionIdCheckTest
[INFO] Running org.sonar.java.checks.NoTestInTestClassCheckTest
[INFO] Tests run: 3, Failures: 0, Errors: 0, Skipped: 0, Time elapsed: 0.193 s - in org.sonar.java.checks.NoTestInTestClassCheckTest
[INFO] Running org.sonar.java.checks.LeftCurlyBraceStartLineCheckTest
[INFO] Tests run: 1, Failures: 0, Errors: 0, Skipped: 0, Time elapsed: 0.032 s - in org.sonar.java.checks.LeftCurlyBraceStartLineCheckTest
[INFO] Running org.sonar.java.checks.ThreadLocalWithInitialCheckTest
[INFO] Tests run: 2, Failures: 0, Errors: 0, Skipped: 0, Time elapsed: 0.088 s - in org.sonar.java.checks.ThreadLocalWithInitialCheckTest
[INFO] Running org.sonar.java.checks.InnerClassTooManyLinesCheckTest
[INFO] Tests run: 1, Failures: 0, Errors: 0, Skipped: 0, Time elapsed: 0.055 s - in org.sonar.java.checks.InnerClassTooManyLinesCheckTest
[INFO] Running org.sonar.java.checks.OverrideAnnotationCheckTest
[INFO] Tests run: 5, Failures: 0, Errors: 0, Skipped: 0, Time elapsed: 0.145 s - in org.sonar.java.checks.OverrideAnnotationCheckTest
[INFO] Running org.sonar.java.checks.DoubleBraceInitializationCheckTest
[INFO] Tests run: 1, Failures: 0, Errors: 0, Skipped: 0, Time elapsed: 0.028 s - in org.sonar.java.checks.DoubleBraceInitializationCheckTest
[INFO] Running org.sonar.java.checks.unused.UnusedThrowableCheckTest
[INFO] Tests run: 1, Failures: 0, Errors: 0, Skipped: 0, Time elapsed: 0.038 s - in org.sonar.java.checks.unused.UnusedThrowableCheckTest
[INFO] Running org.sonar.java.checks.serialization.ExternalizableClassConstructorCheckTest
[INFO] Tests run: 2, Failures: 0, Errors: 0, Skipped: 0, Time elapsed: 0.054 s - in org.sonar.java.checks.serialization.ExternalizableClassConstructorCheckTest
[INFO] Running org.sonar.java.checks.ConfusingOverloadCheckTest
[INFO] Tests run: 1, Failures: 0, Errors: 0, Skipped: 0, Time elapsed: 0.043 s - in org.sonar.java.checks.ConfusingOverloadCheckTest
[INFO] Running org.sonar.java.checks.ThreadWaitCallCheckTest
[INFO] Tests run: 1, Failures: 0, Errors: 0, Skipped: 0, Time elapsed: 0.03 s - in org.sonar.java.checks.ThreadWaitCallCheckTest
[INFO] Running org.sonar.java.checks.helpers.ConstantUtilsTest
[INFO] Tests run: 7, Failures: 0, Errors: 0, Skipped: 0, Time elapsed: 0.192 s - in org.sonar.java.checks.helpers.ConstantUtilsTest
[INFO] Running org.sonar.java.checks.StringLiteralInsideEqualsCheckTest
[INFO] Tests run: 1, Failures: 0, Errors: 0, Skipped: 0, Time elapsed: 0.036 s - in org.sonar.java.checks.StringLiteralInsideEqualsCheckTest
[INFO] Running org.sonar.java.checks.serialization.SerializableFieldInSerializableClassCheckTest
[INFO] Tests run: 1, Failures: 0, Errors: 0, Skipped: 0, Time elapsed: 0.098 s - in org.sonar.java.checks.serialization.SerializableFieldInSerializableClassCheckTest
[INFO] Running org.sonar.java.checks.IteratorNextExceptionCheckTest
[INFO] Tests run: 1, Failures: 0, Errors: 0, Skipped: 0, Time elapsed: 0.074 s - in org.sonar.java.checks.IteratorNextExceptionCheckTest
[INFO] Running org.sonar.java.checks.NullDereferenceInConditionalCheckTest
[INFO] Tests run: 1, Failures: 0, Errors: 0, Skipped: 0, Time elapsed: 0.034 s - in org.sonar.java.checks.NullDereferenceInConditionalCheckTest
[INFO] Running org.sonar.java.checks.SwitchDefaultLastCaseCheckTest
[INFO] Tests run: 1, Failures: 0, Errors: 0, Skipped: 0, Time elapsed: 0.025 s - in org.sonar.java.checks.SwitchDefaultLastCaseCheckTest
[INFO] Running org.sonar.java.checks.ThisExposedFromConstructorCheckTest
[INFO] Tests run: 1, Failures: 0, Errors: 0, Skipped: 0, Time elapsed: 0.062 s - in org.sonar.java.checks.ThisExposedFromConstructorCheckTest
[INFO] Running org.sonar.java.checks.xml.struts.ActionNumberCheckTest
[INFO] Tests run: 3, Failures: 0, Errors: 0, Skipped: 0, Time elapsed: 0.032 s - in org.sonar.java.checks.xml.struts.ActionNumberCheckTest
[INFO] Running org.sonar.java.checks.security.DataHashingCheckTest
[INFO] Tests run: 1, Failures: 0, Errors: 0, Skipped: 0, Time elapsed: 0.096 s - in org.sonar.java.checks.security.DataHashingCheckTest
[INFO] Running org.sonar.java.checks.DITCheckTest
[INFO] Tests run: 4, Failures: 0, Errors: 0, Skipped: 0, Time elapsed: 0.116 s - in org.sonar.java.checks.DITCheckTest
[INFO] Running org.sonar.java.checks.spring.ControllerWithSessionAttributesCheckTest
[INFO] Tests run: 1, Failures: 0, Errors: 0, Skipped: 0, Time elapsed: 0.052 s - in org.sonar.java.checks.spring.ControllerWithSessionAttributesCheckTest
[INFO] Running org.sonar.java.checks.VolatileNonPrimitiveFieldCheckTest
[INFO] Tests run: 1, Failures: 0, Errors: 0, Skipped: 0, Time elapsed: 0.028 s - in org.sonar.java.checks.VolatileNonPrimitiveFieldCheckTest
[INFO] Running org.sonar.java.checks.PrimitivesMarkedNullableCheckTest
[INFO] Tests run: 2, Failures: 0, Errors: 0, Skipped: 0, Time elapsed: 0.04 s - in org.sonar.java.checks.PrimitivesMarkedNullableCheckTest
[INFO] Running org.sonar.java.checks.serialization.SerializableSuperConstructorCheckTest
[INFO] Tests run: 1, Failures: 0, Errors: 0, Skipped: 0, Time elapsed: 0.024 s - in org.sonar.java.checks.serialization.SerializableSuperConstructorCheckTest
[INFO] Running org.sonar.java.checks.ErrorClassExtendedCheckTest
[INFO] Tests run: 1, Failures: 0, Errors: 0, Skipped: 0, Time elapsed: 0.025 s - in org.sonar.java.checks.ErrorClassExtendedCheckTest
[INFO] Running org.sonar.java.checks.EscapedUnicodeCharactersCheckTest
[INFO] Tests run: 1, Failures: 0, Errors: 0, Skipped: 0, Time elapsed: 0.033 s - in org.sonar.java.checks.EscapedUnicodeCharactersCheckTest
[INFO] Running org.sonar.java.checks.xml.hibernate.DatabaseSchemaUpdateCheckTest
[INFO] Tests run: 2, Failures: 0, Errors: 0, Skipped: 0, Time elapsed: 0.027 s - in org.sonar.java.checks.xml.hibernate.DatabaseSchemaUpdateCheckTest
[INFO] Running org.sonar.java.checks.RedundantThrowsDeclarationCheckTest
[INFO] Tests run: 1, Failures: 0, Errors: 0, Skipped: 0, Time elapsed: 0.101 s - in org.sonar.java.checks.RedundantThrowsDeclarationCheckTest
[INFO] Running org.sonar.java.checks.NoSonarCheckTest
[INFO] Tests run: 1, Failures: 0, Errors: 0, Skipped: 0, Time elapsed: 0.018 s - in org.sonar.java.checks.NoSonarCheckTest
[INFO] Running org.sonar.java.checks.naming.BadConstantNameCheckTest
[INFO] Tests run: 3, Failures: 0, Errors: 0, Skipped: 0, Time elapsed: 0.094 s - in org.sonar.java.checks.naming.BadConstantNameCheckTest
[INFO] Running org.sonar.java.checks.ThreadSleepInTestsCheckTest
[INFO] Tests run: 1, Failures: 0, Errors: 0, Skipped: 0, Time elapsed: 0.029 s - in org.sonar.java.checks.ThreadSleepInTestsCheckTest
[INFO] Running org.sonar.java.checks.StringConcatenationInLoopCheckTest
[INFO] Tests run: 1, Failures: 0, Errors: 0, Skipped: 0, Time elapsed: 0.031 s - in org.sonar.java.checks.StringConcatenationInLoopCheckTest
[INFO] Running org.sonar.java.checks.CallToFileDeleteOnExitMethodCheckTest
[INFO] Tests run: 1, Failures: 0, Errors: 0, Skipped: 0, Time elapsed: 0.023 s - in org.sonar.java.checks.CallToFileDeleteOnExitMethodCheckTest
[INFO] Running org.sonar.java.checks.CommentRegularExpressionCheckTest
[INFO] Tests run: 3, Failures: 0, Errors: 0, Skipped: 0, Time elapsed: 0.058 s - in org.sonar.java.checks.CommentRegularExpressionCheckTest
[INFO] Running org.sonar.java.checks.helpers.JavadocTest
[INFO] Tests run: 6, Failures: 0, Errors: 0, Skipped: 0, Time elapsed: 0.039 s - in org.sonar.java.checks.helpers.JavadocTest
[INFO] Running org.sonar.java.checks.ClassVariableVisibilityCheckTest
[INFO] Tests run: 1, Failures: 0, Errors: 0, Skipped: 0, Time elapsed: 0.025 s - in org.sonar.java.checks.ClassVariableVisibilityCheckTest
[INFO] Running org.sonar.java.checks.ParameterReassignedToCheckTest
[INFO] Tests run: 1, Failures: 0, Errors: 0, Skipped: 0, Time elapsed: 0.036 s - in org.sonar.java.checks.ParameterReassignedToCheckTest
[INFO] Running org.sonar.java.checks.SynchronizedFieldAssignmentCheckTest
[INFO] Tests run: 2, Failures: 0, Errors: 0, Skipped: 0, Time elapsed: 0.062 s - in org.sonar.java.checks.SynchronizedFieldAssignmentCheckTest
[INFO] Running org.sonar.java.checks.IgnoredOperationStatusCheckTest
[INFO] Tests run: 1, Failures: 0, Errors: 0, Skipped: 0, Time elapsed: 0.041 s - in org.sonar.java.checks.IgnoredOperationStatusCheckTest
[INFO] Running org.sonar.java.checks.RedundantStreamCollectCheckTest
[INFO] Tests run: 1, Failures: 0, Errors: 0, Skipped: 0, Time elapsed: 0.06 s - in org.sonar.java.checks.RedundantStreamCollectCheckTest
[INFO] Running org.sonar.java.checks.xml.web.WebXmlCheckTemplateTest
[INFO] Tests run: 2, Failures: 0, Errors: 0, Skipped: 0, Time elapsed: 0.015 s - in org.sonar.java.checks.xml.web.WebXmlCheckTemplateTest
[INFO] Running org.sonar.java.checks.FinalClassCheckTest
[INFO] Tests run: 1, Failures: 0, Errors: 0, Skipped: 0, Time elapsed: 0.06 s - in org.sonar.java.checks.FinalClassCheckTest
[INFO] Running org.sonar.java.checks.security.AESAlgorithmCheckTest
[INFO] Tests run: 1, Failures: 0, Errors: 0, Skipped: 0, Time elapsed: 0.049 s - in org.sonar.java.checks.security.AESAlgorithmCheckTest
[INFO] Running org.sonar.java.checks.spring.PersistentEntityUsedAsRequestParameterCheckTest
[INFO] Tests run: 1, Failures: 0, Errors: 0, Skipped: 0, Time elapsed: 0.084 s - in org.sonar.java.checks.spring.PersistentEntityUsedAsRequestParameterCheckTest
[INFO] Running org.sonar.java.checks.SynchronizedClassUsageCheckTest
[INFO] Tests run: 1, Failures: 0, Errors: 0, Skipped: 0, Time elapsed: 0.2 s - in org.sonar.java.checks.SynchronizedClassUsageCheckTest
[INFO] Running org.sonar.java.checks.naming.KeywordAsIdentifierCheckTest
[INFO] Tests run: 1, Failures: 0, Errors: 0, Skipped: 0, Time elapsed: 0.046 s - in org.sonar.java.checks.naming.KeywordAsIdentifierCheckTest
[INFO] Running org.sonar.java.checks.security.CryptographicKeySizeCheckTest
[INFO] Tests run: 3, Failures: 0, Errors: 0, Skipped: 0, Time elapsed: 0.161 s - in org.sonar.java.checks.security.CryptographicKeySizeCheckTest
[INFO] Running org.sonar.java.checks.PredictableSeedCheckTest
[INFO] Tests run: 1, Failures: 0, Errors: 0, Skipped: 0, Time elapsed: 0.068 s - in org.sonar.java.checks.PredictableSeedCheckTest
[INFO] Running org.sonar.java.checks.security.DynamicCodeCheckTest
[INFO] Tests run: 1, Failures: 0, Errors: 0, Skipped: 0, Time elapsed: 0.08 s - in org.sonar.java.checks.security.DynamicCodeCheckTest
[INFO] Running org.sonar.java.checks.LoggedRethrownExceptionsCheckTest
[INFO] Tests run: 1, Failures: 0, Errors: 0, Skipped: 0, Time elapsed: 0.131 s - in org.sonar.java.checks.LoggedRethrownExceptionsCheckTest
[INFO] Running org.sonar.java.checks.NullCheckWithInstanceofCheckTest
[INFO] Tests run: 2, Failures: 0, Errors: 0, Skipped: 0, Time elapsed: 0.097 s - in org.sonar.java.checks.NullCheckWithInstanceofCheckTest
[INFO] Running org.sonar.java.checks.serialization.BlindSerialVersionUidCheckTest
[INFO] Tests run: 1, Failures: 0, Errors: 0, Skipped: 0, Time elapsed: 0.079 s - in org.sonar.java.checks.serialization.BlindSerialVersionUidCheckTest
[INFO] Running org.sonar.java.checks.TooLongLineCheckTest
[INFO] Tests run: 5, Failures: 0, Errors: 0, Skipped: 0, Time elapsed: 0.162 s - in org.sonar.java.checks.TooLongLineCheckTest
[INFO] Running org.sonar.java.checks.UppercaseSuffixesCheckTest
[INFO] Tests run: 2, Failures: 0, Errors: 0, Skipped: 0, Time elapsed: 0.07 s - in org.sonar.java.checks.UppercaseSuffixesCheckTest
[INFO] Running org.sonar.java.checks.NonSerializableWriteCheckTest
[INFO] Tests run: 1, Failures: 0, Errors: 0, Skipped: 0, Time elapsed: 0.041 s - in org.sonar.java.checks.NonSerializableWriteCheckTest
[INFO] Running org.sonar.java.checks.ConcatenationWithStringValueOfCheckTest
[INFO] Tests run: 1, Failures: 0, Errors: 0, Skipped: 0, Time elapsed: 0.048 s - in org.sonar.java.checks.ConcatenationWithStringValueOfCheckTest
[INFO] Running org.sonar.java.checks.StringToPrimitiveConversionCheckTest
[INFO] Tests run: 1, Failures: 0, Errors: 0, Skipped: 0, Time elapsed: 0.055 s - in org.sonar.java.checks.StringToPrimitiveConversionCheckTest
[INFO] Running org.sonar.java.checks.StandardFunctionalInterfaceCheckTest
[INFO] Tests run: 1, Failures: 0, Errors: 0, Skipped: 0, Time elapsed: 0.111 s - in org.sonar.java.checks.StandardFunctionalInterfaceCheckTest
[INFO] Running org.sonar.java.checks.ConstantMethodCheckTest
[INFO] Tests run: 1, Failures: 0, Errors: 0, Skipped: 0, Time elapsed: 0.065 s - in org.sonar.java.checks.ConstantMethodCheckTest
[INFO] Running org.sonar.java.checks.ObjectDeserializationCheckTest
[INFO] Tests run: 2, Failures: 0, Errors: 0, Skipped: 0, Time elapsed: 0.058 s - in org.sonar.java.checks.ObjectDeserializationCheckTest
[INFO] Running org.sonar.java.checks.HiddenFieldCheckTest
[INFO] Tests run: 1, Failures: 0, Errors: 0, Skipped: 0, Time elapsed: 0.076 s - in org.sonar.java.checks.HiddenFieldCheckTest
[INFO] Running org.sonar.java.checks.HardcodedIpCheckTest
[INFO] Tests run: 1, Failures: 0, Errors: 0, Skipped: 0, Time elapsed: 0.057 s - in org.sonar.java.checks.HardcodedIpCheckTest
[INFO] Running org.sonar.java.checks.MethodOnlyCallsSuperCheckTest
[INFO] Tests run: 2, Failures: 0, Errors: 0, Skipped: 0, Time elapsed: 0.085 s - in org.sonar.java.checks.MethodOnlyCallsSuperCheckTest
[INFO] Running org.sonar.java.checks.unused.UnusedTestRuleCheckTest
[INFO] Tests run: 1, Failures: 0, Errors: 0, Skipped: 0, Time elapsed: 0.036 s - in org.sonar.java.checks.unused.UnusedTestRuleCheckTest
[INFO] Running org.sonar.java.checks.unused.UnusedMethodParameterCheckTest
[INFO] Tests run: 1, Failures: 0, Errors: 0, Skipped: 0, Time elapsed: 0.12 s - in org.sonar.java.checks.unused.UnusedMethodParameterCheckTest
[INFO] Running org.sonar.java.filters.LombokFilterTest
[INFO] Tests run: 1, Failures: 0, Errors: 0, Skipped: 0, Time elapsed: 0.106 s - in org.sonar.java.filters.LombokFilterTest
[INFO] Running org.sonar.java.checks.ModulusEqualityCheckTest
[INFO] Tests run: 1, Failures: 0, Errors: 0, Skipped: 0, Time elapsed: 0.03 s - in org.sonar.java.checks.ModulusEqualityCheckTest
[INFO] Running org.sonar.java.checks.SynchronizationOnStringOrBoxedCheckTest
[INFO] Tests run: 1, Failures: 0, Errors: 0, Skipped: 0, Time elapsed: 0.029 s - in org.sonar.java.checks.SynchronizationOnStringOrBoxedCheckTest
[INFO] Running org.sonar.java.checks.UnderscoreMisplacedOnNumberCheckTest
[INFO] Tests run: 2, Failures: 0, Errors: 0, Skipped: 0, Time elapsed: 0.064 s - in org.sonar.java.checks.UnderscoreMisplacedOnNumberCheckTest
[INFO] Running org.sonar.java.checks.BooleanMethodReturnCheckTest
[INFO] Tests run: 1, Failures: 0, Errors: 0, Skipped: 0, Time elapsed: 0.051 s - in org.sonar.java.checks.BooleanMethodReturnCheckTest
[INFO] Running org.sonar.java.checks.AssertionInThreadRunCheckTest
[INFO] Tests run: 1, Failures: 0, Errors: 0, Skipped: 0, Time elapsed: 0.042 s - in org.sonar.java.checks.AssertionInThreadRunCheckTest
[INFO] Running org.sonar.java.checks.RedundantModifierCheckTest
[INFO] Tests run: 1, Failures: 0, Errors: 0, Skipped: 0, Time elapsed: 0.032 s - in org.sonar.java.checks.RedundantModifierCheckTest
[INFO] Running org.sonar.java.checks.InputStreamOverrideReadCheckTest
[INFO] Tests run: 1, Failures: 0, Errors: 0, Skipped: 0, Time elapsed: 0.076 s - in org.sonar.java.checks.InputStreamOverrideReadCheckTest
[INFO] Running org.sonar.java.checks.DefaultPackageCheckTest
[INFO] Tests run: 4, Failures: 0, Errors: 0, Skipped: 0, Time elapsed: 0.085 s - in org.sonar.java.checks.DefaultPackageCheckTest
[INFO] Running org.sonar.java.checks.MissingCurlyBracesCheckTest
[INFO] Tests run: 1, Failures: 0, Errors: 0, Skipped: 0, Time elapsed: 0.037 s - in org.sonar.java.checks.MissingCurlyBracesCheckTest
[INFO] Running org.sonar.java.checks.ReadObjectSynchronizedCheckTest
[INFO] Tests run: 1, Failures: 0, Errors: 0, Skipped: 0, Time elapsed: 0.03 s - in org.sonar.java.checks.ReadObjectSynchronizedCheckTest
[INFO] Running org.sonar.java.checks.ChangeMethodContractCheckTest
[INFO] Tests run: 2, Failures: 0, Errors: 0, Skipped: 0, Time elapsed: 0.074 s - in org.sonar.java.checks.ChangeMethodContractCheckTest
[INFO] Running org.sonar.java.checks.ClassWithOnlyStaticMethodsInstantiationCheckTest
[INFO] Tests run: 1, Failures: 0, Errors: 0, Skipped: 0, Time elapsed: 0.038 s - in org.sonar.java.checks.ClassWithOnlyStaticMethodsInstantiationCheckTest
[INFO] Running org.sonar.java.checks.AssertionsCompletenessCheckTest
[INFO] Tests run: 1, Failures: 0, Errors: 0, Skipped: 0, Time elapsed: 0.149 s - in org.sonar.java.checks.AssertionsCompletenessCheckTest
[INFO] Running org.sonar.java.checks.AssertsOnParametersOfPublicMethodCheckTest
[INFO] Tests run: 1, Failures: 0, Errors: 0, Skipped: 0, Time elapsed: 0.089 s - in org.sonar.java.checks.AssertsOnParametersOfPublicMethodCheckTest
[INFO] Running org.sonar.java.checks.LambdaTypeParameterCheckTest
[INFO] Tests run: 1, Failures: 0, Errors: 0, Skipped: 0, Time elapsed: 0.06 s - in org.sonar.java.checks.LambdaTypeParameterCheckTest
[INFO] Running org.sonar.java.checks.DuplicateConditionIfElseIfCheckTest
[INFO] Tests run: 1, Failures: 0, Errors: 0, Skipped: 0, Time elapsed: 0.025 s - in org.sonar.java.checks.DuplicateConditionIfElseIfCheckTest
[INFO] Running org.sonar.java.checks.DiamondOperatorCheckTest
[INFO] Tests run: 3, Failures: 0, Errors: 0, Skipped: 0, Time elapsed: 0.204 s - in org.sonar.java.checks.DiamondOperatorCheckTest
[INFO] Running org.sonar.java.checks.SelfAssignementCheckTest
[INFO] Tests run: 1, Failures: 0, Errors: 0, Skipped: 0, Time elapsed: 0.045 s - in org.sonar.java.checks.SelfAssignementCheckTest
[INFO] Running org.sonar.java.checks.AssertionArgumentOrderCheckTest
[INFO] Tests run: 1, Failures: 0, Errors: 0, Skipped: 0, Time elapsed: 0.083 s - in org.sonar.java.checks.AssertionArgumentOrderCheckTest
[INFO] Running org.sonar.java.checks.spring.SpringAntMatcherOrderCheckTest
[INFO] Tests run: 6, Failures: 0, Errors: 0, Skipped: 0, Time elapsed: 0.129 s - in org.sonar.java.checks.spring.SpringAntMatcherOrderCheckTest
[INFO] Running org.sonar.java.checks.SpecializedFunctionalInterfacesCheckTest
[INFO] Tests run: 1, Failures: 0, Errors: 0, Skipped: 0, Time elapsed: 0.285 s - in org.sonar.java.checks.SpecializedFunctionalInterfacesCheckTest
[INFO] Running org.sonar.java.checks.MissingNewLineAtEndOfFileCheckTest
[INFO] Tests run: 3, Failures: 0, Errors: 0, Skipped: 0, Time elapsed: 0.11 s - in org.sonar.java.checks.MissingNewLineAtEndOfFileCheckTest
[INFO] Running org.sonar.java.checks.MainInServletCheckTest
[INFO] Tests run: 1, Failures: 0, Errors: 0, Skipped: 0, Time elapsed: 0.051 s - in org.sonar.java.checks.MainInServletCheckTest
[INFO] Running org.sonar.java.checks.OverwrittenKeyCheckTest
[INFO] Tests run: 2, Failures: 0, Errors: 0, Skipped: 0, Time elapsed: 0.119 s - in org.sonar.java.checks.OverwrittenKeyCheckTest
[INFO] Running org.sonar.java.checks.security.HostnameVerifierImplementationCheckTest
[INFO] Tests run: 1, Failures: 0, Errors: 0, Skipped: 0, Time elapsed: 0.093 s - in org.sonar.java.checks.security.HostnameVerifierImplementationCheckTest
[INFO] Running org.sonar.java.checks.TryWithResourcesCheckTest
[INFO] Tests run: 2, Failures: 0, Errors: 0, Skipped: 0, Time elapsed: 0.099 s - in org.sonar.java.checks.TryWithResourcesCheckTest
[INFO] Running org.sonar.java.checks.InterfaceAsConstantContainerCheckTest
[INFO] Tests run: 1, Failures: 0, Errors: 0, Skipped: 0, Time elapsed: 0.041 s - in org.sonar.java.checks.InterfaceAsConstantContainerCheckTest
[INFO] Running org.sonar.java.checks.RightCurlyBraceStartLineCheckTest
[INFO] Tests run: 1, Failures: 0, Errors: 0, Skipped: 0, Time elapsed: 0.038 s - in org.sonar.java.checks.RightCurlyBraceStartLineCheckTest
[INFO] Running org.sonar.java.checks.URLHashCodeAndEqualsCheckTest
[INFO] Tests run: 1, Failures: 0, Errors: 0, Skipped: 0, Time elapsed: 0.029 s - in org.sonar.java.checks.URLHashCodeAndEqualsCheckTest
[INFO] Running org.sonar.java.checks.AssertionsInTestsCheckTest
[INFO] Tests run: 14, Failures: 0, Errors: 0, Skipped: 0, Time elapsed: 0.604 s - in org.sonar.java.checks.AssertionsInTestsCheckTest
[INFO] Running org.sonar.java.checks.StringMethodsOnSingleCharCheckTest
[INFO] Tests run: 1, Failures: 0, Errors: 0, Skipped: 0, Time elapsed: 0.038 s - in org.sonar.java.checks.StringMethodsOnSingleCharCheckTest
[INFO] Running org.sonar.java.checks.CollectionCallingItselfCheckTest
[INFO] Tests run: 1, Failures: 0, Errors: 0, Skipped: 0, Time elapsed: 0.029 s - in org.sonar.java.checks.CollectionCallingItselfCheckTest
[INFO] Running org.sonar.java.checks.DisallowedMethodCheckTest
[INFO] Tests run: 5, Failures: 0, Errors: 0, Skipped: 0, Time elapsed: 0.118 s - in org.sonar.java.checks.DisallowedMethodCheckTest
[INFO] Running org.sonar.java.checks.serialization.SerializableComparatorCheckTest
[INFO] Tests run: 1, Failures: 0, Errors: 0, Skipped: 0, Time elapsed: 0.028 s - in org.sonar.java.checks.serialization.SerializableComparatorCheckTest
[INFO] Running org.sonar.java.checks.FileHeaderCheckTest
[INFO] Tests run: 3, Failures: 0, Errors: 0, Skipped: 0, Time elapsed: 0.27 s - in org.sonar.java.checks.FileHeaderCheckTest
[INFO] Running org.sonar.java.checks.UndocumentedApiCheckTest
[INFO] Tests run: 7, Failures: 0, Errors: 0, Skipped: 0, Time elapsed: 0.317 s - in org.sonar.java.checks.UndocumentedApiCheckTest
[INFO] Running org.sonar.java.checks.IndentationCheckTest
[INFO] Tests run: 3, Failures: 0, Errors: 0, Skipped: 0, Time elapsed: 0.186 s - in org.sonar.java.checks.IndentationCheckTest
[INFO] Running org.sonar.java.checks.ForLoopCounterChangedCheckTest
[INFO] Tests run: 1, Failures: 0, Errors: 0, Skipped: 0, Time elapsed: 0.032 s - in org.sonar.java.checks.ForLoopCounterChangedCheckTest
[INFO] Running org.sonar.java.checks.MethodWithExcessiveReturnsCheckTest
[INFO] Tests run: 2, Failures: 0, Errors: 0, Skipped: 0, Time elapsed: 0.063 s - in org.sonar.java.checks.MethodWithExcessiveReturnsCheckTest
[INFO] Running org.sonar.java.checks.PrintStackTraceCalledWithoutArgumentCheckTest
[INFO] Tests run: 1, Failures: 0, Errors: 0, Skipped: 0, Time elapsed: 0.03 s - in org.sonar.java.checks.PrintStackTraceCalledWithoutArgumentCheckTest
[INFO] Running org.sonar.java.checks.IdenticalCasesInSwitchCheckTest
[INFO] Tests run: 1, Failures: 0, Errors: 0, Skipped: 0, Time elapsed: 0.049 s - in org.sonar.java.checks.IdenticalCasesInSwitchCheckTest
[INFO] Running org.sonar.java.checks.KeySetInsteadOfEntrySetCheckTest
[INFO] Tests run: 1, Failures: 0, Errors: 0, Skipped: 0, Time elapsed: 0.048 s - in org.sonar.java.checks.KeySetInsteadOfEntrySetCheckTest
[INFO] Running org.sonar.java.checks.security.IntegerToHexStringCheckTest
[INFO] Tests run: 2, Failures: 0, Errors: 0, Skipped: 0, Time elapsed: 0.073 s - in org.sonar.java.checks.security.IntegerToHexStringCheckTest
[INFO] Running org.sonar.java.checks.NotifyCheckTest
[INFO] Tests run: 1, Failures: 0, Errors: 0, Skipped: 0, Time elapsed: 0.028 s - in org.sonar.java.checks.NotifyCheckTest
[INFO] Running org.sonar.java.checks.security.CookieShouldNotContainSensitiveDataCheckTest
[INFO] Tests run: 1, Failures: 0, Errors: 0, Skipped: 0, Time elapsed: 0.078 s - in org.sonar.java.checks.security.CookieShouldNotContainSensitiveDataCheckTest
[INFO] Running org.sonar.java.checks.RightCurlyBraceSameLineAsNextBlockCheckTest
[INFO] Tests run: 1, Failures: 0, Errors: 0, Skipped: 0, Time elapsed: 0.029 s - in org.sonar.java.checks.RightCurlyBraceSameLineAsNextBlockCheckTest
[INFO] Running org.sonar.java.checks.EmptyBlockCheckTest
[INFO] Tests run: 1, Failures: 0, Errors: 0, Skipped: 0, Time elapsed: 0.034 s - in org.sonar.java.checks.EmptyBlockCheckTest
[INFO] Running org.sonar.java.checks.StaticFieldUpdateInConstructorCheckTest
[INFO] Tests run: 2, Failures: 0, Errors: 0, Skipped: 0, Time elapsed: 0.043 s - in org.sonar.java.checks.StaticFieldUpdateInConstructorCheckTest
[INFO] Running org.sonar.java.checks.ShiftOnIntOrLongCheckTest
[INFO] Tests run: 1, Failures: 0, Errors: 0, Skipped: 0, Time elapsed: 0.043 s - in org.sonar.java.checks.ShiftOnIntOrLongCheckTest
[INFO] Running org.sonar.java.checks.InnerStaticClassesCheckTest
[INFO] Tests run: 1, Failures: 0, Errors: 0, Skipped: 0, Time elapsed: 0.038 s - in org.sonar.java.checks.InnerStaticClassesCheckTest
[INFO] Running org.sonar.java.checks.ThreadSleepCheckTest
[INFO] Tests run: 1, Failures: 0, Errors: 0, Skipped: 0, Time elapsed: 0.025 s - in org.sonar.java.checks.ThreadSleepCheckTest
[INFO] Running org.sonar.java.checks.serialization.SerialVersionUidCheckTest
[INFO] Tests run: 1, Failures: 0, Errors: 0, Skipped: 0, Time elapsed: 0.032 s - in org.sonar.java.checks.serialization.SerialVersionUidCheckTest
[INFO] Running org.sonar.java.checks.CatchExceptionCheckTest
[INFO] Tests run: 1, Failures: 0, Errors: 0, Skipped: 0, Time elapsed: 0.053 s - in org.sonar.java.checks.CatchExceptionCheckTest
[INFO] Running org.sonar.java.checks.EmptyStatementUsageCheckTest
[INFO] Tests run: 1, Failures: 0, Errors: 0, Skipped: 0, Time elapsed: 0.029 s - in org.sonar.java.checks.EmptyStatementUsageCheckTest
[INFO] Running org.sonar.java.checks.LabelsShouldNotBeUsedCheckTest
[INFO] Tests run: 1, Failures: 0, Errors: 0, Skipped: 0, Time elapsed: 0.028 s - in org.sonar.java.checks.LabelsShouldNotBeUsedCheckTest
[INFO] Running org.sonar.java.checks.naming.BooleanMethodNameCheckTest
[INFO] Tests run: 2, Failures: 0, Errors: 0, Skipped: 0, Time elapsed: 0.037 s - in org.sonar.java.checks.naming.BooleanMethodNameCheckTest
[INFO] Running org.sonar.java.checks.IncrementDecrementInSubExpressionCheckTest
[INFO] Tests run: 1, Failures: 0, Errors: 0, Skipped: 0, Time elapsed: 0.027 s - in org.sonar.java.checks.IncrementDecrementInSubExpressionCheckTest
[INFO] Running org.sonar.java.checks.IndexOfWithPositiveNumberCheckTest
[INFO] Tests run: 1, Failures: 0, Errors: 0, Skipped: 0, Time elapsed: 0.031 s - in org.sonar.java.checks.IndexOfWithPositiveNumberCheckTest
[INFO] Running org.sonar.java.checks.NestedEnumStaticCheckTest
[INFO] Tests run: 1, Failures: 0, Errors: 0, Skipped: 0, Time elapsed: 0.025 s - in org.sonar.java.checks.NestedEnumStaticCheckTest
[INFO] Running org.sonar.java.checks.serialization.PrivateReadResolveCheckTest
[INFO] Tests run: 2, Failures: 0, Errors: 0, Skipped: 0, Time elapsed: 0.043 s - in org.sonar.java.checks.serialization.PrivateReadResolveCheckTest
[INFO] Running org.sonar.java.checks.TrailingCommentCheckTest
[INFO] Tests run: 2, Failures: 0, Errors: 0, Skipped: 0, Time elapsed: 0.087 s - in org.sonar.java.checks.TrailingCommentCheckTest
[INFO] Running org.sonar.java.checks.spring.SpringRequestMappingMethodCheckTest
[INFO] Tests run: 1, Failures: 0, Errors: 0, Skipped: 0, Time elapsed: 0.054 s - in org.sonar.java.checks.spring.SpringRequestMappingMethodCheckTest
[INFO] Running org.sonar.java.checks.AssertionsWithoutMessageCheckTest
[INFO] Tests run: 1, Failures: 0, Errors: 0, Skipped: 0, Time elapsed: 0.048 s - in org.sonar.java.checks.AssertionsWithoutMessageCheckTest
[INFO] Running org.sonar.java.checks.RightCurlyBraceDifferentLineAsNextBlockCheckTest
[INFO] Tests run: 1, Failures: 0, Errors: 0, Skipped: 0, Time elapsed: 0.025 s - in org.sonar.java.checks.RightCurlyBraceDifferentLineAsNextBlockCheckTest
[INFO] Running org.sonar.java.checks.StringBufferAndBuilderWithCharCheckTest
[INFO] Tests run: 1, Failures: 0, Errors: 0, Skipped: 0, Time elapsed: 0.026 s - in org.sonar.java.checks.StringBufferAndBuilderWithCharCheckTest
[INFO] Running org.sonar.java.checks.CollectionSizeAndArrayLengthCheckTest
[INFO] Tests run: 2, Failures: 0, Errors: 0, Skipped: 0, Time elapsed: 0.049 s - in org.sonar.java.checks.CollectionSizeAndArrayLengthCheckTest
[INFO] Running org.sonar.java.checks.xml.maven.PomElementOrderCheckTest
[INFO] Tests run: 3, Failures: 0, Errors: 0, Skipped: 0, Time elapsed: 0.211 s - in org.sonar.java.checks.xml.maven.PomElementOrderCheckTest
[INFO] Running org.sonar.java.checks.ArrayDesignatorOnVariableCheckTest
[INFO] Tests run: 1, Failures: 0, Errors: 0, Skipped: 0, Time elapsed: 0.029 s - in org.sonar.java.checks.ArrayDesignatorOnVariableCheckTest
[INFO] Running org.sonar.java.checks.LongBitsToDoubleOnIntCheckTest
[INFO] Tests run: 1, Failures: 0, Errors: 0, Skipped: 0, Time elapsed: 0.029 s - in org.sonar.java.checks.LongBitsToDoubleOnIntCheckTest
[INFO] Running org.sonar.java.checks.ImplementsEnumerationCheckTest
[INFO] Tests run: 1, Failures: 0, Errors: 0, Skipped: 0, Time elapsed: 0.028 s - in org.sonar.java.checks.ImplementsEnumerationCheckTest
[INFO] Running org.sonar.java.checks.ReplaceGuavaWithJava8CheckTest
[INFO] Tests run: 1, Failures: 0, Errors: 0, Skipped: 0, Time elapsed: 0.128 s - in org.sonar.java.checks.ReplaceGuavaWithJava8CheckTest
[INFO] Running org.sonar.java.checks.RawExceptionCheckTest
[INFO] Tests run: 1, Failures: 0, Errors: 0, Skipped: 0, Time elapsed: 0.054 s - in org.sonar.java.checks.RawExceptionCheckTest
[INFO] Running org.sonar.java.checks.TransactionalMethodVisibilityCheckTest
[INFO] Tests run: 1, Failures: 0, Errors: 0, Skipped: 0, Time elapsed: 0.028 s - in org.sonar.java.checks.TransactionalMethodVisibilityCheckTest
[INFO] Running org.sonar.java.checks.UtilityClassWithPublicConstructorCheckTest
[INFO] Tests run: 1, Failures: 0, Errors: 0, Skipped: 0, Time elapsed: 0.072 s - in org.sonar.java.checks.UtilityClassWithPublicConstructorCheckTest
[INFO] Running org.sonar.java.checks.ReuseRandomCheckTest
[INFO] Tests run: 1, Failures: 0, Errors: 0, Skipped: 0, Time elapsed: 0.07 s - in org.sonar.java.checks.ReuseRandomCheckTest
[INFO] Running org.sonar.java.checks.DeprecatedHashAlgorithmCheckTest
[INFO] Tests run: 1, Failures: 0, Errors: 0, Skipped: 0, Time elapsed: 0.166 s - in org.sonar.java.checks.DeprecatedHashAlgorithmCheckTest
[INFO] Running org.sonar.java.checks.serialization.SerializableObjectInSessionCheckTest
[INFO] Tests run: 1, Failures: 0, Errors: 0, Skipped: 0, Time elapsed: 0.057 s - in org.sonar.java.checks.serialization.SerializableObjectInSessionCheckTest
[INFO] Running org.sonar.java.checks.ReplaceLambdaByMethodRefCheckTest
[INFO] Tests run: 3, Failures: 0, Errors: 0, Skipped: 0, Time elapsed: 0.329 s - in org.sonar.java.checks.ReplaceLambdaByMethodRefCheckTest
[INFO] Running org.sonar.java.checks.NestedIfStatementsCheckTest
[INFO] Tests run: 2, Failures: 0, Errors: 0, Skipped: 0, Time elapsed: 0.072 s - in org.sonar.java.checks.NestedIfStatementsCheckTest
[INFO] Running org.sonar.java.checks.CustomCryptographicAlgorithmCheckTest
[INFO] Tests run: 1, Failures: 0, Errors: 0, Skipped: 0, Time elapsed: 0.03 s - in org.sonar.java.checks.CustomCryptographicAlgorithmCheckTest
[INFO] Running org.sonar.java.checks.NoCheckstyleTagPresenceCheckTest
[INFO] Tests run: 1, Failures: 0, Errors: 0, Skipped: 0, Time elapsed: 0.022 s - in org.sonar.java.checks.NoCheckstyleTagPresenceCheckTest
[INFO] Running org.sonar.java.checks.LeastSpecificTypeCheckTest
[INFO] Tests run: 2, Failures: 0, Errors: 0, Skipped: 0, Time elapsed: 0.13 s - in org.sonar.java.checks.LeastSpecificTypeCheckTest
[INFO] Running org.sonar.java.checks.TabCharacterCheckTest
[INFO] Tests run: 2, Failures: 0, Errors: 0, Skipped: 0, Time elapsed: 0.039 s - in org.sonar.java.checks.TabCharacterCheckTest
[INFO] Running org.sonar.java.checks.ArrayHashCodeAndToStringCheckTest
[INFO] Tests run: 1, Failures: 0, Errors: 0, Skipped: 0, Time elapsed: 0.03 s - in org.sonar.java.checks.ArrayHashCodeAndToStringCheckTest
[INFO] Running org.sonar.java.checks.AccessibilityChangeCheckTest
[INFO] Tests run: 1, Failures: 0, Errors: 0, Skipped: 0, Time elapsed: 0.033 s - in org.sonar.java.checks.AccessibilityChangeCheckTest
[INFO] Running org.sonar.java.checks.ClassComplexityCheckTest
[INFO] Tests run: 2, Failures: 0, Errors: 0, Skipped: 0, Time elapsed: 0.056 s - in org.sonar.java.checks.ClassComplexityCheckTest
[INFO] Running org.sonar.java.checks.xml.maven.DisallowedDependenciesCheckTest
[INFO] Tests run: 5, Failures: 0, Errors: 0, Skipped: 0, Time elapsed: 0.404 s - in org.sonar.java.checks.xml.maven.DisallowedDependenciesCheckTest
[INFO] Running org.sonar.java.checks.synchronization.DoubleCheckedLockingCheckTest
[INFO] Tests run: 1, Failures: 0, Errors: 0, Skipped: 0, Time elapsed: 0.103 s - in org.sonar.java.checks.synchronization.DoubleCheckedLockingCheckTest
[INFO] Running org.sonar.java.checks.AssertionFailInCatchBlockCheckTest
[INFO] Tests run: 1, Failures: 0, Errors: 0, Skipped: 0, Time elapsed: 0.036 s - in org.sonar.java.checks.AssertionFailInCatchBlockCheckTest
[INFO] Running org.sonar.java.checks.CatchOfThrowableOrErrorCheckTest
[INFO] Tests run: 1, Failures: 0, Errors: 0, Skipped: 0, Time elapsed: 0.041 s - in org.sonar.java.checks.CatchOfThrowableOrErrorCheckTest
[INFO] Running org.sonar.java.checks.DuplicateArgumentCheckTest
[INFO] Tests run: 1, Failures: 0, Errors: 0, Skipped: 0, Time elapsed: 0.03 s - in org.sonar.java.checks.DuplicateArgumentCheckTest
[INFO] Running org.sonar.java.checks.SelectorMethodArgumentCheckTest
[INFO] Tests run: 1, Failures: 0, Errors: 0, Skipped: 0, Time elapsed: 0.03 s - in org.sonar.java.checks.SelectorMethodArgumentCheckTest
[INFO] Running org.sonar.java.checks.ThreadAsRunnableArgumentCheckTest
[INFO] Tests run: 1, Failures: 0, Errors: 0, Skipped: 0, Time elapsed: 0.048 s - in org.sonar.java.checks.ThreadAsRunnableArgumentCheckTest
[INFO] Running org.sonar.java.checks.MultilineBlocksCurlyBracesCheckTest
[INFO] Tests run: 1, Failures: 0, Errors: 0, Skipped: 0, Time elapsed: 0.035 s - in org.sonar.java.checks.MultilineBlocksCurlyBracesCheckTest
[INFO] Running org.sonar.java.checks.EqualsOverridenWithHashCodeCheckTest
[INFO] Tests run: 1, Failures: 0, Errors: 0, Skipped: 0, Time elapsed: 0.028 s - in org.sonar.java.checks.EqualsOverridenWithHashCodeCheckTest
[INFO] Running org.sonar.java.checks.GetClassLoaderCheckTest
[INFO] Tests run: 1, Failures: 0, Errors: 0, Skipped: 0, Time elapsed: 0.023 s - in org.sonar.java.checks.GetClassLoaderCheckTest
[INFO] Running org.sonar.java.checks.InterfaceOrSuperclassShadowingCheckTest
[INFO] Tests run: 1, Failures: 0, Errors: 0, Skipped: 0, Time elapsed: 0.036 s - in org.sonar.java.checks.InterfaceOrSuperclassShadowingCheckTest
[INFO] Running org.sonar.java.checks.MethodComplexityCheckTest
[INFO] Tests run: 3, Failures: 0, Errors: 0, Skipped: 0, Time elapsed: 0.067 s - in org.sonar.java.checks.MethodComplexityCheckTest
[INFO] Running org.sonar.java.checks.security.EmptyDatabasePasswordCheckTest
[INFO] Tests run: 1, Failures: 0, Errors: 0, Skipped: 0, Time elapsed: 0.035 s - in org.sonar.java.checks.security.EmptyDatabasePasswordCheckTest
[INFO] Running org.sonar.java.checks.VariableDeclarationScopeCheckTest
[INFO] Tests run: 1, Failures: 0, Errors: 0, Skipped: 0, Time elapsed: 0.048 s - in org.sonar.java.checks.VariableDeclarationScopeCheckTest
[INFO] Running org.sonar.java.checks.InterruptedExceptionCheckTest
[INFO] Tests run: 1, Failures: 0, Errors: 0, Skipped: 0, Time elapsed: 0.063 s - in org.sonar.java.checks.InterruptedExceptionCheckTest
[INFO] Running org.sonar.java.checks.WrongAssignmentOperatorCheckTest
[INFO] Tests run: 1, Failures: 0, Errors: 0, Skipped: 0, Time elapsed: 0.032 s - in org.sonar.java.checks.WrongAssignmentOperatorCheckTest
[INFO] Running org.sonar.java.checks.CompareObjectWithEqualsCheckTest
[INFO] Tests run: 2, Failures: 0, Errors: 0, Skipped: 0, Time elapsed: 0.093 s - in org.sonar.java.checks.CompareObjectWithEqualsCheckTest
[INFO] Running org.sonar.java.checks.RedundantJumpCheckTest
[INFO] Tests run: 1, Failures: 0, Errors: 0, Skipped: 0, Time elapsed: 0.035 s - in org.sonar.java.checks.RedundantJumpCheckTest
[INFO] Running org.sonar.java.checks.CastArithmeticOperandCheckTest
[INFO] Tests run: 2, Failures: 0, Errors: 0, Skipped: 0, Time elapsed: 0.042 s - in org.sonar.java.checks.CastArithmeticOperandCheckTest
[INFO] Running org.sonar.java.checks.OperatorPrecedenceCheckTest
[INFO] Tests run: 1, Failures: 0, Errors: 0, Skipped: 0, Time elapsed: 0.041 s - in org.sonar.java.checks.OperatorPrecedenceCheckTest
[INFO] Running org.sonar.java.checks.InnerClassOfSerializableCheckTest
[INFO] Tests run: 1, Failures: 0, Errors: 0, Skipped: 0, Time elapsed: 0.026 s - in org.sonar.java.checks.InnerClassOfSerializableCheckTest
[INFO] Running org.sonar.java.checks.UnnecessarySemicolonCheckTest
[INFO] Tests run: 1, Failures: 0, Errors: 0, Skipped: 0, Time elapsed: 0.03 s - in org.sonar.java.checks.UnnecessarySemicolonCheckTest
[INFO] Running org.sonar.java.checks.IncorrectOrderOfMembersCheckTest
[INFO] Tests run: 1, Failures: 0, Errors: 0, Skipped: 0, Time elapsed: 0.027 s - in org.sonar.java.checks.IncorrectOrderOfMembersCheckTest
[INFO] Running org.sonar.java.checks.xml.struts.FormNameDuplicationCheckTest
[INFO] Tests run: 1, Failures: 0, Errors: 0, Skipped: 0, Time elapsed: 0.008 s - in org.sonar.java.checks.xml.struts.FormNameDuplicationCheckTest
[INFO] Running org.sonar.java.checks.spring.SpringComponentWithNonAutowiredMembersCheckTest
[INFO] Tests run: 2, Failures: 0, Errors: 0, Skipped: 0, Time elapsed: 0.086 s - in org.sonar.java.checks.spring.SpringComponentWithNonAutowiredMembersCheckTest
[INFO] Running org.sonar.java.checks.security.StandardInputReadCheckTest
[INFO] Tests run: 2, Failures: 0, Errors: 0, Skipped: 0, Time elapsed: 0.062 s - in org.sonar.java.checks.security.StandardInputReadCheckTest
[INFO] Running org.sonar.java.checks.spring.SpringEndpointsCheckTest
[INFO] Tests run: 2, Failures: 0, Errors: 0, Skipped: 0, Time elapsed: 0.08 s - in org.sonar.java.checks.spring.SpringEndpointsCheckTest
[INFO] Running org.sonar.java.checks.FileCreateTempFileCheckTest
[INFO] Tests run: 2, Failures: 0, Errors: 0, Skipped: 0, Time elapsed: 0.12 s - in org.sonar.java.checks.FileCreateTempFileCheckTest
[INFO] Running org.sonar.java.checks.naming.MethodNameSameAsClassCheckTest
[INFO] Tests run: 1, Failures: 0, Errors: 0, Skipped: 0, Time elapsed: 0.021 s - in org.sonar.java.checks.naming.MethodNameSameAsClassCheckTest
[INFO] Running org.sonar.java.checks.StringToStringCheckTest
[INFO] Tests run: 1, Failures: 0, Errors: 0, Skipped: 0, Time elapsed: 0.031 s - in org.sonar.java.checks.StringToStringCheckTest
[INFO] Running org.sonar.java.checks.NestedTryCatchCheckTest
[INFO] Tests run: 1, Failures: 0, Errors: 0, Skipped: 0, Time elapsed: 0.037 s - in org.sonar.java.checks.NestedTryCatchCheckTest
[INFO] Running org.sonar.java.checks.ObjectFinalizeOverridenCallsSuperFinalizeCheckTest
[INFO] Tests run: 1, Failures: 0, Errors: 0, Skipped: 0, Time elapsed: 0.11 s - in org.sonar.java.checks.ObjectFinalizeOverridenCallsSuperFinalizeCheckTest
[INFO] Running org.sonar.java.checks.naming.ClassNamedLikeExceptionCheckTest
[INFO] Tests run: 1, Failures: 0, Errors: 0, Skipped: 0, Time elapsed: 0.056 s - in org.sonar.java.checks.naming.ClassNamedLikeExceptionCheckTest
[INFO] Running org.sonar.java.checks.synchronization.TwoLocksWaitCheckTest
[INFO] Tests run: 1, Failures: 0, Errors: 0, Skipped: 0, Time elapsed: 0.079 s - in org.sonar.java.checks.synchronization.TwoLocksWaitCheckTest
[INFO] Running org.sonar.java.checks.MathOnFloatCheckTest
[INFO] Tests run: 1, Failures: 0, Errors: 0, Skipped: 0, Time elapsed: 0.048 s - in org.sonar.java.checks.MathOnFloatCheckTest
[INFO] Running org.sonar.java.checks.CallSuperInTestCaseCheckTest
[INFO] Tests run: 1, Failures: 0, Errors: 0, Skipped: 0, Time elapsed: 0.039 s - in org.sonar.java.checks.CallSuperInTestCaseCheckTest
[INFO] Running org.sonar.java.checks.synchronization.SynchronizationOnGetClassCheckTest
[INFO] Tests run: 1, Failures: 0, Errors: 0, Skipped: 0, Time elapsed: 0.071 s - in org.sonar.java.checks.synchronization.SynchronizationOnGetClassCheckTest
[INFO] Running org.sonar.java.checks.ObjectCreatedOnlyToCallGetClassCheckTest
[INFO] Tests run: 1, Failures: 0, Errors: 0, Skipped: 0, Time elapsed: 0.052 s - in org.sonar.java.checks.ObjectCreatedOnlyToCallGetClassCheckTest
[INFO] Running org.sonar.java.checks.security.SecureCookieCheckTest
[INFO] Tests run: 1, Failures: 0, Errors: 0, Skipped: 0, Time elapsed: 0.176 s - in org.sonar.java.checks.security.SecureCookieCheckTest
[INFO] Running org.sonar.java.checks.AtLeastOneConstructorCheckTest
[INFO] Tests run: 1, Failures: 0, Errors: 0, Skipped: 0, Time elapsed: 0.07 s - in org.sonar.java.checks.AtLeastOneConstructorCheckTest
[INFO] Running org.sonar.java.checks.unused.UnusedLocalVariableCheckTest
[INFO] Tests run: 1, Failures: 0, Errors: 0, Skipped: 0, Time elapsed: 0.076 s - in org.sonar.java.checks.unused.UnusedLocalVariableCheckTest
[INFO] Running org.sonar.java.checks.security.TrustManagerCertificateCheckTest
[INFO] Tests run: 2, Failures: 0, Errors: 0, Skipped: 0, Time elapsed: 0.107 s - in org.sonar.java.checks.security.TrustManagerCertificateCheckTest
[INFO] Running org.sonar.java.checks.Struts2EndpointCheckTest
[INFO] Tests run: 1, Failures: 0, Errors: 0, Skipped: 0, Time elapsed: 0.078 s - in org.sonar.java.checks.Struts2EndpointCheckTest
[INFO] Running org.sonar.java.checks.MutableMembersUsageCheckTest
[INFO] Tests run: 1, Failures: 0, Errors: 0, Skipped: 0, Time elapsed: 0.104 s - in org.sonar.java.checks.MutableMembersUsageCheckTest
[INFO] Running org.sonar.java.checks.WeakSSLContextCheckTest
[INFO] Tests run: 1, Failures: 0, Errors: 0, Skipped: 0, Time elapsed: 0.068 s - in org.sonar.java.checks.WeakSSLContextCheckTest
[INFO] Running org.sonar.java.checks.PrimitiveWrappersInTernaryOperatorCheckTest
[INFO] Tests run: 1, Failures: 0, Errors: 0, Skipped: 0, Time elapsed: 0.045 s - in org.sonar.java.checks.PrimitiveWrappersInTernaryOperatorCheckTest
[INFO] Running org.sonar.java.checks.ConstantMathCheckTest
[INFO] Tests run: 1, Failures: 0, Errors: 0, Skipped: 0, Time elapsed: 0.066 s - in org.sonar.java.checks.ConstantMathCheckTest
[INFO] Running org.sonar.java.checks.CatchRethrowingCheckTest
[INFO] Tests run: 1, Failures: 0, Errors: 0, Skipped: 0, Time elapsed: 0.036 s - in org.sonar.java.checks.CatchRethrowingCheckTest
[INFO] Running org.sonar.java.checks.ModifiersOrderCheckTest
[INFO] Tests run: 1, Failures: 0, Errors: 0, Skipped: 0, Time elapsed: 0.044 s - in org.sonar.java.checks.ModifiersOrderCheckTest
[INFO] Running org.sonar.java.checks.serialization.SerializableContractTest
[INFO] Tests run: 1, Failures: 0, Errors: 0, Skipped: 0, Time elapsed: 0 s - in org.sonar.java.checks.serialization.SerializableContractTest
[INFO] Running org.sonar.java.checks.security.CookieHttpOnlyCheckTest
[INFO] Tests run: 1, Failures: 0, Errors: 0, Skipped: 0, Time elapsed: 0.177 s - in org.sonar.java.checks.security.CookieHttpOnlyCheckTest
[INFO] Running org.sonar.java.checks.PrintfMisuseCheckTest
[INFO] Tests run: 1, Failures: 0, Errors: 0, Skipped: 0, Time elapsed: 0.154 s - in org.sonar.java.checks.PrintfMisuseCheckTest
[INFO] Running org.sonar.java.checks.SimpleClassNameCheckTest
[INFO] Tests run: 3, Failures: 0, Errors: 0, Skipped: 0, Time elapsed: 0.132 s - in org.sonar.java.checks.SimpleClassNameCheckTest
[INFO] Running org.sonar.java.checks.CommentedOutCodeLineCheckTest
[INFO] Tests run: 1, Failures: 0, Errors: 0, Skipped: 0, Time elapsed: 0.038 s - in org.sonar.java.checks.CommentedOutCodeLineCheckTest
[INFO] Running org.sonar.java.checks.StaticImportCountCheckTest
[INFO] Tests run: 5, Failures: 0, Errors: 0, Skipped: 0, Time elapsed: 0.118 s - in org.sonar.java.checks.StaticImportCountCheckTest
[INFO] Running org.sonar.java.checks.BooleanInversionCheckTest
[INFO] Tests run: 1, Failures: 0, Errors: 0, Skipped: 0, Time elapsed: 0.042 s - in org.sonar.java.checks.BooleanInversionCheckTest
[INFO] Running org.sonar.java.checks.InnerClassOfNonSerializableCheckTest
[INFO] Tests run: 1, Failures: 0, Errors: 0, Skipped: 0, Time elapsed: 0.027 s - in org.sonar.java.checks.InnerClassOfNonSerializableCheckTest
[INFO] Running org.sonar.java.checks.SubClassStaticReferenceCheckTest
[INFO] Tests run: 2, Failures: 0, Errors: 0, Skipped: 0, Time elapsed: 0.052 s - in org.sonar.java.checks.SubClassStaticReferenceCheckTest
[INFO] Running org.sonar.java.checks.EqualsOnAtomicClassCheckTest
[INFO] Tests run: 1, Failures: 0, Errors: 0, Skipped: 0, Time elapsed: 0.03 s - in org.sonar.java.checks.EqualsOnAtomicClassCheckTest
[INFO] Running org.sonar.java.checks.CatchNPECheckTest
[INFO] Tests run: 1, Failures: 0, Errors: 0, Skipped: 0, Time elapsed: 0.03 s - in org.sonar.java.checks.CatchNPECheckTest
[INFO] Running org.sonar.java.checks.SynchronizedLockCheckTest
[INFO] Tests run: 1, Failures: 0, Errors: 0, Skipped: 0, Time elapsed: 0.029 s - in org.sonar.java.checks.SynchronizedLockCheckTest
[INFO] Running org.sonar.java.checks.StaticMultithreadedUnsafeFieldsCheckTest
[INFO] Tests run: 1, Failures: 0, Errors: 0, Skipped: 0, Time elapsed: 0.036 s - in org.sonar.java.checks.StaticMultithreadedUnsafeFieldsCheckTest
[INFO] Running org.sonar.java.checks.RawByteBitwiseOperationsCheckTest
[INFO] Tests run: 1, Failures: 0, Errors: 0, Skipped: 0, Time elapsed: 0.031 s - in org.sonar.java.checks.RawByteBitwiseOperationsCheckTest
[INFO] 
[INFO] Results:
[INFO] 
[ERROR] Errors: 
[ERROR]   RegexPatternsNeedlesslyCheckTest.test:28 » Analysis SonarQube is unable to ana...
[INFO] 
[ERROR] Tests run: 831, Failures: 0, Errors: 1, Skipped: 0
[INFO] 
[INFO] ------------------------------------------------------------------------
[INFO] Reactor Summary:
[INFO] 
[INFO] SonarJava .......................................... SUCCESS [  2.142 s]
[INFO] SonarQube Java :: Maven model generator ............ SUCCESS [  4.913 s]
[INFO] SonarQube Java :: Front-end ........................ SUCCESS [01:18 min]
[INFO] SonarQube Java :: Check Test tool kit .............. SUCCESS [  8.629 s]
[INFO] SonarQube Java :: Checks ........................... FAILURE [ 49.602 s]
[INFO] SonarQube Java :: External Reports Sensor .......... SKIPPED
[INFO] SonarQube Java :: Surefire ......................... SKIPPED
[INFO] SonarQube Java :: JaCoCo ........................... SKIPPED
[INFO] SonarQube Java :: Plugin ........................... SKIPPED
[INFO] SonarQube Java :: JaCoCo Listeners ................. SKIPPED
[INFO] SonarQube Java :: ITs .............................. SKIPPED
[INFO] SonarQube Java :: ITs :: Performancing ............. SKIPPED
[INFO] SonarQube Java :: ITs :: Plugin .................... SKIPPED
[INFO] SonarQube Java :: ITs :: Plugin :: Plugins ......... SKIPPED
[INFO] SonarQube Java :: ITS :: Plugin :: Java Extension Plugin SKIPPED
[INFO] SonarQube Java :: ITs :: Plugin :: Tests ........... SKIPPED
[INFO] SonarQube Java :: ITs :: Ruling .................... SKIPPED
[INFO] SonarQube Java :: ITs :: Semantic .................. SKIPPED
[INFO] SonarQube Java :: ITS :: Semantic :: Java Debugging Plugin SKIPPED
[INFO] SonarQube Java :: ITs :: Semantic :: Tests ......... SKIPPED
[INFO] ------------------------------------------------------------------------
[INFO] BUILD FAILURE
[INFO] ------------------------------------------------------------------------
[INFO] Total time: 02:25 min
[INFO] Finished at: 2018-11-27T10:52:00+01:00
[INFO] Final Memory: 32M/778M
[INFO] ------------------------------------------------------------------------
[ERROR] Failed to execute goal org.apache.maven.plugins:maven-surefire-plugin:2.22.0:test (default-test) on project java-checks: There are test failures.
[ERROR] 
[ERROR] Please refer to /root/workspace/SonarSource/sonar-java/459794884/java-checks/target/surefire-reports for the individual test results.
[ERROR] Please refer to dump files (if any exist) [date]-jvmRun[N].dump, [date].dumpstream and [date]-jvmRun[N].dumpstream.
[ERROR] -> [Help 1]
[ERROR] 
[ERROR] To see the full stack trace of the errors, re-run Maven with the -e switch.
[ERROR] Re-run Maven using the -X switch to enable full debug logging.
[ERROR] 
[ERROR] For more information about the errors and possible solutions, please read the following articles:
[ERROR] [Help 1] http://cwiki.apache.org/confluence/display/MAVEN/MojoFailureException
[ERROR] 
[ERROR] After correcting the problems, you can resume the build with the command
[ERROR]   mvn <goals> -rf :java-checks
